[2025-09-07T16:06:53.892+0000] {taskinstance.py:1125} INFO - Dependencies all met for dep_context=non-requeueable deps ti=<TaskInstance: penguins_train.train_penguins_models scheduled__2025-09-07T16:01:52.601916+00:00 [queued]>
[2025-09-07T16:06:53.897+0000] {taskinstance.py:1125} INFO - Dependencies all met for dep_context=requeueable deps ti=<TaskInstance: penguins_train.train_penguins_models scheduled__2025-09-07T16:01:52.601916+00:00 [queued]>
[2025-09-07T16:06:53.897+0000] {taskinstance.py:1331} INFO - Starting attempt 1 of 1
[2025-09-07T16:06:53.905+0000] {taskinstance.py:1350} INFO - Executing <Task(PythonOperator): train_penguins_models> on 2025-09-07 16:01:52.601916+00:00
[2025-09-07T16:06:53.910+0000] {standard_task_runner.py:57} INFO - Started process 101 to run task
[2025-09-07T16:06:53.911+0000] {standard_task_runner.py:84} INFO - Running: ['***', 'tasks', 'run', 'penguins_train', 'train_penguins_models', 'scheduled__2025-09-07T16:01:52.601916+00:00', '--job-id', '347', '--raw', '--subdir', 'DAGS_FOLDER/penguins_train.py', '--cfg-path', '/tmp/tmpvalw5i_a']
[2025-09-07T16:06:53.912+0000] {standard_task_runner.py:85} INFO - Job 347: Subtask train_penguins_models
[2025-09-07T16:06:53.967+0000] {task_command.py:410} INFO - Running <TaskInstance: penguins_train.train_penguins_models scheduled__2025-09-07T16:01:52.601916+00:00 [running]> on host 04a964e11504
[2025-09-07T16:06:54.005+0000] {taskinstance.py:1570} INFO - Exporting env vars: AIRFLOW_CTX_DAG_OWNER='***' AIRFLOW_CTX_DAG_ID='penguins_train' AIRFLOW_CTX_TASK_ID='train_penguins_models' AIRFLOW_CTX_EXECUTION_DATE='2025-09-07T16:01:52.601916+00:00' AIRFLOW_CTX_TRY_NUMBER='1' AIRFLOW_CTX_DAG_RUN_ID='scheduled__2025-09-07T16:01:52.601916+00:00'
[2025-09-07T16:06:54.756+0000] {logging_mixin.py:149} INFO - 
Entrenando modelo: logistic_regression
[2025-09-07T16:06:54.758+0000] {warnings.py:110} WARNING - /home/***/.local/lib/python3.7/site-packages/sklearn/utils/validation.py:1692: FutureWarning: Feature names only support names that are all strings. Got feature names with dtypes: ['quoted_name', 'str']. An error will be raised in 1.2.
  FutureWarning,

[2025-09-07T16:06:54.775+0000] {warnings.py:110} WARNING - /home/***/.local/lib/python3.7/site-packages/sklearn/utils/validation.py:1692: FutureWarning: Feature names only support names that are all strings. Got feature names with dtypes: ['quoted_name', 'str']. An error will be raised in 1.2.
  FutureWarning,

[2025-09-07T16:06:54.776+0000] {warnings.py:110} WARNING - /home/***/.local/lib/python3.7/site-packages/sklearn/utils/validation.py:1692: FutureWarning: Feature names only support names that are all strings. Got feature names with dtypes: ['quoted_name', 'str']. An error will be raised in 1.2.
  FutureWarning,

[2025-09-07T16:06:54.836+0000] {warnings.py:110} WARNING - /home/***/.local/lib/python3.7/site-packages/sklearn/linear_model/_logistic.py:818: ConvergenceWarning: lbfgs failed to converge (status=1):
STOP: TOTAL NO. of ITERATIONS REACHED LIMIT.

Increase the number of iterations (max_iter) or scale the data as shown in:
    https://scikit-learn.org/stable/modules/preprocessing.html
Please also refer to the documentation for alternative solver options:
    https://scikit-learn.org/stable/modules/linear_model.html#logistic-regression
  extra_warning_msg=_LOGISTIC_SOLVER_CONVERGENCE_MSG,

[2025-09-07T16:06:54.836+0000] {warnings.py:110} WARNING - /home/***/.local/lib/python3.7/site-packages/sklearn/utils/validation.py:1692: FutureWarning: Feature names only support names that are all strings. Got feature names with dtypes: ['quoted_name', 'str']. An error will be raised in 1.2.
  FutureWarning,

[2025-09-07T16:06:54.837+0000] {warnings.py:110} WARNING - /home/***/.local/lib/python3.7/site-packages/sklearn/utils/validation.py:1692: FutureWarning: Feature names only support names that are all strings. Got feature names with dtypes: ['quoted_name', 'str']. An error will be raised in 1.2.
  FutureWarning,

[2025-09-07T16:06:54.852+0000] {warnings.py:110} WARNING - /home/***/.local/lib/python3.7/site-packages/sklearn/utils/validation.py:1692: FutureWarning: Feature names only support names that are all strings. Got feature names with dtypes: ['quoted_name', 'str']. An error will be raised in 1.2.
  FutureWarning,

[2025-09-07T16:06:54.853+0000] {warnings.py:110} WARNING - /home/***/.local/lib/python3.7/site-packages/sklearn/utils/validation.py:1692: FutureWarning: Feature names only support names that are all strings. Got feature names with dtypes: ['quoted_name', 'str']. An error will be raised in 1.2.
  FutureWarning,

[2025-09-07T16:06:54.877+0000] {warnings.py:110} WARNING - /home/***/.local/lib/python3.7/site-packages/sklearn/utils/validation.py:1692: FutureWarning: Feature names only support names that are all strings. Got feature names with dtypes: ['quoted_name', 'str']. An error will be raised in 1.2.
  FutureWarning,

[2025-09-07T16:06:54.879+0000] {warnings.py:110} WARNING - /home/***/.local/lib/python3.7/site-packages/sklearn/utils/validation.py:1692: FutureWarning: Feature names only support names that are all strings. Got feature names with dtypes: ['quoted_name', 'str']. An error will be raised in 1.2.
  FutureWarning,

[2025-09-07T16:06:54.937+0000] {warnings.py:110} WARNING - /home/***/.local/lib/python3.7/site-packages/sklearn/linear_model/_logistic.py:818: ConvergenceWarning: lbfgs failed to converge (status=1):
STOP: TOTAL NO. of ITERATIONS REACHED LIMIT.

Increase the number of iterations (max_iter) or scale the data as shown in:
    https://scikit-learn.org/stable/modules/preprocessing.html
Please also refer to the documentation for alternative solver options:
    https://scikit-learn.org/stable/modules/linear_model.html#logistic-regression
  extra_warning_msg=_LOGISTIC_SOLVER_CONVERGENCE_MSG,

[2025-09-07T16:06:54.937+0000] {warnings.py:110} WARNING - /home/***/.local/lib/python3.7/site-packages/sklearn/utils/validation.py:1692: FutureWarning: Feature names only support names that are all strings. Got feature names with dtypes: ['quoted_name', 'str']. An error will be raised in 1.2.
  FutureWarning,

[2025-09-07T16:06:54.938+0000] {warnings.py:110} WARNING - /home/***/.local/lib/python3.7/site-packages/sklearn/utils/validation.py:1692: FutureWarning: Feature names only support names that are all strings. Got feature names with dtypes: ['quoted_name', 'str']. An error will be raised in 1.2.
  FutureWarning,

[2025-09-07T16:06:54.993+0000] {warnings.py:110} WARNING - /home/***/.local/lib/python3.7/site-packages/sklearn/utils/validation.py:1692: FutureWarning: Feature names only support names that are all strings. Got feature names with dtypes: ['quoted_name', 'str']. An error will be raised in 1.2.
  FutureWarning,

[2025-09-07T16:06:54.994+0000] {warnings.py:110} WARNING - /home/***/.local/lib/python3.7/site-packages/sklearn/utils/validation.py:1692: FutureWarning: Feature names only support names that are all strings. Got feature names with dtypes: ['quoted_name', 'str']. An error will be raised in 1.2.
  FutureWarning,

[2025-09-07T16:06:55.017+0000] {warnings.py:110} WARNING - /home/***/.local/lib/python3.7/site-packages/sklearn/utils/validation.py:1692: FutureWarning: Feature names only support names that are all strings. Got feature names with dtypes: ['quoted_name', 'str']. An error will be raised in 1.2.
  FutureWarning,

[2025-09-07T16:06:55.019+0000] {warnings.py:110} WARNING - /home/***/.local/lib/python3.7/site-packages/sklearn/utils/validation.py:1692: FutureWarning: Feature names only support names that are all strings. Got feature names with dtypes: ['quoted_name', 'str']. An error will be raised in 1.2.
  FutureWarning,

[2025-09-07T16:06:55.036+0000] {warnings.py:110} WARNING - /home/***/.local/lib/python3.7/site-packages/sklearn/utils/validation.py:1692: FutureWarning: Feature names only support names that are all strings. Got feature names with dtypes: ['quoted_name', 'str']. An error will be raised in 1.2.
  FutureWarning,

[2025-09-07T16:06:55.037+0000] {warnings.py:110} WARNING - /home/***/.local/lib/python3.7/site-packages/sklearn/utils/validation.py:1692: FutureWarning: Feature names only support names that are all strings. Got feature names with dtypes: ['quoted_name', 'str']. An error will be raised in 1.2.
  FutureWarning,

[2025-09-07T16:06:55.069+0000] {warnings.py:110} WARNING - /home/***/.local/lib/python3.7/site-packages/sklearn/utils/validation.py:1692: FutureWarning: Feature names only support names that are all strings. Got feature names with dtypes: ['quoted_name', 'str']. An error will be raised in 1.2.
  FutureWarning,

[2025-09-07T16:06:55.070+0000] {warnings.py:110} WARNING - /home/***/.local/lib/python3.7/site-packages/sklearn/utils/validation.py:1692: FutureWarning: Feature names only support names that are all strings. Got feature names with dtypes: ['quoted_name', 'str']. An error will be raised in 1.2.
  FutureWarning,

[2025-09-07T16:06:55.088+0000] {logging_mixin.py:149} INFO - Mejor modelo para logistic_regression: {'C': 0.1}
[2025-09-07T16:06:55.088+0000] {warnings.py:110} WARNING - /home/***/.local/lib/python3.7/site-packages/sklearn/utils/validation.py:1692: FutureWarning: Feature names only support names that are all strings. Got feature names with dtypes: ['quoted_name', 'str']. An error will be raised in 1.2.
  FutureWarning,

[2025-09-07T16:06:55.093+0000] {logging_mixin.py:149} INFO -               precision    recall  f1-score   support

           0       1.00      0.97      0.98        31
           1       0.93      1.00      0.96        13
           2       1.00      1.00      1.00        23

    accuracy                           0.99        67
   macro avg       0.98      0.99      0.98        67
weighted avg       0.99      0.99      0.99        67
[2025-09-07T16:06:55.093+0000] {logging_mixin.py:149} INFO - Guardado en: /shared/models/logistic_regression.pkl
[2025-09-07T16:06:55.093+0000] {logging_mixin.py:149} INFO - 
Entrenando modelo: random_forest
[2025-09-07T16:06:55.094+0000] {warnings.py:110} WARNING - /home/***/.local/lib/python3.7/site-packages/sklearn/utils/validation.py:1692: FutureWarning: Feature names only support names that are all strings. Got feature names with dtypes: ['quoted_name', 'str']. An error will be raised in 1.2.
  FutureWarning,

[2025-09-07T16:06:55.112+0000] {warnings.py:110} WARNING - /home/***/.local/lib/python3.7/site-packages/sklearn/utils/validation.py:1692: FutureWarning: Feature names only support names that are all strings. Got feature names with dtypes: ['quoted_name', 'str']. An error will be raised in 1.2.
  FutureWarning,

[2025-09-07T16:06:55.114+0000] {warnings.py:110} WARNING - /home/***/.local/lib/python3.7/site-packages/sklearn/utils/validation.py:1692: FutureWarning: Feature names only support names that are all strings. Got feature names with dtypes: ['quoted_name', 'str']. An error will be raised in 1.2.
  FutureWarning,

[2025-09-07T16:06:55.132+0000] {warnings.py:110} WARNING - /home/***/.local/lib/python3.7/site-packages/sklearn/utils/validation.py:1692: FutureWarning: Feature names only support names that are all strings. Got feature names with dtypes: ['quoted_name', 'str']. An error will be raised in 1.2.
  FutureWarning,

[2025-09-07T16:06:55.134+0000] {warnings.py:110} WARNING - /home/***/.local/lib/python3.7/site-packages/sklearn/utils/validation.py:1692: FutureWarning: Feature names only support names that are all strings. Got feature names with dtypes: ['quoted_name', 'str']. An error will be raised in 1.2.
  FutureWarning,

[2025-09-07T16:06:55.150+0000] {warnings.py:110} WARNING - /home/***/.local/lib/python3.7/site-packages/sklearn/utils/validation.py:1692: FutureWarning: Feature names only support names that are all strings. Got feature names with dtypes: ['quoted_name', 'str']. An error will be raised in 1.2.
  FutureWarning,

[2025-09-07T16:06:55.152+0000] {warnings.py:110} WARNING - /home/***/.local/lib/python3.7/site-packages/sklearn/utils/validation.py:1692: FutureWarning: Feature names only support names that are all strings. Got feature names with dtypes: ['quoted_name', 'str']. An error will be raised in 1.2.
  FutureWarning,

[2025-09-07T16:06:55.186+0000] {warnings.py:110} WARNING - /home/***/.local/lib/python3.7/site-packages/sklearn/utils/validation.py:1692: FutureWarning: Feature names only support names that are all strings. Got feature names with dtypes: ['quoted_name', 'str']. An error will be raised in 1.2.
  FutureWarning,

[2025-09-07T16:06:55.189+0000] {warnings.py:110} WARNING - /home/***/.local/lib/python3.7/site-packages/sklearn/utils/validation.py:1692: FutureWarning: Feature names only support names that are all strings. Got feature names with dtypes: ['quoted_name', 'str']. An error will be raised in 1.2.
  FutureWarning,

[2025-09-07T16:06:55.223+0000] {warnings.py:110} WARNING - /home/***/.local/lib/python3.7/site-packages/sklearn/utils/validation.py:1692: FutureWarning: Feature names only support names that are all strings. Got feature names with dtypes: ['quoted_name', 'str']. An error will be raised in 1.2.
  FutureWarning,

[2025-09-07T16:06:55.226+0000] {warnings.py:110} WARNING - /home/***/.local/lib/python3.7/site-packages/sklearn/utils/validation.py:1692: FutureWarning: Feature names only support names that are all strings. Got feature names with dtypes: ['quoted_name', 'str']. An error will be raised in 1.2.
  FutureWarning,

[2025-09-07T16:06:55.260+0000] {warnings.py:110} WARNING - /home/***/.local/lib/python3.7/site-packages/sklearn/utils/validation.py:1692: FutureWarning: Feature names only support names that are all strings. Got feature names with dtypes: ['quoted_name', 'str']. An error will be raised in 1.2.
  FutureWarning,

[2025-09-07T16:06:55.263+0000] {warnings.py:110} WARNING - /home/***/.local/lib/python3.7/site-packages/sklearn/utils/validation.py:1692: FutureWarning: Feature names only support names that are all strings. Got feature names with dtypes: ['quoted_name', 'str']. An error will be raised in 1.2.
  FutureWarning,

[2025-09-07T16:06:55.281+0000] {logging_mixin.py:149} INFO - Mejor modelo para random_forest: {'n_estimators': 50}
[2025-09-07T16:06:55.282+0000] {warnings.py:110} WARNING - /home/***/.local/lib/python3.7/site-packages/sklearn/utils/validation.py:1692: FutureWarning: Feature names only support names that are all strings. Got feature names with dtypes: ['quoted_name', 'str']. An error will be raised in 1.2.
  FutureWarning,

[2025-09-07T16:06:55.284+0000] {logging_mixin.py:149} INFO -               precision    recall  f1-score   support

           0       1.00      1.00      1.00        31
           1       1.00      1.00      1.00        13
           2       1.00      1.00      1.00        23

    accuracy                           1.00        67
   macro avg       1.00      1.00      1.00        67
weighted avg       1.00      1.00      1.00        67
[2025-09-07T16:06:55.285+0000] {logging_mixin.py:149} INFO - Guardado en: /shared/models/random_forest.pkl
[2025-09-07T16:06:55.285+0000] {logging_mixin.py:149} INFO - 
Entrenando modelo: svc
[2025-09-07T16:06:55.286+0000] {warnings.py:110} WARNING - /home/***/.local/lib/python3.7/site-packages/sklearn/utils/validation.py:1692: FutureWarning: Feature names only support names that are all strings. Got feature names with dtypes: ['quoted_name', 'str']. An error will be raised in 1.2.
  FutureWarning,

[2025-09-07T16:06:55.395+0000] {warnings.py:110} WARNING - /home/***/.local/lib/python3.7/site-packages/sklearn/utils/validation.py:1692: FutureWarning: Feature names only support names that are all strings. Got feature names with dtypes: ['quoted_name', 'str']. An error will be raised in 1.2.
  FutureWarning,

[2025-09-07T16:06:55.396+0000] {warnings.py:110} WARNING - /home/***/.local/lib/python3.7/site-packages/sklearn/utils/validation.py:1692: FutureWarning: Feature names only support names that are all strings. Got feature names with dtypes: ['quoted_name', 'str']. An error will be raised in 1.2.
  FutureWarning,

[2025-09-07T16:06:55.457+0000] {warnings.py:110} WARNING - /home/***/.local/lib/python3.7/site-packages/sklearn/utils/validation.py:1692: FutureWarning: Feature names only support names that are all strings. Got feature names with dtypes: ['quoted_name', 'str']. An error will be raised in 1.2.
  FutureWarning,

[2025-09-07T16:06:55.458+0000] {warnings.py:110} WARNING - /home/***/.local/lib/python3.7/site-packages/sklearn/utils/validation.py:1692: FutureWarning: Feature names only support names that are all strings. Got feature names with dtypes: ['quoted_name', 'str']. An error will be raised in 1.2.
  FutureWarning,

[2025-09-07T16:06:55.701+0000] {warnings.py:110} WARNING - /home/***/.local/lib/python3.7/site-packages/sklearn/utils/validation.py:1692: FutureWarning: Feature names only support names that are all strings. Got feature names with dtypes: ['quoted_name', 'str']. An error will be raised in 1.2.
  FutureWarning,

[2025-09-07T16:06:55.702+0000] {warnings.py:110} WARNING - /home/***/.local/lib/python3.7/site-packages/sklearn/utils/validation.py:1692: FutureWarning: Feature names only support names that are all strings. Got feature names with dtypes: ['quoted_name', 'str']. An error will be raised in 1.2.
  FutureWarning,

[2025-09-07T16:06:55.705+0000] {warnings.py:110} WARNING - /home/***/.local/lib/python3.7/site-packages/sklearn/utils/validation.py:1692: FutureWarning: Feature names only support names that are all strings. Got feature names with dtypes: ['quoted_name', 'str']. An error will be raised in 1.2.
  FutureWarning,

[2025-09-07T16:06:55.706+0000] {warnings.py:110} WARNING - /home/***/.local/lib/python3.7/site-packages/sklearn/utils/validation.py:1692: FutureWarning: Feature names only support names that are all strings. Got feature names with dtypes: ['quoted_name', 'str']. An error will be raised in 1.2.
  FutureWarning,

[2025-09-07T16:06:55.708+0000] {warnings.py:110} WARNING - /home/***/.local/lib/python3.7/site-packages/sklearn/utils/validation.py:1692: FutureWarning: Feature names only support names that are all strings. Got feature names with dtypes: ['quoted_name', 'str']. An error will be raised in 1.2.
  FutureWarning,

[2025-09-07T16:06:55.709+0000] {warnings.py:110} WARNING - /home/***/.local/lib/python3.7/site-packages/sklearn/utils/validation.py:1692: FutureWarning: Feature names only support names that are all strings. Got feature names with dtypes: ['quoted_name', 'str']. An error will be raised in 1.2.
  FutureWarning,

[2025-09-07T16:06:55.712+0000] {warnings.py:110} WARNING - /home/***/.local/lib/python3.7/site-packages/sklearn/utils/validation.py:1692: FutureWarning: Feature names only support names that are all strings. Got feature names with dtypes: ['quoted_name', 'str']. An error will be raised in 1.2.
  FutureWarning,

[2025-09-07T16:06:55.713+0000] {warnings.py:110} WARNING - /home/***/.local/lib/python3.7/site-packages/sklearn/utils/validation.py:1692: FutureWarning: Feature names only support names that are all strings. Got feature names with dtypes: ['quoted_name', 'str']. An error will be raised in 1.2.
  FutureWarning,

[2025-09-07T16:06:55.841+0000] {warnings.py:110} WARNING - /home/***/.local/lib/python3.7/site-packages/sklearn/utils/validation.py:1692: FutureWarning: Feature names only support names that are all strings. Got feature names with dtypes: ['quoted_name', 'str']. An error will be raised in 1.2.
  FutureWarning,

[2025-09-07T16:06:55.842+0000] {warnings.py:110} WARNING - /home/***/.local/lib/python3.7/site-packages/sklearn/utils/validation.py:1692: FutureWarning: Feature names only support names that are all strings. Got feature names with dtypes: ['quoted_name', 'str']. An error will be raised in 1.2.
  FutureWarning,

[2025-09-07T16:06:56.034+0000] {warnings.py:110} WARNING - /home/***/.local/lib/python3.7/site-packages/sklearn/utils/validation.py:1692: FutureWarning: Feature names only support names that are all strings. Got feature names with dtypes: ['quoted_name', 'str']. An error will be raised in 1.2.
  FutureWarning,

[2025-09-07T16:06:56.036+0000] {warnings.py:110} WARNING - /home/***/.local/lib/python3.7/site-packages/sklearn/utils/validation.py:1692: FutureWarning: Feature names only support names that are all strings. Got feature names with dtypes: ['quoted_name', 'str']. An error will be raised in 1.2.
  FutureWarning,

[2025-09-07T16:06:56.163+0000] {warnings.py:110} WARNING - /home/***/.local/lib/python3.7/site-packages/sklearn/utils/validation.py:1692: FutureWarning: Feature names only support names that are all strings. Got feature names with dtypes: ['quoted_name', 'str']. An error will be raised in 1.2.
  FutureWarning,

[2025-09-07T16:06:56.164+0000] {warnings.py:110} WARNING - /home/***/.local/lib/python3.7/site-packages/sklearn/utils/validation.py:1692: FutureWarning: Feature names only support names that are all strings. Got feature names with dtypes: ['quoted_name', 'str']. An error will be raised in 1.2.
  FutureWarning,

[2025-09-07T16:06:56.166+0000] {warnings.py:110} WARNING - /home/***/.local/lib/python3.7/site-packages/sklearn/utils/validation.py:1692: FutureWarning: Feature names only support names that are all strings. Got feature names with dtypes: ['quoted_name', 'str']. An error will be raised in 1.2.
  FutureWarning,

[2025-09-07T16:06:56.167+0000] {warnings.py:110} WARNING - /home/***/.local/lib/python3.7/site-packages/sklearn/utils/validation.py:1692: FutureWarning: Feature names only support names that are all strings. Got feature names with dtypes: ['quoted_name', 'str']. An error will be raised in 1.2.
  FutureWarning,

[2025-09-07T16:06:56.169+0000] {warnings.py:110} WARNING - /home/***/.local/lib/python3.7/site-packages/sklearn/utils/validation.py:1692: FutureWarning: Feature names only support names that are all strings. Got feature names with dtypes: ['quoted_name', 'str']. An error will be raised in 1.2.
  FutureWarning,

[2025-09-07T16:06:56.170+0000] {warnings.py:110} WARNING - /home/***/.local/lib/python3.7/site-packages/sklearn/utils/validation.py:1692: FutureWarning: Feature names only support names that are all strings. Got feature names with dtypes: ['quoted_name', 'str']. An error will be raised in 1.2.
  FutureWarning,

[2025-09-07T16:06:56.172+0000] {warnings.py:110} WARNING - /home/***/.local/lib/python3.7/site-packages/sklearn/utils/validation.py:1692: FutureWarning: Feature names only support names that are all strings. Got feature names with dtypes: ['quoted_name', 'str']. An error will be raised in 1.2.
  FutureWarning,

[2025-09-07T16:06:56.173+0000] {warnings.py:110} WARNING - /home/***/.local/lib/python3.7/site-packages/sklearn/utils/validation.py:1692: FutureWarning: Feature names only support names that are all strings. Got feature names with dtypes: ['quoted_name', 'str']. An error will be raised in 1.2.
  FutureWarning,

[2025-09-07T16:06:56.279+0000] {logging_mixin.py:149} INFO - Mejor modelo para svc: {'C': 0.1, 'kernel': 'linear'}
[2025-09-07T16:06:56.279+0000] {warnings.py:110} WARNING - /home/***/.local/lib/python3.7/site-packages/sklearn/utils/validation.py:1692: FutureWarning: Feature names only support names that are all strings. Got feature names with dtypes: ['quoted_name', 'str']. An error will be raised in 1.2.
  FutureWarning,

[2025-09-07T16:06:56.281+0000] {logging_mixin.py:149} INFO -               precision    recall  f1-score   support

           0       1.00      1.00      1.00        31
           1       1.00      1.00      1.00        13
           2       1.00      1.00      1.00        23

    accuracy                           1.00        67
   macro avg       1.00      1.00      1.00        67
weighted avg       1.00      1.00      1.00        67
[2025-09-07T16:06:56.282+0000] {logging_mixin.py:149} INFO - Guardado en: /shared/models/svc.pkl
[2025-09-07T16:06:56.282+0000] {python.py:183} INFO - Done. Returned value was: None
[2025-09-07T16:06:56.287+0000] {taskinstance.py:1373} INFO - Marking task as SUCCESS. dag_id=penguins_train, task_id=train_penguins_models, execution_date=20250907T160152, start_date=20250907T160653, end_date=20250907T160656
[2025-09-07T16:06:56.309+0000] {local_task_job_runner.py:232} INFO - Task exited with return code 0
[2025-09-07T16:06:56.320+0000] {taskinstance.py:2674} INFO - 0 downstream tasks scheduled from follow-on schedule check
