[2025-09-07T15:06:00.524+0000] {taskinstance.py:1125} INFO - Dependencies all met for dep_context=non-requeueable deps ti=<TaskInstance: penguins_train.train_penguins_models scheduled__2025-09-07T15:00:59.807670+00:00 [queued]>
[2025-09-07T15:06:00.528+0000] {taskinstance.py:1125} INFO - Dependencies all met for dep_context=requeueable deps ti=<TaskInstance: penguins_train.train_penguins_models scheduled__2025-09-07T15:00:59.807670+00:00 [queued]>
[2025-09-07T15:06:00.528+0000] {taskinstance.py:1331} INFO - Starting attempt 1 of 1
[2025-09-07T15:06:00.533+0000] {taskinstance.py:1350} INFO - Executing <Task(PythonOperator): train_penguins_models> on 2025-09-07 15:00:59.807670+00:00
[2025-09-07T15:06:00.535+0000] {standard_task_runner.py:57} INFO - Started process 658 to run task
[2025-09-07T15:06:00.537+0000] {standard_task_runner.py:84} INFO - Running: ['***', 'tasks', 'run', 'penguins_train', 'train_penguins_models', 'scheduled__2025-09-07T15:00:59.807670+00:00', '--job-id', '188', '--raw', '--subdir', 'DAGS_FOLDER/penguins_train.py', '--cfg-path', '/tmp/tmpcaqnoop5']
[2025-09-07T15:06:00.537+0000] {standard_task_runner.py:85} INFO - Job 188: Subtask train_penguins_models
[2025-09-07T15:06:00.555+0000] {task_command.py:410} INFO - Running <TaskInstance: penguins_train.train_penguins_models scheduled__2025-09-07T15:00:59.807670+00:00 [running]> on host 091e99f6e792
[2025-09-07T15:06:00.585+0000] {taskinstance.py:1570} INFO - Exporting env vars: AIRFLOW_CTX_DAG_OWNER='***' AIRFLOW_CTX_DAG_ID='penguins_train' AIRFLOW_CTX_TASK_ID='train_penguins_models' AIRFLOW_CTX_EXECUTION_DATE='2025-09-07T15:00:59.807670+00:00' AIRFLOW_CTX_TRY_NUMBER='1' AIRFLOW_CTX_DAG_RUN_ID='scheduled__2025-09-07T15:00:59.807670+00:00'
[2025-09-07T15:06:00.858+0000] {logging_mixin.py:149} INFO - 
Entrenando modelo: logistic_regression
[2025-09-07T15:06:00.859+0000] {warnings.py:110} WARNING - /home/***/.local/lib/python3.7/site-packages/sklearn/utils/validation.py:1692: FutureWarning: Feature names only support names that are all strings. Got feature names with dtypes: ['quoted_name', 'str']. An error will be raised in 1.2.
  FutureWarning,

[2025-09-07T15:06:00.872+0000] {warnings.py:110} WARNING - /home/***/.local/lib/python3.7/site-packages/sklearn/utils/validation.py:1692: FutureWarning: Feature names only support names that are all strings. Got feature names with dtypes: ['quoted_name', 'str']. An error will be raised in 1.2.
  FutureWarning,

[2025-09-07T15:06:00.873+0000] {warnings.py:110} WARNING - /home/***/.local/lib/python3.7/site-packages/sklearn/utils/validation.py:1692: FutureWarning: Feature names only support names that are all strings. Got feature names with dtypes: ['quoted_name', 'str']. An error will be raised in 1.2.
  FutureWarning,

[2025-09-07T15:06:00.926+0000] {warnings.py:110} WARNING - /home/***/.local/lib/python3.7/site-packages/sklearn/linear_model/_logistic.py:818: ConvergenceWarning: lbfgs failed to converge (status=1):
STOP: TOTAL NO. of ITERATIONS REACHED LIMIT.

Increase the number of iterations (max_iter) or scale the data as shown in:
    https://scikit-learn.org/stable/modules/preprocessing.html
Please also refer to the documentation for alternative solver options:
    https://scikit-learn.org/stable/modules/linear_model.html#logistic-regression
  extra_warning_msg=_LOGISTIC_SOLVER_CONVERGENCE_MSG,

[2025-09-07T15:06:00.926+0000] {warnings.py:110} WARNING - /home/***/.local/lib/python3.7/site-packages/sklearn/utils/validation.py:1692: FutureWarning: Feature names only support names that are all strings. Got feature names with dtypes: ['quoted_name', 'str']. An error will be raised in 1.2.
  FutureWarning,

[2025-09-07T15:06:00.927+0000] {warnings.py:110} WARNING - /home/***/.local/lib/python3.7/site-packages/sklearn/utils/validation.py:1692: FutureWarning: Feature names only support names that are all strings. Got feature names with dtypes: ['quoted_name', 'str']. An error will be raised in 1.2.
  FutureWarning,

[2025-09-07T15:06:00.940+0000] {warnings.py:110} WARNING - /home/***/.local/lib/python3.7/site-packages/sklearn/utils/validation.py:1692: FutureWarning: Feature names only support names that are all strings. Got feature names with dtypes: ['quoted_name', 'str']. An error will be raised in 1.2.
  FutureWarning,

[2025-09-07T15:06:00.941+0000] {warnings.py:110} WARNING - /home/***/.local/lib/python3.7/site-packages/sklearn/utils/validation.py:1692: FutureWarning: Feature names only support names that are all strings. Got feature names with dtypes: ['quoted_name', 'str']. An error will be raised in 1.2.
  FutureWarning,

[2025-09-07T15:06:00.964+0000] {warnings.py:110} WARNING - /home/***/.local/lib/python3.7/site-packages/sklearn/utils/validation.py:1692: FutureWarning: Feature names only support names that are all strings. Got feature names with dtypes: ['quoted_name', 'str']. An error will be raised in 1.2.
  FutureWarning,

[2025-09-07T15:06:00.964+0000] {warnings.py:110} WARNING - /home/***/.local/lib/python3.7/site-packages/sklearn/utils/validation.py:1692: FutureWarning: Feature names only support names that are all strings. Got feature names with dtypes: ['quoted_name', 'str']. An error will be raised in 1.2.
  FutureWarning,

[2025-09-07T15:06:01.016+0000] {warnings.py:110} WARNING - /home/***/.local/lib/python3.7/site-packages/sklearn/linear_model/_logistic.py:818: ConvergenceWarning: lbfgs failed to converge (status=1):
STOP: TOTAL NO. of ITERATIONS REACHED LIMIT.

Increase the number of iterations (max_iter) or scale the data as shown in:
    https://scikit-learn.org/stable/modules/preprocessing.html
Please also refer to the documentation for alternative solver options:
    https://scikit-learn.org/stable/modules/linear_model.html#logistic-regression
  extra_warning_msg=_LOGISTIC_SOLVER_CONVERGENCE_MSG,

[2025-09-07T15:06:01.016+0000] {warnings.py:110} WARNING - /home/***/.local/lib/python3.7/site-packages/sklearn/utils/validation.py:1692: FutureWarning: Feature names only support names that are all strings. Got feature names with dtypes: ['quoted_name', 'str']. An error will be raised in 1.2.
  FutureWarning,

[2025-09-07T15:06:01.017+0000] {warnings.py:110} WARNING - /home/***/.local/lib/python3.7/site-packages/sklearn/utils/validation.py:1692: FutureWarning: Feature names only support names that are all strings. Got feature names with dtypes: ['quoted_name', 'str']. An error will be raised in 1.2.
  FutureWarning,

[2025-09-07T15:06:01.065+0000] {warnings.py:110} WARNING - /home/***/.local/lib/python3.7/site-packages/sklearn/utils/validation.py:1692: FutureWarning: Feature names only support names that are all strings. Got feature names with dtypes: ['quoted_name', 'str']. An error will be raised in 1.2.
  FutureWarning,

[2025-09-07T15:06:01.066+0000] {warnings.py:110} WARNING - /home/***/.local/lib/python3.7/site-packages/sklearn/utils/validation.py:1692: FutureWarning: Feature names only support names that are all strings. Got feature names with dtypes: ['quoted_name', 'str']. An error will be raised in 1.2.
  FutureWarning,

[2025-09-07T15:06:01.086+0000] {warnings.py:110} WARNING - /home/***/.local/lib/python3.7/site-packages/sklearn/utils/validation.py:1692: FutureWarning: Feature names only support names that are all strings. Got feature names with dtypes: ['quoted_name', 'str']. An error will be raised in 1.2.
  FutureWarning,

[2025-09-07T15:06:01.087+0000] {warnings.py:110} WARNING - /home/***/.local/lib/python3.7/site-packages/sklearn/utils/validation.py:1692: FutureWarning: Feature names only support names that are all strings. Got feature names with dtypes: ['quoted_name', 'str']. An error will be raised in 1.2.
  FutureWarning,

[2025-09-07T15:06:01.105+0000] {warnings.py:110} WARNING - /home/***/.local/lib/python3.7/site-packages/sklearn/utils/validation.py:1692: FutureWarning: Feature names only support names that are all strings. Got feature names with dtypes: ['quoted_name', 'str']. An error will be raised in 1.2.
  FutureWarning,

[2025-09-07T15:06:01.106+0000] {warnings.py:110} WARNING - /home/***/.local/lib/python3.7/site-packages/sklearn/utils/validation.py:1692: FutureWarning: Feature names only support names that are all strings. Got feature names with dtypes: ['quoted_name', 'str']. An error will be raised in 1.2.
  FutureWarning,

[2025-09-07T15:06:01.146+0000] {warnings.py:110} WARNING - /home/***/.local/lib/python3.7/site-packages/sklearn/utils/validation.py:1692: FutureWarning: Feature names only support names that are all strings. Got feature names with dtypes: ['quoted_name', 'str']. An error will be raised in 1.2.
  FutureWarning,

[2025-09-07T15:06:01.148+0000] {warnings.py:110} WARNING - /home/***/.local/lib/python3.7/site-packages/sklearn/utils/validation.py:1692: FutureWarning: Feature names only support names that are all strings. Got feature names with dtypes: ['quoted_name', 'str']. An error will be raised in 1.2.
  FutureWarning,

[2025-09-07T15:06:01.170+0000] {logging_mixin.py:149} INFO - Mejor modelo para logistic_regression: {'C': 0.1}
[2025-09-07T15:06:01.171+0000] {warnings.py:110} WARNING - /home/***/.local/lib/python3.7/site-packages/sklearn/utils/validation.py:1692: FutureWarning: Feature names only support names that are all strings. Got feature names with dtypes: ['quoted_name', 'str']. An error will be raised in 1.2.
  FutureWarning,

[2025-09-07T15:06:01.172+0000] {logging_mixin.py:149} INFO -               precision    recall  f1-score   support

           0       1.00      0.97      0.98        31
           1       0.93      1.00      0.96        13
           2       1.00      1.00      1.00        23

    accuracy                           0.99        67
   macro avg       0.98      0.99      0.98        67
weighted avg       0.99      0.99      0.99        67
[2025-09-07T15:06:01.173+0000] {logging_mixin.py:149} INFO - Guardado en: /shared/models/logistic_regression.pkl
[2025-09-07T15:06:01.173+0000] {logging_mixin.py:149} INFO - 
Entrenando modelo: random_forest
[2025-09-07T15:06:01.175+0000] {warnings.py:110} WARNING - /home/***/.local/lib/python3.7/site-packages/sklearn/utils/validation.py:1692: FutureWarning: Feature names only support names that are all strings. Got feature names with dtypes: ['quoted_name', 'str']. An error will be raised in 1.2.
  FutureWarning,

[2025-09-07T15:06:01.192+0000] {warnings.py:110} WARNING - /home/***/.local/lib/python3.7/site-packages/sklearn/utils/validation.py:1692: FutureWarning: Feature names only support names that are all strings. Got feature names with dtypes: ['quoted_name', 'str']. An error will be raised in 1.2.
  FutureWarning,

[2025-09-07T15:06:01.194+0000] {warnings.py:110} WARNING - /home/***/.local/lib/python3.7/site-packages/sklearn/utils/validation.py:1692: FutureWarning: Feature names only support names that are all strings. Got feature names with dtypes: ['quoted_name', 'str']. An error will be raised in 1.2.
  FutureWarning,

[2025-09-07T15:06:01.211+0000] {warnings.py:110} WARNING - /home/***/.local/lib/python3.7/site-packages/sklearn/utils/validation.py:1692: FutureWarning: Feature names only support names that are all strings. Got feature names with dtypes: ['quoted_name', 'str']. An error will be raised in 1.2.
  FutureWarning,

[2025-09-07T15:06:01.213+0000] {warnings.py:110} WARNING - /home/***/.local/lib/python3.7/site-packages/sklearn/utils/validation.py:1692: FutureWarning: Feature names only support names that are all strings. Got feature names with dtypes: ['quoted_name', 'str']. An error will be raised in 1.2.
  FutureWarning,

[2025-09-07T15:06:01.231+0000] {warnings.py:110} WARNING - /home/***/.local/lib/python3.7/site-packages/sklearn/utils/validation.py:1692: FutureWarning: Feature names only support names that are all strings. Got feature names with dtypes: ['quoted_name', 'str']. An error will be raised in 1.2.
  FutureWarning,

[2025-09-07T15:06:01.232+0000] {warnings.py:110} WARNING - /home/***/.local/lib/python3.7/site-packages/sklearn/utils/validation.py:1692: FutureWarning: Feature names only support names that are all strings. Got feature names with dtypes: ['quoted_name', 'str']. An error will be raised in 1.2.
  FutureWarning,

[2025-09-07T15:06:01.262+0000] {warnings.py:110} WARNING - /home/***/.local/lib/python3.7/site-packages/sklearn/utils/validation.py:1692: FutureWarning: Feature names only support names that are all strings. Got feature names with dtypes: ['quoted_name', 'str']. An error will be raised in 1.2.
  FutureWarning,

[2025-09-07T15:06:01.264+0000] {warnings.py:110} WARNING - /home/***/.local/lib/python3.7/site-packages/sklearn/utils/validation.py:1692: FutureWarning: Feature names only support names that are all strings. Got feature names with dtypes: ['quoted_name', 'str']. An error will be raised in 1.2.
  FutureWarning,

[2025-09-07T15:06:01.294+0000] {warnings.py:110} WARNING - /home/***/.local/lib/python3.7/site-packages/sklearn/utils/validation.py:1692: FutureWarning: Feature names only support names that are all strings. Got feature names with dtypes: ['quoted_name', 'str']. An error will be raised in 1.2.
  FutureWarning,

[2025-09-07T15:06:01.296+0000] {warnings.py:110} WARNING - /home/***/.local/lib/python3.7/site-packages/sklearn/utils/validation.py:1692: FutureWarning: Feature names only support names that are all strings. Got feature names with dtypes: ['quoted_name', 'str']. An error will be raised in 1.2.
  FutureWarning,

[2025-09-07T15:06:01.325+0000] {warnings.py:110} WARNING - /home/***/.local/lib/python3.7/site-packages/sklearn/utils/validation.py:1692: FutureWarning: Feature names only support names that are all strings. Got feature names with dtypes: ['quoted_name', 'str']. An error will be raised in 1.2.
  FutureWarning,

[2025-09-07T15:06:01.328+0000] {warnings.py:110} WARNING - /home/***/.local/lib/python3.7/site-packages/sklearn/utils/validation.py:1692: FutureWarning: Feature names only support names that are all strings. Got feature names with dtypes: ['quoted_name', 'str']. An error will be raised in 1.2.
  FutureWarning,

[2025-09-07T15:06:01.343+0000] {logging_mixin.py:149} INFO - Mejor modelo para random_forest: {'n_estimators': 50}
[2025-09-07T15:06:01.343+0000] {warnings.py:110} WARNING - /home/***/.local/lib/python3.7/site-packages/sklearn/utils/validation.py:1692: FutureWarning: Feature names only support names that are all strings. Got feature names with dtypes: ['quoted_name', 'str']. An error will be raised in 1.2.
  FutureWarning,

[2025-09-07T15:06:01.345+0000] {logging_mixin.py:149} INFO -               precision    recall  f1-score   support

           0       1.00      1.00      1.00        31
           1       1.00      1.00      1.00        13
           2       1.00      1.00      1.00        23

    accuracy                           1.00        67
   macro avg       1.00      1.00      1.00        67
weighted avg       1.00      1.00      1.00        67
[2025-09-07T15:06:01.355+0000] {logging_mixin.py:149} INFO - Guardado en: /shared/models/random_forest.pkl
[2025-09-07T15:06:01.356+0000] {logging_mixin.py:149} INFO - 
Entrenando modelo: svc
[2025-09-07T15:06:01.356+0000] {warnings.py:110} WARNING - /home/***/.local/lib/python3.7/site-packages/sklearn/utils/validation.py:1692: FutureWarning: Feature names only support names that are all strings. Got feature names with dtypes: ['quoted_name', 'str']. An error will be raised in 1.2.
  FutureWarning,

[2025-09-07T15:06:01.517+0000] {warnings.py:110} WARNING - /home/***/.local/lib/python3.7/site-packages/sklearn/utils/validation.py:1692: FutureWarning: Feature names only support names that are all strings. Got feature names with dtypes: ['quoted_name', 'str']. An error will be raised in 1.2.
  FutureWarning,

[2025-09-07T15:06:01.518+0000] {warnings.py:110} WARNING - /home/***/.local/lib/python3.7/site-packages/sklearn/utils/validation.py:1692: FutureWarning: Feature names only support names that are all strings. Got feature names with dtypes: ['quoted_name', 'str']. An error will be raised in 1.2.
  FutureWarning,

[2025-09-07T15:06:01.565+0000] {warnings.py:110} WARNING - /home/***/.local/lib/python3.7/site-packages/sklearn/utils/validation.py:1692: FutureWarning: Feature names only support names that are all strings. Got feature names with dtypes: ['quoted_name', 'str']. An error will be raised in 1.2.
  FutureWarning,

[2025-09-07T15:06:01.567+0000] {warnings.py:110} WARNING - /home/***/.local/lib/python3.7/site-packages/sklearn/utils/validation.py:1692: FutureWarning: Feature names only support names that are all strings. Got feature names with dtypes: ['quoted_name', 'str']. An error will be raised in 1.2.
  FutureWarning,

[2025-09-07T15:06:01.799+0000] {warnings.py:110} WARNING - /home/***/.local/lib/python3.7/site-packages/sklearn/utils/validation.py:1692: FutureWarning: Feature names only support names that are all strings. Got feature names with dtypes: ['quoted_name', 'str']. An error will be raised in 1.2.
  FutureWarning,

[2025-09-07T15:06:01.800+0000] {warnings.py:110} WARNING - /home/***/.local/lib/python3.7/site-packages/sklearn/utils/validation.py:1692: FutureWarning: Feature names only support names that are all strings. Got feature names with dtypes: ['quoted_name', 'str']. An error will be raised in 1.2.
  FutureWarning,

[2025-09-07T15:06:01.803+0000] {warnings.py:110} WARNING - /home/***/.local/lib/python3.7/site-packages/sklearn/utils/validation.py:1692: FutureWarning: Feature names only support names that are all strings. Got feature names with dtypes: ['quoted_name', 'str']. An error will be raised in 1.2.
  FutureWarning,

[2025-09-07T15:06:01.804+0000] {warnings.py:110} WARNING - /home/***/.local/lib/python3.7/site-packages/sklearn/utils/validation.py:1692: FutureWarning: Feature names only support names that are all strings. Got feature names with dtypes: ['quoted_name', 'str']. An error will be raised in 1.2.
  FutureWarning,

[2025-09-07T15:06:01.806+0000] {warnings.py:110} WARNING - /home/***/.local/lib/python3.7/site-packages/sklearn/utils/validation.py:1692: FutureWarning: Feature names only support names that are all strings. Got feature names with dtypes: ['quoted_name', 'str']. An error will be raised in 1.2.
  FutureWarning,

[2025-09-07T15:06:01.807+0000] {warnings.py:110} WARNING - /home/***/.local/lib/python3.7/site-packages/sklearn/utils/validation.py:1692: FutureWarning: Feature names only support names that are all strings. Got feature names with dtypes: ['quoted_name', 'str']. An error will be raised in 1.2.
  FutureWarning,

[2025-09-07T15:06:01.809+0000] {warnings.py:110} WARNING - /home/***/.local/lib/python3.7/site-packages/sklearn/utils/validation.py:1692: FutureWarning: Feature names only support names that are all strings. Got feature names with dtypes: ['quoted_name', 'str']. An error will be raised in 1.2.
  FutureWarning,

[2025-09-07T15:06:01.810+0000] {warnings.py:110} WARNING - /home/***/.local/lib/python3.7/site-packages/sklearn/utils/validation.py:1692: FutureWarning: Feature names only support names that are all strings. Got feature names with dtypes: ['quoted_name', 'str']. An error will be raised in 1.2.
  FutureWarning,

[2025-09-07T15:06:01.932+0000] {warnings.py:110} WARNING - /home/***/.local/lib/python3.7/site-packages/sklearn/utils/validation.py:1692: FutureWarning: Feature names only support names that are all strings. Got feature names with dtypes: ['quoted_name', 'str']. An error will be raised in 1.2.
  FutureWarning,

[2025-09-07T15:06:01.933+0000] {warnings.py:110} WARNING - /home/***/.local/lib/python3.7/site-packages/sklearn/utils/validation.py:1692: FutureWarning: Feature names only support names that are all strings. Got feature names with dtypes: ['quoted_name', 'str']. An error will be raised in 1.2.
  FutureWarning,

[2025-09-07T15:06:02.153+0000] {warnings.py:110} WARNING - /home/***/.local/lib/python3.7/site-packages/sklearn/utils/validation.py:1692: FutureWarning: Feature names only support names that are all strings. Got feature names with dtypes: ['quoted_name', 'str']. An error will be raised in 1.2.
  FutureWarning,

[2025-09-07T15:06:02.154+0000] {warnings.py:110} WARNING - /home/***/.local/lib/python3.7/site-packages/sklearn/utils/validation.py:1692: FutureWarning: Feature names only support names that are all strings. Got feature names with dtypes: ['quoted_name', 'str']. An error will be raised in 1.2.
  FutureWarning,

[2025-09-07T15:06:02.268+0000] {warnings.py:110} WARNING - /home/***/.local/lib/python3.7/site-packages/sklearn/utils/validation.py:1692: FutureWarning: Feature names only support names that are all strings. Got feature names with dtypes: ['quoted_name', 'str']. An error will be raised in 1.2.
  FutureWarning,

[2025-09-07T15:06:02.269+0000] {warnings.py:110} WARNING - /home/***/.local/lib/python3.7/site-packages/sklearn/utils/validation.py:1692: FutureWarning: Feature names only support names that are all strings. Got feature names with dtypes: ['quoted_name', 'str']. An error will be raised in 1.2.
  FutureWarning,

[2025-09-07T15:06:02.272+0000] {warnings.py:110} WARNING - /home/***/.local/lib/python3.7/site-packages/sklearn/utils/validation.py:1692: FutureWarning: Feature names only support names that are all strings. Got feature names with dtypes: ['quoted_name', 'str']. An error will be raised in 1.2.
  FutureWarning,

[2025-09-07T15:06:02.273+0000] {warnings.py:110} WARNING - /home/***/.local/lib/python3.7/site-packages/sklearn/utils/validation.py:1692: FutureWarning: Feature names only support names that are all strings. Got feature names with dtypes: ['quoted_name', 'str']. An error will be raised in 1.2.
  FutureWarning,

[2025-09-07T15:06:02.275+0000] {warnings.py:110} WARNING - /home/***/.local/lib/python3.7/site-packages/sklearn/utils/validation.py:1692: FutureWarning: Feature names only support names that are all strings. Got feature names with dtypes: ['quoted_name', 'str']. An error will be raised in 1.2.
  FutureWarning,

[2025-09-07T15:06:02.276+0000] {warnings.py:110} WARNING - /home/***/.local/lib/python3.7/site-packages/sklearn/utils/validation.py:1692: FutureWarning: Feature names only support names that are all strings. Got feature names with dtypes: ['quoted_name', 'str']. An error will be raised in 1.2.
  FutureWarning,

[2025-09-07T15:06:02.278+0000] {warnings.py:110} WARNING - /home/***/.local/lib/python3.7/site-packages/sklearn/utils/validation.py:1692: FutureWarning: Feature names only support names that are all strings. Got feature names with dtypes: ['quoted_name', 'str']. An error will be raised in 1.2.
  FutureWarning,

[2025-09-07T15:06:02.279+0000] {warnings.py:110} WARNING - /home/***/.local/lib/python3.7/site-packages/sklearn/utils/validation.py:1692: FutureWarning: Feature names only support names that are all strings. Got feature names with dtypes: ['quoted_name', 'str']. An error will be raised in 1.2.
  FutureWarning,

[2025-09-07T15:06:02.365+0000] {logging_mixin.py:149} INFO - Mejor modelo para svc: {'C': 0.1, 'kernel': 'linear'}
[2025-09-07T15:06:02.365+0000] {warnings.py:110} WARNING - /home/***/.local/lib/python3.7/site-packages/sklearn/utils/validation.py:1692: FutureWarning: Feature names only support names that are all strings. Got feature names with dtypes: ['quoted_name', 'str']. An error will be raised in 1.2.
  FutureWarning,

[2025-09-07T15:06:02.367+0000] {logging_mixin.py:149} INFO -               precision    recall  f1-score   support

           0       1.00      1.00      1.00        31
           1       1.00      1.00      1.00        13
           2       1.00      1.00      1.00        23

    accuracy                           1.00        67
   macro avg       1.00      1.00      1.00        67
weighted avg       1.00      1.00      1.00        67
[2025-09-07T15:06:02.369+0000] {logging_mixin.py:149} INFO - Guardado en: /shared/models/svc.pkl
[2025-09-07T15:06:02.369+0000] {python.py:183} INFO - Done. Returned value was: None
[2025-09-07T15:06:02.374+0000] {taskinstance.py:1373} INFO - Marking task as SUCCESS. dag_id=penguins_train, task_id=train_penguins_models, execution_date=20250907T150059, start_date=20250907T150600, end_date=20250907T150602
[2025-09-07T15:06:02.412+0000] {local_task_job_runner.py:232} INFO - Task exited with return code 0
[2025-09-07T15:06:02.423+0000] {taskinstance.py:2674} INFO - 0 downstream tasks scheduled from follow-on schedule check
