[2025-09-08T04:22:11.099+0000] {processor.py:156} INFO - Started process (PID=73) to work on /opt/airflow/dags/penguins_preprocess.py
[2025-09-08T04:22:11.100+0000] {processor.py:799} INFO - Processing file /opt/airflow/dags/penguins_preprocess.py for tasks to queue
[2025-09-08T04:22:11.101+0000] {logging_mixin.py:149} INFO - [2025-09-08T04:22:11.101+0000] {dagbag.py:541} INFO - Filling up the DagBag from /opt/airflow/dags/penguins_preprocess.py
[2025-09-08T04:22:11.114+0000] {processor.py:809} INFO - DAG(s) dict_keys(['penguins_preprocess']) retrieved from /opt/airflow/dags/penguins_preprocess.py
[2025-09-08T04:22:11.161+0000] {logging_mixin.py:149} INFO - [2025-09-08T04:22:11.160+0000] {dag.py:2726} INFO - Sync 1 DAGs
[2025-09-08T04:22:11.185+0000] {processor.py:178} INFO - Processing /opt/airflow/dags/penguins_preprocess.py took 0.088 seconds
[2025-09-08T04:22:41.417+0000] {processor.py:156} INFO - Started process (PID=87) to work on /opt/airflow/dags/penguins_preprocess.py
[2025-09-08T04:22:41.418+0000] {processor.py:799} INFO - Processing file /opt/airflow/dags/penguins_preprocess.py for tasks to queue
[2025-09-08T04:22:41.421+0000] {logging_mixin.py:149} INFO - [2025-09-08T04:22:41.421+0000] {dagbag.py:541} INFO - Filling up the DagBag from /opt/airflow/dags/penguins_preprocess.py
[2025-09-08T04:22:41.431+0000] {processor.py:809} INFO - DAG(s) dict_keys(['penguins_preprocess']) retrieved from /opt/airflow/dags/penguins_preprocess.py
[2025-09-08T04:22:41.467+0000] {logging_mixin.py:149} INFO - [2025-09-08T04:22:41.466+0000] {dag.py:2726} INFO - Sync 1 DAGs
[2025-09-08T04:22:41.485+0000] {logging_mixin.py:149} INFO - [2025-09-08T04:22:41.485+0000] {dag.py:3490} INFO - Setting next_dagrun for penguins_preprocess to 2025-09-08T04:22:12.163282+00:00, run_after=2025-09-08T04:23:12.163282+00:00
[2025-09-08T04:22:41.499+0000] {processor.py:178} INFO - Processing /opt/airflow/dags/penguins_preprocess.py took 0.085 seconds
[2025-09-08T04:23:11.762+0000] {processor.py:156} INFO - Started process (PID=97) to work on /opt/airflow/dags/penguins_preprocess.py
[2025-09-08T04:23:11.763+0000] {processor.py:799} INFO - Processing file /opt/airflow/dags/penguins_preprocess.py for tasks to queue
[2025-09-08T04:23:11.764+0000] {logging_mixin.py:149} INFO - [2025-09-08T04:23:11.764+0000] {dagbag.py:541} INFO - Filling up the DagBag from /opt/airflow/dags/penguins_preprocess.py
[2025-09-08T04:23:11.777+0000] {processor.py:809} INFO - DAG(s) dict_keys(['penguins_preprocess']) retrieved from /opt/airflow/dags/penguins_preprocess.py
[2025-09-08T04:23:11.797+0000] {logging_mixin.py:149} INFO - [2025-09-08T04:23:11.797+0000] {dag.py:2726} INFO - Sync 1 DAGs
[2025-09-08T04:23:11.812+0000] {logging_mixin.py:149} INFO - [2025-09-08T04:23:11.812+0000] {dag.py:3490} INFO - Setting next_dagrun for penguins_preprocess to 2025-09-08T04:22:12.163282+00:00, run_after=2025-09-08T04:23:12.163282+00:00
[2025-09-08T04:23:11.826+0000] {processor.py:178} INFO - Processing /opt/airflow/dags/penguins_preprocess.py took 0.067 seconds
[2025-09-08T04:23:42.185+0000] {processor.py:156} INFO - Started process (PID=111) to work on /opt/airflow/dags/penguins_preprocess.py
[2025-09-08T04:23:42.186+0000] {processor.py:799} INFO - Processing file /opt/airflow/dags/penguins_preprocess.py for tasks to queue
[2025-09-08T04:23:42.187+0000] {logging_mixin.py:149} INFO - [2025-09-08T04:23:42.187+0000] {dagbag.py:541} INFO - Filling up the DagBag from /opt/airflow/dags/penguins_preprocess.py
[2025-09-08T04:23:42.206+0000] {processor.py:809} INFO - DAG(s) dict_keys(['penguins_preprocess']) retrieved from /opt/airflow/dags/penguins_preprocess.py
[2025-09-08T04:23:42.235+0000] {logging_mixin.py:149} INFO - [2025-09-08T04:23:42.235+0000] {dag.py:2726} INFO - Sync 1 DAGs
[2025-09-08T04:23:42.253+0000] {logging_mixin.py:149} INFO - [2025-09-08T04:23:42.253+0000] {dag.py:3490} INFO - Setting next_dagrun for penguins_preprocess to 2025-09-08T04:23:12.163282+00:00, run_after=2025-09-08T04:24:12.163282+00:00
[2025-09-08T04:23:42.268+0000] {processor.py:178} INFO - Processing /opt/airflow/dags/penguins_preprocess.py took 0.088 seconds
[2025-09-08T04:24:12.628+0000] {processor.py:156} INFO - Started process (PID=121) to work on /opt/airflow/dags/penguins_preprocess.py
[2025-09-08T04:24:12.629+0000] {processor.py:799} INFO - Processing file /opt/airflow/dags/penguins_preprocess.py for tasks to queue
[2025-09-08T04:24:12.630+0000] {logging_mixin.py:149} INFO - [2025-09-08T04:24:12.630+0000] {dagbag.py:541} INFO - Filling up the DagBag from /opt/airflow/dags/penguins_preprocess.py
[2025-09-08T04:24:12.648+0000] {processor.py:809} INFO - DAG(s) dict_keys(['penguins_preprocess']) retrieved from /opt/airflow/dags/penguins_preprocess.py
[2025-09-08T04:24:12.673+0000] {logging_mixin.py:149} INFO - [2025-09-08T04:24:12.673+0000] {dag.py:2726} INFO - Sync 1 DAGs
[2025-09-08T04:24:12.692+0000] {logging_mixin.py:149} INFO - [2025-09-08T04:24:12.692+0000] {dag.py:3490} INFO - Setting next_dagrun for penguins_preprocess to 2025-09-08T04:23:12.691778+00:00, run_after=2025-09-08T04:24:12.691778+00:00
[2025-09-08T04:24:12.705+0000] {processor.py:178} INFO - Processing /opt/airflow/dags/penguins_preprocess.py took 0.080 seconds
[2025-09-08T04:24:43.073+0000] {processor.py:156} INFO - Started process (PID=135) to work on /opt/airflow/dags/penguins_preprocess.py
[2025-09-08T04:24:43.074+0000] {processor.py:799} INFO - Processing file /opt/airflow/dags/penguins_preprocess.py for tasks to queue
[2025-09-08T04:24:43.076+0000] {logging_mixin.py:149} INFO - [2025-09-08T04:24:43.076+0000] {dagbag.py:541} INFO - Filling up the DagBag from /opt/airflow/dags/penguins_preprocess.py
[2025-09-08T04:24:43.100+0000] {processor.py:809} INFO - DAG(s) dict_keys(['penguins_preprocess']) retrieved from /opt/airflow/dags/penguins_preprocess.py
[2025-09-08T04:24:43.124+0000] {logging_mixin.py:149} INFO - [2025-09-08T04:24:43.124+0000] {dag.py:2726} INFO - Sync 1 DAGs
[2025-09-08T04:24:43.144+0000] {logging_mixin.py:149} INFO - [2025-09-08T04:24:43.144+0000] {dag.py:3490} INFO - Setting next_dagrun for penguins_preprocess to 2025-09-08T04:24:12.691778+00:00, run_after=2025-09-08T04:25:12.691778+00:00
[2025-09-08T04:24:43.161+0000] {processor.py:178} INFO - Processing /opt/airflow/dags/penguins_preprocess.py took 0.092 seconds
[2025-09-08T04:25:36.504+0000] {processor.py:156} INFO - Started process (PID=81) to work on /opt/airflow/dags/penguins_preprocess.py
[2025-09-08T04:25:36.504+0000] {processor.py:799} INFO - Processing file /opt/airflow/dags/penguins_preprocess.py for tasks to queue
[2025-09-08T04:25:36.505+0000] {logging_mixin.py:149} INFO - [2025-09-08T04:25:36.505+0000] {dagbag.py:541} INFO - Filling up the DagBag from /opt/airflow/dags/penguins_preprocess.py
[2025-09-08T04:25:36.518+0000] {processor.py:809} INFO - DAG(s) dict_keys(['penguins_preprocess']) retrieved from /opt/airflow/dags/penguins_preprocess.py
[2025-09-08T04:25:36.562+0000] {logging_mixin.py:149} INFO - [2025-09-08T04:25:36.562+0000] {dag.py:2726} INFO - Sync 1 DAGs
[2025-09-08T04:25:36.572+0000] {logging_mixin.py:149} INFO - [2025-09-08T04:25:36.572+0000] {dag.py:3490} INFO - Setting next_dagrun for penguins_preprocess to 2025-09-08T04:24:36.572658+00:00, run_after=2025-09-08T04:25:36.572658+00:00
[2025-09-08T04:25:36.581+0000] {processor.py:178} INFO - Processing /opt/airflow/dags/penguins_preprocess.py took 0.079 seconds
[2025-09-08T04:26:06.885+0000] {processor.py:156} INFO - Started process (PID=95) to work on /opt/airflow/dags/penguins_preprocess.py
[2025-09-08T04:26:06.887+0000] {processor.py:799} INFO - Processing file /opt/airflow/dags/penguins_preprocess.py for tasks to queue
[2025-09-08T04:26:06.888+0000] {logging_mixin.py:149} INFO - [2025-09-08T04:26:06.888+0000] {dagbag.py:541} INFO - Filling up the DagBag from /opt/airflow/dags/penguins_preprocess.py
[2025-09-08T04:26:06.897+0000] {processor.py:809} INFO - DAG(s) dict_keys(['penguins_preprocess']) retrieved from /opt/airflow/dags/penguins_preprocess.py
[2025-09-08T04:26:06.923+0000] {logging_mixin.py:149} INFO - [2025-09-08T04:26:06.923+0000] {dag.py:2726} INFO - Sync 1 DAGs
[2025-09-08T04:26:06.940+0000] {logging_mixin.py:149} INFO - [2025-09-08T04:26:06.940+0000] {dag.py:3490} INFO - Setting next_dagrun for penguins_preprocess to 2025-09-08T04:25:36.572658+00:00, run_after=2025-09-08T04:26:36.572658+00:00
[2025-09-08T04:26:06.954+0000] {processor.py:178} INFO - Processing /opt/airflow/dags/penguins_preprocess.py took 0.071 seconds
[2025-09-08T04:26:37.215+0000] {processor.py:156} INFO - Started process (PID=105) to work on /opt/airflow/dags/penguins_preprocess.py
[2025-09-08T04:26:37.216+0000] {processor.py:799} INFO - Processing file /opt/airflow/dags/penguins_preprocess.py for tasks to queue
[2025-09-08T04:26:37.216+0000] {logging_mixin.py:149} INFO - [2025-09-08T04:26:37.216+0000] {dagbag.py:541} INFO - Filling up the DagBag from /opt/airflow/dags/penguins_preprocess.py
[2025-09-08T04:26:37.228+0000] {processor.py:809} INFO - DAG(s) dict_keys(['penguins_preprocess']) retrieved from /opt/airflow/dags/penguins_preprocess.py
[2025-09-08T04:26:37.249+0000] {logging_mixin.py:149} INFO - [2025-09-08T04:26:37.249+0000] {dag.py:2726} INFO - Sync 1 DAGs
[2025-09-08T04:26:37.276+0000] {processor.py:178} INFO - Processing /opt/airflow/dags/penguins_preprocess.py took 0.064 seconds
[2025-09-08T04:27:07.631+0000] {processor.py:156} INFO - Started process (PID=115) to work on /opt/airflow/dags/penguins_preprocess.py
[2025-09-08T04:27:07.632+0000] {processor.py:799} INFO - Processing file /opt/airflow/dags/penguins_preprocess.py for tasks to queue
[2025-09-08T04:27:07.633+0000] {logging_mixin.py:149} INFO - [2025-09-08T04:27:07.633+0000] {dagbag.py:541} INFO - Filling up the DagBag from /opt/airflow/dags/penguins_preprocess.py
[2025-09-08T04:27:07.640+0000] {processor.py:809} INFO - DAG(s) dict_keys(['penguins_preprocess']) retrieved from /opt/airflow/dags/penguins_preprocess.py
[2025-09-08T04:27:07.659+0000] {logging_mixin.py:149} INFO - [2025-09-08T04:27:07.659+0000] {dag.py:2726} INFO - Sync 1 DAGs
[2025-09-08T04:27:07.673+0000] {logging_mixin.py:149} INFO - [2025-09-08T04:27:07.673+0000] {dag.py:3490} INFO - Setting next_dagrun for penguins_preprocess to 2025-09-08T04:26:36.572658+00:00, run_after=2025-09-08T04:27:36.572658+00:00
[2025-09-08T04:27:07.685+0000] {processor.py:178} INFO - Processing /opt/airflow/dags/penguins_preprocess.py took 0.057 seconds
[2025-09-08T04:27:38.011+0000] {processor.py:156} INFO - Started process (PID=125) to work on /opt/airflow/dags/penguins_preprocess.py
[2025-09-08T04:27:38.012+0000] {processor.py:799} INFO - Processing file /opt/airflow/dags/penguins_preprocess.py for tasks to queue
[2025-09-08T04:27:38.013+0000] {logging_mixin.py:149} INFO - [2025-09-08T04:27:38.012+0000] {dagbag.py:541} INFO - Filling up the DagBag from /opt/airflow/dags/penguins_preprocess.py
[2025-09-08T04:27:38.024+0000] {processor.py:809} INFO - DAG(s) dict_keys(['penguins_preprocess']) retrieved from /opt/airflow/dags/penguins_preprocess.py
[2025-09-08T04:27:38.053+0000] {logging_mixin.py:149} INFO - [2025-09-08T04:27:38.053+0000] {dag.py:2726} INFO - Sync 1 DAGs
[2025-09-08T04:27:38.069+0000] {logging_mixin.py:149} INFO - [2025-09-08T04:27:38.069+0000] {dag.py:3490} INFO - Setting next_dagrun for penguins_preprocess to 2025-09-08T04:27:36.572658+00:00, run_after=2025-09-08T04:28:36.572658+00:00
[2025-09-08T04:27:38.081+0000] {processor.py:178} INFO - Processing /opt/airflow/dags/penguins_preprocess.py took 0.072 seconds
[2025-09-08T04:28:08.406+0000] {processor.py:156} INFO - Started process (PID=142) to work on /opt/airflow/dags/penguins_preprocess.py
[2025-09-08T04:28:08.407+0000] {processor.py:799} INFO - Processing file /opt/airflow/dags/penguins_preprocess.py for tasks to queue
[2025-09-08T04:28:08.407+0000] {logging_mixin.py:149} INFO - [2025-09-08T04:28:08.407+0000] {dagbag.py:541} INFO - Filling up the DagBag from /opt/airflow/dags/penguins_preprocess.py
[2025-09-08T04:28:08.418+0000] {processor.py:809} INFO - DAG(s) dict_keys(['penguins_preprocess']) retrieved from /opt/airflow/dags/penguins_preprocess.py
[2025-09-08T04:28:08.436+0000] {logging_mixin.py:149} INFO - [2025-09-08T04:28:08.436+0000] {dag.py:2726} INFO - Sync 1 DAGs
[2025-09-08T04:28:08.451+0000] {logging_mixin.py:149} INFO - [2025-09-08T04:28:08.451+0000] {dag.py:3490} INFO - Setting next_dagrun for penguins_preprocess to 2025-09-08T04:27:36.572658+00:00, run_after=2025-09-08T04:28:36.572658+00:00
[2025-09-08T04:28:08.462+0000] {processor.py:178} INFO - Processing /opt/airflow/dags/penguins_preprocess.py took 0.063 seconds
[2025-09-08T04:28:38.819+0000] {processor.py:156} INFO - Started process (PID=152) to work on /opt/airflow/dags/penguins_preprocess.py
[2025-09-08T04:28:38.819+0000] {processor.py:799} INFO - Processing file /opt/airflow/dags/penguins_preprocess.py for tasks to queue
[2025-09-08T04:28:38.819+0000] {logging_mixin.py:149} INFO - [2025-09-08T04:28:38.819+0000] {dagbag.py:541} INFO - Filling up the DagBag from /opt/airflow/dags/penguins_preprocess.py
[2025-09-08T04:28:38.828+0000] {processor.py:809} INFO - DAG(s) dict_keys(['penguins_preprocess']) retrieved from /opt/airflow/dags/penguins_preprocess.py
[2025-09-08T04:28:38.846+0000] {logging_mixin.py:149} INFO - [2025-09-08T04:28:38.846+0000] {dag.py:2726} INFO - Sync 1 DAGs
[2025-09-08T04:28:38.860+0000] {logging_mixin.py:149} INFO - [2025-09-08T04:28:38.860+0000] {dag.py:3490} INFO - Setting next_dagrun for penguins_preprocess to 2025-09-08T04:28:36.572658+00:00, run_after=2025-09-08T04:29:36.572658+00:00
[2025-09-08T04:28:38.873+0000] {processor.py:178} INFO - Processing /opt/airflow/dags/penguins_preprocess.py took 0.057 seconds
[2025-09-08T04:29:09.172+0000] {processor.py:156} INFO - Started process (PID=162) to work on /opt/airflow/dags/penguins_preprocess.py
[2025-09-08T04:29:09.173+0000] {processor.py:799} INFO - Processing file /opt/airflow/dags/penguins_preprocess.py for tasks to queue
[2025-09-08T04:29:09.173+0000] {logging_mixin.py:149} INFO - [2025-09-08T04:29:09.173+0000] {dagbag.py:541} INFO - Filling up the DagBag from /opt/airflow/dags/penguins_preprocess.py
[2025-09-08T04:29:09.181+0000] {processor.py:809} INFO - DAG(s) dict_keys(['penguins_preprocess']) retrieved from /opt/airflow/dags/penguins_preprocess.py
[2025-09-08T04:29:09.199+0000] {logging_mixin.py:149} INFO - [2025-09-08T04:29:09.199+0000] {dag.py:2726} INFO - Sync 1 DAGs
[2025-09-08T04:29:09.213+0000] {logging_mixin.py:149} INFO - [2025-09-08T04:29:09.213+0000] {dag.py:3490} INFO - Setting next_dagrun for penguins_preprocess to 2025-09-08T04:28:36.572658+00:00, run_after=2025-09-08T04:29:36.572658+00:00
[2025-09-08T04:29:09.224+0000] {processor.py:178} INFO - Processing /opt/airflow/dags/penguins_preprocess.py took 0.054 seconds
[2025-09-08T04:29:39.510+0000] {processor.py:156} INFO - Started process (PID=172) to work on /opt/airflow/dags/penguins_preprocess.py
[2025-09-08T04:29:39.510+0000] {processor.py:799} INFO - Processing file /opt/airflow/dags/penguins_preprocess.py for tasks to queue
[2025-09-08T04:29:39.511+0000] {logging_mixin.py:149} INFO - [2025-09-08T04:29:39.510+0000] {dagbag.py:541} INFO - Filling up the DagBag from /opt/airflow/dags/penguins_preprocess.py
[2025-09-08T04:29:39.517+0000] {processor.py:809} INFO - DAG(s) dict_keys(['penguins_preprocess']) retrieved from /opt/airflow/dags/penguins_preprocess.py
[2025-09-08T04:29:39.534+0000] {logging_mixin.py:149} INFO - [2025-09-08T04:29:39.534+0000] {dag.py:2726} INFO - Sync 1 DAGs
[2025-09-08T04:29:39.547+0000] {logging_mixin.py:149} INFO - [2025-09-08T04:29:39.547+0000] {dag.py:3490} INFO - Setting next_dagrun for penguins_preprocess to 2025-09-08T04:29:36.572658+00:00, run_after=2025-09-08T04:30:36.572658+00:00
[2025-09-08T04:29:39.561+0000] {processor.py:178} INFO - Processing /opt/airflow/dags/penguins_preprocess.py took 0.053 seconds
[2025-09-08T04:30:09.905+0000] {processor.py:156} INFO - Started process (PID=182) to work on /opt/airflow/dags/penguins_preprocess.py
[2025-09-08T04:30:09.905+0000] {processor.py:799} INFO - Processing file /opt/airflow/dags/penguins_preprocess.py for tasks to queue
[2025-09-08T04:30:09.906+0000] {logging_mixin.py:149} INFO - [2025-09-08T04:30:09.906+0000] {dagbag.py:541} INFO - Filling up the DagBag from /opt/airflow/dags/penguins_preprocess.py
[2025-09-08T04:30:09.923+0000] {processor.py:809} INFO - DAG(s) dict_keys(['penguins_preprocess']) retrieved from /opt/airflow/dags/penguins_preprocess.py
[2025-09-08T04:30:09.950+0000] {logging_mixin.py:149} INFO - [2025-09-08T04:30:09.950+0000] {dag.py:2726} INFO - Sync 1 DAGs
[2025-09-08T04:30:09.970+0000] {logging_mixin.py:149} INFO - [2025-09-08T04:30:09.970+0000] {dag.py:3490} INFO - Setting next_dagrun for penguins_preprocess to 2025-09-08T04:29:36.572658+00:00, run_after=2025-09-08T04:30:36.572658+00:00
[2025-09-08T04:30:09.987+0000] {processor.py:178} INFO - Processing /opt/airflow/dags/penguins_preprocess.py took 0.087 seconds
[2025-09-08T04:30:52.340+0000] {processor.py:156} INFO - Started process (PID=74) to work on /opt/airflow/dags/penguins_preprocess.py
[2025-09-08T04:30:52.341+0000] {processor.py:799} INFO - Processing file /opt/airflow/dags/penguins_preprocess.py for tasks to queue
[2025-09-08T04:30:52.342+0000] {logging_mixin.py:149} INFO - [2025-09-08T04:30:52.342+0000] {dagbag.py:541} INFO - Filling up the DagBag from /opt/airflow/dags/penguins_preprocess.py
[2025-09-08T04:30:52.364+0000] {processor.py:809} INFO - DAG(s) dict_keys(['penguins_preprocess']) retrieved from /opt/airflow/dags/penguins_preprocess.py
[2025-09-08T04:30:52.416+0000] {logging_mixin.py:149} INFO - [2025-09-08T04:30:52.416+0000] {dag.py:2726} INFO - Sync 1 DAGs
[2025-09-08T04:30:52.434+0000] {logging_mixin.py:149} INFO - [2025-09-08T04:30:52.434+0000] {dag.py:3490} INFO - Setting next_dagrun for penguins_preprocess to 2025-09-08T04:29:52.433900+00:00, run_after=2025-09-08T04:30:52.433900+00:00
[2025-09-08T04:30:52.450+0000] {processor.py:178} INFO - Processing /opt/airflow/dags/penguins_preprocess.py took 0.116 seconds
[2025-09-08T04:31:22.697+0000] {processor.py:156} INFO - Started process (PID=91) to work on /opt/airflow/dags/penguins_preprocess.py
[2025-09-08T04:31:22.698+0000] {processor.py:799} INFO - Processing file /opt/airflow/dags/penguins_preprocess.py for tasks to queue
[2025-09-08T04:31:22.698+0000] {logging_mixin.py:149} INFO - [2025-09-08T04:31:22.698+0000] {dagbag.py:541} INFO - Filling up the DagBag from /opt/airflow/dags/penguins_preprocess.py
[2025-09-08T04:31:22.711+0000] {processor.py:809} INFO - DAG(s) dict_keys(['penguins_preprocess']) retrieved from /opt/airflow/dags/penguins_preprocess.py
[2025-09-08T04:31:22.746+0000] {logging_mixin.py:149} INFO - [2025-09-08T04:31:22.746+0000] {dag.py:2726} INFO - Sync 1 DAGs
[2025-09-08T04:31:22.769+0000] {logging_mixin.py:149} INFO - [2025-09-08T04:31:22.768+0000] {dag.py:3490} INFO - Setting next_dagrun for penguins_preprocess to 2025-09-08T04:30:52.433900+00:00, run_after=2025-09-08T04:31:52.433900+00:00
[2025-09-08T04:31:22.782+0000] {processor.py:178} INFO - Processing /opt/airflow/dags/penguins_preprocess.py took 0.088 seconds
[2025-09-08T04:31:53.123+0000] {processor.py:156} INFO - Started process (PID=101) to work on /opt/airflow/dags/penguins_preprocess.py
[2025-09-08T04:31:53.124+0000] {processor.py:799} INFO - Processing file /opt/airflow/dags/penguins_preprocess.py for tasks to queue
[2025-09-08T04:31:53.124+0000] {logging_mixin.py:149} INFO - [2025-09-08T04:31:53.124+0000] {dagbag.py:541} INFO - Filling up the DagBag from /opt/airflow/dags/penguins_preprocess.py
[2025-09-08T04:31:53.130+0000] {processor.py:809} INFO - DAG(s) dict_keys(['penguins_preprocess']) retrieved from /opt/airflow/dags/penguins_preprocess.py
[2025-09-08T04:31:53.150+0000] {logging_mixin.py:149} INFO - [2025-09-08T04:31:53.150+0000] {dag.py:2726} INFO - Sync 1 DAGs
[2025-09-08T04:31:53.167+0000] {logging_mixin.py:149} INFO - [2025-09-08T04:31:53.167+0000] {dag.py:3490} INFO - Setting next_dagrun for penguins_preprocess to 2025-09-08T04:30:53.167116+00:00, run_after=2025-09-08T04:31:53.167116+00:00
[2025-09-08T04:31:53.180+0000] {processor.py:178} INFO - Processing /opt/airflow/dags/penguins_preprocess.py took 0.059 seconds
[2025-09-08T04:32:23.548+0000] {processor.py:156} INFO - Started process (PID=115) to work on /opt/airflow/dags/penguins_preprocess.py
[2025-09-08T04:32:23.549+0000] {processor.py:799} INFO - Processing file /opt/airflow/dags/penguins_preprocess.py for tasks to queue
[2025-09-08T04:32:23.550+0000] {logging_mixin.py:149} INFO - [2025-09-08T04:32:23.550+0000] {dagbag.py:541} INFO - Filling up the DagBag from /opt/airflow/dags/penguins_preprocess.py
[2025-09-08T04:32:23.565+0000] {processor.py:809} INFO - DAG(s) dict_keys(['penguins_preprocess']) retrieved from /opt/airflow/dags/penguins_preprocess.py
[2025-09-08T04:32:23.591+0000] {logging_mixin.py:149} INFO - [2025-09-08T04:32:23.591+0000] {dag.py:2726} INFO - Sync 1 DAGs
[2025-09-08T04:32:23.607+0000] {logging_mixin.py:149} INFO - [2025-09-08T04:32:23.607+0000] {dag.py:3490} INFO - Setting next_dagrun for penguins_preprocess to 2025-09-08T04:31:53.167116+00:00, run_after=2025-09-08T04:32:53.167116+00:00
[2025-09-08T04:32:23.621+0000] {processor.py:178} INFO - Processing /opt/airflow/dags/penguins_preprocess.py took 0.077 seconds
[2025-09-08T04:32:53.961+0000] {processor.py:156} INFO - Started process (PID=129) to work on /opt/airflow/dags/penguins_preprocess.py
[2025-09-08T04:32:53.962+0000] {processor.py:799} INFO - Processing file /opt/airflow/dags/penguins_preprocess.py for tasks to queue
[2025-09-08T04:32:53.962+0000] {logging_mixin.py:149} INFO - [2025-09-08T04:32:53.962+0000] {dagbag.py:541} INFO - Filling up the DagBag from /opt/airflow/dags/penguins_preprocess.py
[2025-09-08T04:32:53.983+0000] {processor.py:809} INFO - DAG(s) dict_keys(['penguins_preprocess']) retrieved from /opt/airflow/dags/penguins_preprocess.py
[2025-09-08T04:32:54.005+0000] {logging_mixin.py:149} INFO - [2025-09-08T04:32:54.005+0000] {dag.py:2726} INFO - Sync 1 DAGs
[2025-09-08T04:32:54.030+0000] {processor.py:178} INFO - Processing /opt/airflow/dags/penguins_preprocess.py took 0.072 seconds
[2025-09-08T04:33:24.400+0000] {processor.py:156} INFO - Started process (PID=139) to work on /opt/airflow/dags/penguins_preprocess.py
[2025-09-08T04:33:24.401+0000] {processor.py:799} INFO - Processing file /opt/airflow/dags/penguins_preprocess.py for tasks to queue
[2025-09-08T04:33:24.401+0000] {logging_mixin.py:149} INFO - [2025-09-08T04:33:24.401+0000] {dagbag.py:541} INFO - Filling up the DagBag from /opt/airflow/dags/penguins_preprocess.py
[2025-09-08T04:33:24.412+0000] {processor.py:809} INFO - DAG(s) dict_keys(['penguins_preprocess']) retrieved from /opt/airflow/dags/penguins_preprocess.py
[2025-09-08T04:33:24.437+0000] {logging_mixin.py:149} INFO - [2025-09-08T04:33:24.436+0000] {dag.py:2726} INFO - Sync 1 DAGs
[2025-09-08T04:33:24.458+0000] {logging_mixin.py:149} INFO - [2025-09-08T04:33:24.458+0000] {dag.py:3490} INFO - Setting next_dagrun for penguins_preprocess to 2025-09-08T04:32:53.167116+00:00, run_after=2025-09-08T04:33:53.167116+00:00
[2025-09-08T04:33:24.476+0000] {processor.py:178} INFO - Processing /opt/airflow/dags/penguins_preprocess.py took 0.079 seconds
[2025-09-08T04:33:54.813+0000] {processor.py:156} INFO - Started process (PID=149) to work on /opt/airflow/dags/penguins_preprocess.py
[2025-09-08T04:33:54.814+0000] {processor.py:799} INFO - Processing file /opt/airflow/dags/penguins_preprocess.py for tasks to queue
[2025-09-08T04:33:54.815+0000] {logging_mixin.py:149} INFO - [2025-09-08T04:33:54.815+0000] {dagbag.py:541} INFO - Filling up the DagBag from /opt/airflow/dags/penguins_preprocess.py
[2025-09-08T04:33:54.827+0000] {processor.py:809} INFO - DAG(s) dict_keys(['penguins_preprocess']) retrieved from /opt/airflow/dags/penguins_preprocess.py
[2025-09-08T04:33:54.850+0000] {logging_mixin.py:149} INFO - [2025-09-08T04:33:54.850+0000] {dag.py:2726} INFO - Sync 1 DAGs
[2025-09-08T04:33:54.880+0000] {processor.py:178} INFO - Processing /opt/airflow/dags/penguins_preprocess.py took 0.069 seconds
[2025-09-08T04:34:25.195+0000] {processor.py:156} INFO - Started process (PID=159) to work on /opt/airflow/dags/penguins_preprocess.py
[2025-09-08T04:34:25.200+0000] {processor.py:799} INFO - Processing file /opt/airflow/dags/penguins_preprocess.py for tasks to queue
[2025-09-08T04:34:25.200+0000] {logging_mixin.py:149} INFO - [2025-09-08T04:34:25.200+0000] {dagbag.py:541} INFO - Filling up the DagBag from /opt/airflow/dags/penguins_preprocess.py
[2025-09-08T04:34:25.213+0000] {processor.py:809} INFO - DAG(s) dict_keys(['penguins_preprocess']) retrieved from /opt/airflow/dags/penguins_preprocess.py
[2025-09-08T04:34:25.231+0000] {logging_mixin.py:149} INFO - [2025-09-08T04:34:25.231+0000] {dag.py:2726} INFO - Sync 1 DAGs
[2025-09-08T04:34:25.244+0000] {logging_mixin.py:149} INFO - [2025-09-08T04:34:25.244+0000] {dag.py:3490} INFO - Setting next_dagrun for penguins_preprocess to 2025-09-08T04:33:53.167116+00:00, run_after=2025-09-08T04:34:53.167116+00:00
[2025-09-08T04:34:25.252+0000] {processor.py:178} INFO - Processing /opt/airflow/dags/penguins_preprocess.py took 0.060 seconds
[2025-09-08T04:34:55.473+0000] {processor.py:156} INFO - Started process (PID=169) to work on /opt/airflow/dags/penguins_preprocess.py
[2025-09-08T04:34:55.474+0000] {processor.py:799} INFO - Processing file /opt/airflow/dags/penguins_preprocess.py for tasks to queue
[2025-09-08T04:34:55.475+0000] {logging_mixin.py:149} INFO - [2025-09-08T04:34:55.474+0000] {dagbag.py:541} INFO - Filling up the DagBag from /opt/airflow/dags/penguins_preprocess.py
[2025-09-08T04:34:55.485+0000] {processor.py:809} INFO - DAG(s) dict_keys(['penguins_preprocess']) retrieved from /opt/airflow/dags/penguins_preprocess.py
[2025-09-08T04:34:55.508+0000] {logging_mixin.py:149} INFO - [2025-09-08T04:34:55.508+0000] {dag.py:2726} INFO - Sync 1 DAGs
[2025-09-08T04:34:55.526+0000] {logging_mixin.py:149} INFO - [2025-09-08T04:34:55.526+0000] {dag.py:3490} INFO - Setting next_dagrun for penguins_preprocess to 2025-09-08T04:34:53.167116+00:00, run_after=2025-09-08T04:35:53.167116+00:00
[2025-09-08T04:34:55.536+0000] {processor.py:178} INFO - Processing /opt/airflow/dags/penguins_preprocess.py took 0.066 seconds
[2025-09-08T04:35:25.749+0000] {processor.py:156} INFO - Started process (PID=179) to work on /opt/airflow/dags/penguins_preprocess.py
[2025-09-08T04:35:25.750+0000] {processor.py:799} INFO - Processing file /opt/airflow/dags/penguins_preprocess.py for tasks to queue
[2025-09-08T04:35:25.751+0000] {logging_mixin.py:149} INFO - [2025-09-08T04:35:25.751+0000] {dagbag.py:541} INFO - Filling up the DagBag from /opt/airflow/dags/penguins_preprocess.py
[2025-09-08T04:35:25.763+0000] {processor.py:809} INFO - DAG(s) dict_keys(['penguins_preprocess']) retrieved from /opt/airflow/dags/penguins_preprocess.py
[2025-09-08T04:35:25.786+0000] {logging_mixin.py:149} INFO - [2025-09-08T04:35:25.786+0000] {dag.py:2726} INFO - Sync 1 DAGs
[2025-09-08T04:35:25.808+0000] {logging_mixin.py:149} INFO - [2025-09-08T04:35:25.808+0000] {dag.py:3490} INFO - Setting next_dagrun for penguins_preprocess to 2025-09-08T04:34:53.167116+00:00, run_after=2025-09-08T04:35:53.167116+00:00
[2025-09-08T04:35:25.818+0000] {processor.py:178} INFO - Processing /opt/airflow/dags/penguins_preprocess.py took 0.070 seconds
[2025-09-08T04:35:56.082+0000] {processor.py:156} INFO - Started process (PID=189) to work on /opt/airflow/dags/penguins_preprocess.py
[2025-09-08T04:35:56.083+0000] {processor.py:799} INFO - Processing file /opt/airflow/dags/penguins_preprocess.py for tasks to queue
[2025-09-08T04:35:56.084+0000] {logging_mixin.py:149} INFO - [2025-09-08T04:35:56.084+0000] {dagbag.py:541} INFO - Filling up the DagBag from /opt/airflow/dags/penguins_preprocess.py
[2025-09-08T04:35:56.095+0000] {processor.py:809} INFO - DAG(s) dict_keys(['penguins_preprocess']) retrieved from /opt/airflow/dags/penguins_preprocess.py
[2025-09-08T04:35:56.119+0000] {logging_mixin.py:149} INFO - [2025-09-08T04:35:56.119+0000] {dag.py:2726} INFO - Sync 1 DAGs
[2025-09-08T04:35:56.135+0000] {logging_mixin.py:149} INFO - [2025-09-08T04:35:56.135+0000] {dag.py:3490} INFO - Setting next_dagrun for penguins_preprocess to 2025-09-08T04:35:53.167116+00:00, run_after=2025-09-08T04:36:53.167116+00:00
[2025-09-08T04:35:56.146+0000] {processor.py:178} INFO - Processing /opt/airflow/dags/penguins_preprocess.py took 0.067 seconds
[2025-09-08T04:36:26.453+0000] {processor.py:156} INFO - Started process (PID=199) to work on /opt/airflow/dags/penguins_preprocess.py
[2025-09-08T04:36:26.453+0000] {processor.py:799} INFO - Processing file /opt/airflow/dags/penguins_preprocess.py for tasks to queue
[2025-09-08T04:36:26.454+0000] {logging_mixin.py:149} INFO - [2025-09-08T04:36:26.454+0000] {dagbag.py:541} INFO - Filling up the DagBag from /opt/airflow/dags/penguins_preprocess.py
[2025-09-08T04:36:26.465+0000] {processor.py:809} INFO - DAG(s) dict_keys(['penguins_preprocess']) retrieved from /opt/airflow/dags/penguins_preprocess.py
[2025-09-08T04:36:26.484+0000] {logging_mixin.py:149} INFO - [2025-09-08T04:36:26.483+0000] {dag.py:2726} INFO - Sync 1 DAGs
[2025-09-08T04:36:26.498+0000] {logging_mixin.py:149} INFO - [2025-09-08T04:36:26.498+0000] {dag.py:3490} INFO - Setting next_dagrun for penguins_preprocess to 2025-09-08T04:35:53.167116+00:00, run_after=2025-09-08T04:36:53.167116+00:00
[2025-09-08T04:36:26.511+0000] {processor.py:178} INFO - Processing /opt/airflow/dags/penguins_preprocess.py took 0.061 seconds
[2025-09-08T04:36:56.826+0000] {processor.py:156} INFO - Started process (PID=209) to work on /opt/airflow/dags/penguins_preprocess.py
[2025-09-08T04:36:56.827+0000] {processor.py:799} INFO - Processing file /opt/airflow/dags/penguins_preprocess.py for tasks to queue
[2025-09-08T04:36:56.827+0000] {logging_mixin.py:149} INFO - [2025-09-08T04:36:56.827+0000] {dagbag.py:541} INFO - Filling up the DagBag from /opt/airflow/dags/penguins_preprocess.py
[2025-09-08T04:36:56.836+0000] {processor.py:809} INFO - DAG(s) dict_keys(['penguins_preprocess']) retrieved from /opt/airflow/dags/penguins_preprocess.py
[2025-09-08T04:36:56.859+0000] {logging_mixin.py:149} INFO - [2025-09-08T04:36:56.858+0000] {dag.py:2726} INFO - Sync 1 DAGs
[2025-09-08T04:36:56.875+0000] {logging_mixin.py:149} INFO - [2025-09-08T04:36:56.875+0000] {dag.py:3490} INFO - Setting next_dagrun for penguins_preprocess to 2025-09-08T04:36:53.167116+00:00, run_after=2025-09-08T04:37:53.167116+00:00
[2025-09-08T04:36:56.887+0000] {processor.py:178} INFO - Processing /opt/airflow/dags/penguins_preprocess.py took 0.063 seconds
[2025-09-08T04:37:27.189+0000] {processor.py:156} INFO - Started process (PID=219) to work on /opt/airflow/dags/penguins_preprocess.py
[2025-09-08T04:37:27.189+0000] {processor.py:799} INFO - Processing file /opt/airflow/dags/penguins_preprocess.py for tasks to queue
[2025-09-08T04:37:27.190+0000] {logging_mixin.py:149} INFO - [2025-09-08T04:37:27.190+0000] {dagbag.py:541} INFO - Filling up the DagBag from /opt/airflow/dags/penguins_preprocess.py
[2025-09-08T04:37:27.206+0000] {processor.py:809} INFO - DAG(s) dict_keys(['penguins_preprocess']) retrieved from /opt/airflow/dags/penguins_preprocess.py
[2025-09-08T04:37:27.227+0000] {logging_mixin.py:149} INFO - [2025-09-08T04:37:27.227+0000] {dag.py:2726} INFO - Sync 1 DAGs
[2025-09-08T04:37:27.243+0000] {logging_mixin.py:149} INFO - [2025-09-08T04:37:27.243+0000] {dag.py:3490} INFO - Setting next_dagrun for penguins_preprocess to 2025-09-08T04:36:53.167116+00:00, run_after=2025-09-08T04:37:53.167116+00:00
[2025-09-08T04:37:27.258+0000] {processor.py:178} INFO - Processing /opt/airflow/dags/penguins_preprocess.py took 0.073 seconds
[2025-09-08T04:37:57.591+0000] {processor.py:156} INFO - Started process (PID=229) to work on /opt/airflow/dags/penguins_preprocess.py
[2025-09-08T04:37:57.592+0000] {processor.py:799} INFO - Processing file /opt/airflow/dags/penguins_preprocess.py for tasks to queue
[2025-09-08T04:37:57.593+0000] {logging_mixin.py:149} INFO - [2025-09-08T04:37:57.593+0000] {dagbag.py:541} INFO - Filling up the DagBag from /opt/airflow/dags/penguins_preprocess.py
[2025-09-08T04:37:57.599+0000] {processor.py:809} INFO - DAG(s) dict_keys(['penguins_preprocess']) retrieved from /opt/airflow/dags/penguins_preprocess.py
[2025-09-08T04:37:57.619+0000] {logging_mixin.py:149} INFO - [2025-09-08T04:37:57.619+0000] {dag.py:2726} INFO - Sync 1 DAGs
[2025-09-08T04:37:57.633+0000] {logging_mixin.py:149} INFO - [2025-09-08T04:37:57.633+0000] {dag.py:3490} INFO - Setting next_dagrun for penguins_preprocess to 2025-09-08T04:37:53.167116+00:00, run_after=2025-09-08T04:38:53.167116+00:00
[2025-09-08T04:37:57.647+0000] {processor.py:178} INFO - Processing /opt/airflow/dags/penguins_preprocess.py took 0.058 seconds
[2025-09-08T04:38:27.966+0000] {processor.py:156} INFO - Started process (PID=239) to work on /opt/airflow/dags/penguins_preprocess.py
[2025-09-08T04:38:27.967+0000] {processor.py:799} INFO - Processing file /opt/airflow/dags/penguins_preprocess.py for tasks to queue
[2025-09-08T04:38:27.968+0000] {logging_mixin.py:149} INFO - [2025-09-08T04:38:27.968+0000] {dagbag.py:541} INFO - Filling up the DagBag from /opt/airflow/dags/penguins_preprocess.py
[2025-09-08T04:38:27.985+0000] {processor.py:809} INFO - DAG(s) dict_keys(['penguins_preprocess']) retrieved from /opt/airflow/dags/penguins_preprocess.py
[2025-09-08T04:38:28.005+0000] {logging_mixin.py:149} INFO - [2025-09-08T04:38:28.005+0000] {dag.py:2726} INFO - Sync 1 DAGs
[2025-09-08T04:38:28.020+0000] {logging_mixin.py:149} INFO - [2025-09-08T04:38:28.020+0000] {dag.py:3490} INFO - Setting next_dagrun for penguins_preprocess to 2025-09-08T04:37:53.167116+00:00, run_after=2025-09-08T04:38:53.167116+00:00
[2025-09-08T04:38:28.031+0000] {processor.py:178} INFO - Processing /opt/airflow/dags/penguins_preprocess.py took 0.068 seconds
[2025-09-08T04:38:58.351+0000] {processor.py:156} INFO - Started process (PID=249) to work on /opt/airflow/dags/penguins_preprocess.py
[2025-09-08T04:38:58.352+0000] {processor.py:799} INFO - Processing file /opt/airflow/dags/penguins_preprocess.py for tasks to queue
[2025-09-08T04:38:58.353+0000] {logging_mixin.py:149} INFO - [2025-09-08T04:38:58.353+0000] {dagbag.py:541} INFO - Filling up the DagBag from /opt/airflow/dags/penguins_preprocess.py
[2025-09-08T04:38:58.363+0000] {processor.py:809} INFO - DAG(s) dict_keys(['penguins_preprocess']) retrieved from /opt/airflow/dags/penguins_preprocess.py
[2025-09-08T04:38:58.392+0000] {logging_mixin.py:149} INFO - [2025-09-08T04:38:58.392+0000] {dag.py:2726} INFO - Sync 1 DAGs
[2025-09-08T04:38:58.408+0000] {logging_mixin.py:149} INFO - [2025-09-08T04:38:58.408+0000] {dag.py:3490} INFO - Setting next_dagrun for penguins_preprocess to 2025-09-08T04:38:53.167116+00:00, run_after=2025-09-08T04:39:53.167116+00:00
[2025-09-08T04:38:58.423+0000] {processor.py:178} INFO - Processing /opt/airflow/dags/penguins_preprocess.py took 0.075 seconds
[2025-09-08T04:39:28.734+0000] {processor.py:156} INFO - Started process (PID=259) to work on /opt/airflow/dags/penguins_preprocess.py
[2025-09-08T04:39:28.735+0000] {processor.py:799} INFO - Processing file /opt/airflow/dags/penguins_preprocess.py for tasks to queue
[2025-09-08T04:39:28.736+0000] {logging_mixin.py:149} INFO - [2025-09-08T04:39:28.736+0000] {dagbag.py:541} INFO - Filling up the DagBag from /opt/airflow/dags/penguins_preprocess.py
[2025-09-08T04:39:28.752+0000] {processor.py:809} INFO - DAG(s) dict_keys(['penguins_preprocess']) retrieved from /opt/airflow/dags/penguins_preprocess.py
[2025-09-08T04:39:28.777+0000] {logging_mixin.py:149} INFO - [2025-09-08T04:39:28.777+0000] {dag.py:2726} INFO - Sync 1 DAGs
[2025-09-08T04:39:28.796+0000] {logging_mixin.py:149} INFO - [2025-09-08T04:39:28.796+0000] {dag.py:3490} INFO - Setting next_dagrun for penguins_preprocess to 2025-09-08T04:38:53.167116+00:00, run_after=2025-09-08T04:39:53.167116+00:00
[2025-09-08T04:39:28.808+0000] {processor.py:178} INFO - Processing /opt/airflow/dags/penguins_preprocess.py took 0.079 seconds
[2025-09-08T04:39:59.042+0000] {processor.py:156} INFO - Started process (PID=269) to work on /opt/airflow/dags/penguins_preprocess.py
[2025-09-08T04:39:59.045+0000] {processor.py:799} INFO - Processing file /opt/airflow/dags/penguins_preprocess.py for tasks to queue
[2025-09-08T04:39:59.046+0000] {logging_mixin.py:149} INFO - [2025-09-08T04:39:59.046+0000] {dagbag.py:541} INFO - Filling up the DagBag from /opt/airflow/dags/penguins_preprocess.py
[2025-09-08T04:39:59.056+0000] {processor.py:809} INFO - DAG(s) dict_keys(['penguins_preprocess']) retrieved from /opt/airflow/dags/penguins_preprocess.py
[2025-09-08T04:39:59.071+0000] {logging_mixin.py:149} INFO - [2025-09-08T04:39:59.071+0000] {dag.py:2726} INFO - Sync 1 DAGs
[2025-09-08T04:39:59.083+0000] {logging_mixin.py:149} INFO - [2025-09-08T04:39:59.083+0000] {dag.py:3490} INFO - Setting next_dagrun for penguins_preprocess to 2025-09-08T04:39:53.167116+00:00, run_after=2025-09-08T04:40:53.167116+00:00
[2025-09-08T04:39:59.096+0000] {processor.py:178} INFO - Processing /opt/airflow/dags/penguins_preprocess.py took 0.057 seconds
[2025-09-08T04:40:29.336+0000] {processor.py:156} INFO - Started process (PID=279) to work on /opt/airflow/dags/penguins_preprocess.py
[2025-09-08T04:40:29.336+0000] {processor.py:799} INFO - Processing file /opt/airflow/dags/penguins_preprocess.py for tasks to queue
[2025-09-08T04:40:29.337+0000] {logging_mixin.py:149} INFO - [2025-09-08T04:40:29.337+0000] {dagbag.py:541} INFO - Filling up the DagBag from /opt/airflow/dags/penguins_preprocess.py
[2025-09-08T04:40:29.345+0000] {processor.py:809} INFO - DAG(s) dict_keys(['penguins_preprocess']) retrieved from /opt/airflow/dags/penguins_preprocess.py
[2025-09-08T04:40:29.362+0000] {logging_mixin.py:149} INFO - [2025-09-08T04:40:29.362+0000] {dag.py:2726} INFO - Sync 1 DAGs
[2025-09-08T04:40:29.377+0000] {logging_mixin.py:149} INFO - [2025-09-08T04:40:29.377+0000] {dag.py:3490} INFO - Setting next_dagrun for penguins_preprocess to 2025-09-08T04:39:53.167116+00:00, run_after=2025-09-08T04:40:53.167116+00:00
[2025-09-08T04:40:29.387+0000] {processor.py:178} INFO - Processing /opt/airflow/dags/penguins_preprocess.py took 0.054 seconds
[2025-09-08T04:40:59.673+0000] {processor.py:156} INFO - Started process (PID=289) to work on /opt/airflow/dags/penguins_preprocess.py
[2025-09-08T04:40:59.673+0000] {processor.py:799} INFO - Processing file /opt/airflow/dags/penguins_preprocess.py for tasks to queue
[2025-09-08T04:40:59.674+0000] {logging_mixin.py:149} INFO - [2025-09-08T04:40:59.674+0000] {dagbag.py:541} INFO - Filling up the DagBag from /opt/airflow/dags/penguins_preprocess.py
[2025-09-08T04:40:59.681+0000] {processor.py:809} INFO - DAG(s) dict_keys(['penguins_preprocess']) retrieved from /opt/airflow/dags/penguins_preprocess.py
[2025-09-08T04:40:59.701+0000] {logging_mixin.py:149} INFO - [2025-09-08T04:40:59.701+0000] {dag.py:2726} INFO - Sync 1 DAGs
[2025-09-08T04:40:59.713+0000] {logging_mixin.py:149} INFO - [2025-09-08T04:40:59.713+0000] {dag.py:3490} INFO - Setting next_dagrun for penguins_preprocess to 2025-09-08T04:40:53.167116+00:00, run_after=2025-09-08T04:41:53.167116+00:00
[2025-09-08T04:40:59.724+0000] {processor.py:178} INFO - Processing /opt/airflow/dags/penguins_preprocess.py took 0.053 seconds
[2025-09-08T04:41:30.028+0000] {processor.py:156} INFO - Started process (PID=299) to work on /opt/airflow/dags/penguins_preprocess.py
[2025-09-08T04:41:30.029+0000] {processor.py:799} INFO - Processing file /opt/airflow/dags/penguins_preprocess.py for tasks to queue
[2025-09-08T04:41:30.030+0000] {logging_mixin.py:149} INFO - [2025-09-08T04:41:30.030+0000] {dagbag.py:541} INFO - Filling up the DagBag from /opt/airflow/dags/penguins_preprocess.py
[2025-09-08T04:41:30.037+0000] {processor.py:809} INFO - DAG(s) dict_keys(['penguins_preprocess']) retrieved from /opt/airflow/dags/penguins_preprocess.py
[2025-09-08T04:41:30.054+0000] {logging_mixin.py:149} INFO - [2025-09-08T04:41:30.054+0000] {dag.py:2726} INFO - Sync 1 DAGs
[2025-09-08T04:41:30.066+0000] {logging_mixin.py:149} INFO - [2025-09-08T04:41:30.066+0000] {dag.py:3490} INFO - Setting next_dagrun for penguins_preprocess to 2025-09-08T04:40:53.167116+00:00, run_after=2025-09-08T04:41:53.167116+00:00
[2025-09-08T04:41:30.078+0000] {processor.py:178} INFO - Processing /opt/airflow/dags/penguins_preprocess.py took 0.052 seconds
[2025-09-08T04:42:00.375+0000] {processor.py:156} INFO - Started process (PID=309) to work on /opt/airflow/dags/penguins_preprocess.py
[2025-09-08T04:42:00.376+0000] {processor.py:799} INFO - Processing file /opt/airflow/dags/penguins_preprocess.py for tasks to queue
[2025-09-08T04:42:00.377+0000] {logging_mixin.py:149} INFO - [2025-09-08T04:42:00.377+0000] {dagbag.py:541} INFO - Filling up the DagBag from /opt/airflow/dags/penguins_preprocess.py
[2025-09-08T04:42:00.383+0000] {processor.py:809} INFO - DAG(s) dict_keys(['penguins_preprocess']) retrieved from /opt/airflow/dags/penguins_preprocess.py
[2025-09-08T04:42:00.400+0000] {logging_mixin.py:149} INFO - [2025-09-08T04:42:00.400+0000] {dag.py:2726} INFO - Sync 1 DAGs
[2025-09-08T04:42:00.415+0000] {logging_mixin.py:149} INFO - [2025-09-08T04:42:00.415+0000] {dag.py:3490} INFO - Setting next_dagrun for penguins_preprocess to 2025-09-08T04:41:53.167116+00:00, run_after=2025-09-08T04:42:53.167116+00:00
[2025-09-08T04:42:00.427+0000] {processor.py:178} INFO - Processing /opt/airflow/dags/penguins_preprocess.py took 0.054 seconds
[2025-09-08T04:42:30.736+0000] {processor.py:156} INFO - Started process (PID=319) to work on /opt/airflow/dags/penguins_preprocess.py
[2025-09-08T04:42:30.736+0000] {processor.py:799} INFO - Processing file /opt/airflow/dags/penguins_preprocess.py for tasks to queue
[2025-09-08T04:42:30.737+0000] {logging_mixin.py:149} INFO - [2025-09-08T04:42:30.737+0000] {dagbag.py:541} INFO - Filling up the DagBag from /opt/airflow/dags/penguins_preprocess.py
[2025-09-08T04:42:30.751+0000] {processor.py:809} INFO - DAG(s) dict_keys(['penguins_preprocess']) retrieved from /opt/airflow/dags/penguins_preprocess.py
[2025-09-08T04:42:30.766+0000] {logging_mixin.py:149} INFO - [2025-09-08T04:42:30.766+0000] {dag.py:2726} INFO - Sync 1 DAGs
[2025-09-08T04:42:30.779+0000] {logging_mixin.py:149} INFO - [2025-09-08T04:42:30.779+0000] {dag.py:3490} INFO - Setting next_dagrun for penguins_preprocess to 2025-09-08T04:41:53.167116+00:00, run_after=2025-09-08T04:42:53.167116+00:00
[2025-09-08T04:42:30.792+0000] {processor.py:178} INFO - Processing /opt/airflow/dags/penguins_preprocess.py took 0.059 seconds
[2025-09-08T04:43:01.104+0000] {processor.py:156} INFO - Started process (PID=329) to work on /opt/airflow/dags/penguins_preprocess.py
[2025-09-08T04:43:01.105+0000] {processor.py:799} INFO - Processing file /opt/airflow/dags/penguins_preprocess.py for tasks to queue
[2025-09-08T04:43:01.106+0000] {logging_mixin.py:149} INFO - [2025-09-08T04:43:01.106+0000] {dagbag.py:541} INFO - Filling up the DagBag from /opt/airflow/dags/penguins_preprocess.py
[2025-09-08T04:43:01.114+0000] {processor.py:809} INFO - DAG(s) dict_keys(['penguins_preprocess']) retrieved from /opt/airflow/dags/penguins_preprocess.py
[2025-09-08T04:43:01.132+0000] {logging_mixin.py:149} INFO - [2025-09-08T04:43:01.132+0000] {dag.py:2726} INFO - Sync 1 DAGs
[2025-09-08T04:43:01.148+0000] {logging_mixin.py:149} INFO - [2025-09-08T04:43:01.148+0000] {dag.py:3490} INFO - Setting next_dagrun for penguins_preprocess to 2025-09-08T04:42:53.167116+00:00, run_after=2025-09-08T04:43:53.167116+00:00
[2025-09-08T04:43:01.158+0000] {processor.py:178} INFO - Processing /opt/airflow/dags/penguins_preprocess.py took 0.056 seconds
[2025-09-08T04:43:31.454+0000] {processor.py:156} INFO - Started process (PID=339) to work on /opt/airflow/dags/penguins_preprocess.py
[2025-09-08T04:43:31.455+0000] {processor.py:799} INFO - Processing file /opt/airflow/dags/penguins_preprocess.py for tasks to queue
[2025-09-08T04:43:31.455+0000] {logging_mixin.py:149} INFO - [2025-09-08T04:43:31.455+0000] {dagbag.py:541} INFO - Filling up the DagBag from /opt/airflow/dags/penguins_preprocess.py
[2025-09-08T04:43:31.463+0000] {processor.py:809} INFO - DAG(s) dict_keys(['penguins_preprocess']) retrieved from /opt/airflow/dags/penguins_preprocess.py
[2025-09-08T04:43:31.485+0000] {logging_mixin.py:149} INFO - [2025-09-08T04:43:31.485+0000] {dag.py:2726} INFO - Sync 1 DAGs
[2025-09-08T04:43:31.500+0000] {logging_mixin.py:149} INFO - [2025-09-08T04:43:31.500+0000] {dag.py:3490} INFO - Setting next_dagrun for penguins_preprocess to 2025-09-08T04:42:53.167116+00:00, run_after=2025-09-08T04:43:53.167116+00:00
[2025-09-08T04:43:31.512+0000] {processor.py:178} INFO - Processing /opt/airflow/dags/penguins_preprocess.py took 0.061 seconds
[2025-09-08T04:44:01.810+0000] {processor.py:156} INFO - Started process (PID=349) to work on /opt/airflow/dags/penguins_preprocess.py
[2025-09-08T04:44:01.811+0000] {processor.py:799} INFO - Processing file /opt/airflow/dags/penguins_preprocess.py for tasks to queue
[2025-09-08T04:44:01.811+0000] {logging_mixin.py:149} INFO - [2025-09-08T04:44:01.811+0000] {dagbag.py:541} INFO - Filling up the DagBag from /opt/airflow/dags/penguins_preprocess.py
[2025-09-08T04:44:01.819+0000] {processor.py:809} INFO - DAG(s) dict_keys(['penguins_preprocess']) retrieved from /opt/airflow/dags/penguins_preprocess.py
[2025-09-08T04:44:01.838+0000] {logging_mixin.py:149} INFO - [2025-09-08T04:44:01.837+0000] {dag.py:2726} INFO - Sync 1 DAGs
[2025-09-08T04:44:01.851+0000] {logging_mixin.py:149} INFO - [2025-09-08T04:44:01.851+0000] {dag.py:3490} INFO - Setting next_dagrun for penguins_preprocess to 2025-09-08T04:43:53.167116+00:00, run_after=2025-09-08T04:44:53.167116+00:00
[2025-09-08T04:44:01.863+0000] {processor.py:178} INFO - Processing /opt/airflow/dags/penguins_preprocess.py took 0.056 seconds
[2025-09-08T04:44:32.200+0000] {processor.py:156} INFO - Started process (PID=359) to work on /opt/airflow/dags/penguins_preprocess.py
[2025-09-08T04:44:32.201+0000] {processor.py:799} INFO - Processing file /opt/airflow/dags/penguins_preprocess.py for tasks to queue
[2025-09-08T04:44:32.201+0000] {logging_mixin.py:149} INFO - [2025-09-08T04:44:32.201+0000] {dagbag.py:541} INFO - Filling up the DagBag from /opt/airflow/dags/penguins_preprocess.py
[2025-09-08T04:44:32.209+0000] {processor.py:809} INFO - DAG(s) dict_keys(['penguins_preprocess']) retrieved from /opt/airflow/dags/penguins_preprocess.py
[2025-09-08T04:44:32.228+0000] {logging_mixin.py:149} INFO - [2025-09-08T04:44:32.227+0000] {dag.py:2726} INFO - Sync 1 DAGs
[2025-09-08T04:44:32.241+0000] {logging_mixin.py:149} INFO - [2025-09-08T04:44:32.241+0000] {dag.py:3490} INFO - Setting next_dagrun for penguins_preprocess to 2025-09-08T04:43:53.167116+00:00, run_after=2025-09-08T04:44:53.167116+00:00
[2025-09-08T04:44:32.251+0000] {processor.py:178} INFO - Processing /opt/airflow/dags/penguins_preprocess.py took 0.055 seconds
[2025-09-08T04:45:02.605+0000] {processor.py:156} INFO - Started process (PID=369) to work on /opt/airflow/dags/penguins_preprocess.py
[2025-09-08T04:45:02.606+0000] {processor.py:799} INFO - Processing file /opt/airflow/dags/penguins_preprocess.py for tasks to queue
[2025-09-08T04:45:02.606+0000] {logging_mixin.py:149} INFO - [2025-09-08T04:45:02.606+0000] {dagbag.py:541} INFO - Filling up the DagBag from /opt/airflow/dags/penguins_preprocess.py
[2025-09-08T04:45:02.620+0000] {processor.py:809} INFO - DAG(s) dict_keys(['penguins_preprocess']) retrieved from /opt/airflow/dags/penguins_preprocess.py
[2025-09-08T04:45:02.639+0000] {logging_mixin.py:149} INFO - [2025-09-08T04:45:02.639+0000] {dag.py:2726} INFO - Sync 1 DAGs
[2025-09-08T04:45:02.654+0000] {logging_mixin.py:149} INFO - [2025-09-08T04:45:02.653+0000] {dag.py:3490} INFO - Setting next_dagrun for penguins_preprocess to 2025-09-08T04:44:53.167116+00:00, run_after=2025-09-08T04:45:53.167116+00:00
[2025-09-08T04:45:02.664+0000] {processor.py:178} INFO - Processing /opt/airflow/dags/penguins_preprocess.py took 0.062 seconds
[2025-09-08T04:45:32.930+0000] {processor.py:156} INFO - Started process (PID=379) to work on /opt/airflow/dags/penguins_preprocess.py
[2025-09-08T04:45:32.933+0000] {processor.py:799} INFO - Processing file /opt/airflow/dags/penguins_preprocess.py for tasks to queue
[2025-09-08T04:45:32.934+0000] {logging_mixin.py:149} INFO - [2025-09-08T04:45:32.934+0000] {dagbag.py:541} INFO - Filling up the DagBag from /opt/airflow/dags/penguins_preprocess.py
[2025-09-08T04:45:32.941+0000] {processor.py:809} INFO - DAG(s) dict_keys(['penguins_preprocess']) retrieved from /opt/airflow/dags/penguins_preprocess.py
[2025-09-08T04:45:32.958+0000] {logging_mixin.py:149} INFO - [2025-09-08T04:45:32.958+0000] {dag.py:2726} INFO - Sync 1 DAGs
[2025-09-08T04:45:32.970+0000] {logging_mixin.py:149} INFO - [2025-09-08T04:45:32.970+0000] {dag.py:3490} INFO - Setting next_dagrun for penguins_preprocess to 2025-09-08T04:44:53.167116+00:00, run_after=2025-09-08T04:45:53.167116+00:00
[2025-09-08T04:45:32.981+0000] {processor.py:178} INFO - Processing /opt/airflow/dags/penguins_preprocess.py took 0.054 seconds
[2025-09-08T04:46:03.231+0000] {processor.py:156} INFO - Started process (PID=389) to work on /opt/airflow/dags/penguins_preprocess.py
[2025-09-08T04:46:03.231+0000] {processor.py:799} INFO - Processing file /opt/airflow/dags/penguins_preprocess.py for tasks to queue
[2025-09-08T04:46:03.232+0000] {logging_mixin.py:149} INFO - [2025-09-08T04:46:03.232+0000] {dagbag.py:541} INFO - Filling up the DagBag from /opt/airflow/dags/penguins_preprocess.py
[2025-09-08T04:46:03.241+0000] {processor.py:809} INFO - DAG(s) dict_keys(['penguins_preprocess']) retrieved from /opt/airflow/dags/penguins_preprocess.py
[2025-09-08T04:46:03.257+0000] {logging_mixin.py:149} INFO - [2025-09-08T04:46:03.257+0000] {dag.py:2726} INFO - Sync 1 DAGs
[2025-09-08T04:46:03.270+0000] {logging_mixin.py:149} INFO - [2025-09-08T04:46:03.270+0000] {dag.py:3490} INFO - Setting next_dagrun for penguins_preprocess to 2025-09-08T04:45:53.167116+00:00, run_after=2025-09-08T04:46:53.167116+00:00
[2025-09-08T04:46:03.282+0000] {processor.py:178} INFO - Processing /opt/airflow/dags/penguins_preprocess.py took 0.053 seconds
