[2025-09-08T04:22:11.195+0000] {processor.py:156} INFO - Started process (PID=74) to work on /opt/airflow/dags/penguins_ingest.py
[2025-09-08T04:22:11.196+0000] {processor.py:799} INFO - Processing file /opt/airflow/dags/penguins_ingest.py for tasks to queue
[2025-09-08T04:22:11.197+0000] {logging_mixin.py:149} INFO - [2025-09-08T04:22:11.197+0000] {dagbag.py:541} INFO - Filling up the DagBag from /opt/airflow/dags/penguins_ingest.py
[2025-09-08T04:22:11.203+0000] {processor.py:809} INFO - DAG(s) dict_keys(['penguins_ingest']) retrieved from /opt/airflow/dags/penguins_ingest.py
[2025-09-08T04:22:11.234+0000] {logging_mixin.py:149} INFO - [2025-09-08T04:22:11.234+0000] {dag.py:2726} INFO - Sync 1 DAGs
[2025-09-08T04:22:11.254+0000] {processor.py:178} INFO - Processing /opt/airflow/dags/penguins_ingest.py took 0.060 seconds
[2025-09-08T04:22:41.508+0000] {processor.py:156} INFO - Started process (PID=88) to work on /opt/airflow/dags/penguins_ingest.py
[2025-09-08T04:22:41.509+0000] {processor.py:799} INFO - Processing file /opt/airflow/dags/penguins_ingest.py for tasks to queue
[2025-09-08T04:22:41.509+0000] {logging_mixin.py:149} INFO - [2025-09-08T04:22:41.509+0000] {dagbag.py:541} INFO - Filling up the DagBag from /opt/airflow/dags/penguins_ingest.py
[2025-09-08T04:22:41.515+0000] {processor.py:809} INFO - DAG(s) dict_keys(['penguins_ingest']) retrieved from /opt/airflow/dags/penguins_ingest.py
[2025-09-08T04:22:41.531+0000] {logging_mixin.py:149} INFO - [2025-09-08T04:22:41.531+0000] {dag.py:2726} INFO - Sync 1 DAGs
[2025-09-08T04:22:41.542+0000] {logging_mixin.py:149} INFO - [2025-09-08T04:22:41.542+0000] {dag.py:3490} INFO - Setting next_dagrun for penguins_ingest to 2025-09-08T04:22:12.167274+00:00, run_after=2025-09-08T04:22:42.167274+00:00
[2025-09-08T04:22:41.548+0000] {processor.py:178} INFO - Processing /opt/airflow/dags/penguins_ingest.py took 0.043 seconds
[2025-09-08T04:23:11.833+0000] {processor.py:156} INFO - Started process (PID=98) to work on /opt/airflow/dags/penguins_ingest.py
[2025-09-08T04:23:11.833+0000] {processor.py:799} INFO - Processing file /opt/airflow/dags/penguins_ingest.py for tasks to queue
[2025-09-08T04:23:11.833+0000] {logging_mixin.py:149} INFO - [2025-09-08T04:23:11.833+0000] {dagbag.py:541} INFO - Filling up the DagBag from /opt/airflow/dags/penguins_ingest.py
[2025-09-08T04:23:11.837+0000] {processor.py:809} INFO - DAG(s) dict_keys(['penguins_ingest']) retrieved from /opt/airflow/dags/penguins_ingest.py
[2025-09-08T04:23:11.849+0000] {logging_mixin.py:149} INFO - [2025-09-08T04:23:11.849+0000] {dag.py:2726} INFO - Sync 1 DAGs
[2025-09-08T04:23:11.858+0000] {logging_mixin.py:149} INFO - [2025-09-08T04:23:11.858+0000] {dag.py:3490} INFO - Setting next_dagrun for penguins_ingest to 2025-09-08T04:22:42.167274+00:00, run_after=2025-09-08T04:23:12.167274+00:00
[2025-09-08T04:23:11.864+0000] {processor.py:178} INFO - Processing /opt/airflow/dags/penguins_ingest.py took 0.033 seconds
[2025-09-08T04:23:42.278+0000] {processor.py:156} INFO - Started process (PID=112) to work on /opt/airflow/dags/penguins_ingest.py
[2025-09-08T04:23:42.279+0000] {processor.py:799} INFO - Processing file /opt/airflow/dags/penguins_ingest.py for tasks to queue
[2025-09-08T04:23:42.279+0000] {logging_mixin.py:149} INFO - [2025-09-08T04:23:42.279+0000] {dagbag.py:541} INFO - Filling up the DagBag from /opt/airflow/dags/penguins_ingest.py
[2025-09-08T04:23:42.284+0000] {processor.py:809} INFO - DAG(s) dict_keys(['penguins_ingest']) retrieved from /opt/airflow/dags/penguins_ingest.py
[2025-09-08T04:23:42.297+0000] {logging_mixin.py:149} INFO - [2025-09-08T04:23:42.297+0000] {dag.py:2726} INFO - Sync 1 DAGs
[2025-09-08T04:23:42.307+0000] {logging_mixin.py:149} INFO - [2025-09-08T04:23:42.307+0000] {dag.py:3490} INFO - Setting next_dagrun for penguins_ingest to 2025-09-08T04:23:12.307442+00:00, run_after=2025-09-08T04:23:42.307442+00:00
[2025-09-08T04:23:42.314+0000] {processor.py:178} INFO - Processing /opt/airflow/dags/penguins_ingest.py took 0.037 seconds
[2025-09-08T04:24:12.716+0000] {processor.py:156} INFO - Started process (PID=122) to work on /opt/airflow/dags/penguins_ingest.py
[2025-09-08T04:24:12.717+0000] {processor.py:799} INFO - Processing file /opt/airflow/dags/penguins_ingest.py for tasks to queue
[2025-09-08T04:24:12.717+0000] {logging_mixin.py:149} INFO - [2025-09-08T04:24:12.717+0000] {dagbag.py:541} INFO - Filling up the DagBag from /opt/airflow/dags/penguins_ingest.py
[2025-09-08T04:24:12.722+0000] {processor.py:809} INFO - DAG(s) dict_keys(['penguins_ingest']) retrieved from /opt/airflow/dags/penguins_ingest.py
[2025-09-08T04:24:12.736+0000] {logging_mixin.py:149} INFO - [2025-09-08T04:24:12.736+0000] {dag.py:2726} INFO - Sync 1 DAGs
[2025-09-08T04:24:12.747+0000] {logging_mixin.py:149} INFO - [2025-09-08T04:24:12.747+0000] {dag.py:3490} INFO - Setting next_dagrun for penguins_ingest to 2025-09-08T04:23:42.747713+00:00, run_after=2025-09-08T04:24:12.747713+00:00
[2025-09-08T04:24:12.754+0000] {processor.py:178} INFO - Processing /opt/airflow/dags/penguins_ingest.py took 0.039 seconds
[2025-09-08T04:24:43.173+0000] {processor.py:156} INFO - Started process (PID=136) to work on /opt/airflow/dags/penguins_ingest.py
[2025-09-08T04:24:43.174+0000] {processor.py:799} INFO - Processing file /opt/airflow/dags/penguins_ingest.py for tasks to queue
[2025-09-08T04:24:43.174+0000] {logging_mixin.py:149} INFO - [2025-09-08T04:24:43.174+0000] {dagbag.py:541} INFO - Filling up the DagBag from /opt/airflow/dags/penguins_ingest.py
[2025-09-08T04:24:43.180+0000] {processor.py:809} INFO - DAG(s) dict_keys(['penguins_ingest']) retrieved from /opt/airflow/dags/penguins_ingest.py
[2025-09-08T04:24:43.196+0000] {logging_mixin.py:149} INFO - [2025-09-08T04:24:43.195+0000] {dag.py:2726} INFO - Sync 1 DAGs
[2025-09-08T04:24:43.208+0000] {logging_mixin.py:149} INFO - [2025-09-08T04:24:43.208+0000] {dag.py:3490} INFO - Setting next_dagrun for penguins_ingest to 2025-09-08T04:24:13.207946+00:00, run_after=2025-09-08T04:24:43.207946+00:00
[2025-09-08T04:24:43.216+0000] {processor.py:178} INFO - Processing /opt/airflow/dags/penguins_ingest.py took 0.045 seconds
[2025-09-08T04:25:36.591+0000] {processor.py:156} INFO - Started process (PID=82) to work on /opt/airflow/dags/penguins_ingest.py
[2025-09-08T04:25:36.591+0000] {processor.py:799} INFO - Processing file /opt/airflow/dags/penguins_ingest.py for tasks to queue
[2025-09-08T04:25:36.592+0000] {logging_mixin.py:149} INFO - [2025-09-08T04:25:36.592+0000] {dagbag.py:541} INFO - Filling up the DagBag from /opt/airflow/dags/penguins_ingest.py
[2025-09-08T04:25:36.599+0000] {processor.py:809} INFO - DAG(s) dict_keys(['penguins_ingest']) retrieved from /opt/airflow/dags/penguins_ingest.py
[2025-09-08T04:25:36.632+0000] {logging_mixin.py:149} INFO - [2025-09-08T04:25:36.632+0000] {dag.py:2726} INFO - Sync 1 DAGs
[2025-09-08T04:25:36.642+0000] {logging_mixin.py:149} INFO - [2025-09-08T04:25:36.642+0000] {dag.py:3490} INFO - Setting next_dagrun for penguins_ingest to 2025-09-08T04:25:06.642106+00:00, run_after=2025-09-08T04:25:36.642106+00:00
[2025-09-08T04:25:36.650+0000] {processor.py:178} INFO - Processing /opt/airflow/dags/penguins_ingest.py took 0.061 seconds
[2025-09-08T04:26:06.964+0000] {processor.py:156} INFO - Started process (PID=96) to work on /opt/airflow/dags/penguins_ingest.py
[2025-09-08T04:26:06.965+0000] {processor.py:799} INFO - Processing file /opt/airflow/dags/penguins_ingest.py for tasks to queue
[2025-09-08T04:26:06.965+0000] {logging_mixin.py:149} INFO - [2025-09-08T04:26:06.965+0000] {dagbag.py:541} INFO - Filling up the DagBag from /opt/airflow/dags/penguins_ingest.py
[2025-09-08T04:26:06.974+0000] {processor.py:809} INFO - DAG(s) dict_keys(['penguins_ingest']) retrieved from /opt/airflow/dags/penguins_ingest.py
[2025-09-08T04:26:06.991+0000] {logging_mixin.py:149} INFO - [2025-09-08T04:26:06.991+0000] {dag.py:2726} INFO - Sync 1 DAGs
[2025-09-08T04:26:07.018+0000] {processor.py:178} INFO - Processing /opt/airflow/dags/penguins_ingest.py took 0.055 seconds
[2025-09-08T04:26:37.287+0000] {processor.py:156} INFO - Started process (PID=106) to work on /opt/airflow/dags/penguins_ingest.py
[2025-09-08T04:26:37.288+0000] {processor.py:799} INFO - Processing file /opt/airflow/dags/penguins_ingest.py for tasks to queue
[2025-09-08T04:26:37.288+0000] {logging_mixin.py:149} INFO - [2025-09-08T04:26:37.288+0000] {dagbag.py:541} INFO - Filling up the DagBag from /opt/airflow/dags/penguins_ingest.py
[2025-09-08T04:26:37.293+0000] {processor.py:809} INFO - DAG(s) dict_keys(['penguins_ingest']) retrieved from /opt/airflow/dags/penguins_ingest.py
[2025-09-08T04:26:37.308+0000] {logging_mixin.py:149} INFO - [2025-09-08T04:26:37.308+0000] {dag.py:2726} INFO - Sync 1 DAGs
[2025-09-08T04:26:37.320+0000] {logging_mixin.py:149} INFO - [2025-09-08T04:26:37.320+0000] {dag.py:3490} INFO - Setting next_dagrun for penguins_ingest to 2025-09-08T04:26:07.320615+00:00, run_after=2025-09-08T04:26:37.320615+00:00
[2025-09-08T04:26:37.331+0000] {processor.py:178} INFO - Processing /opt/airflow/dags/penguins_ingest.py took 0.045 seconds
[2025-09-08T04:27:07.697+0000] {processor.py:156} INFO - Started process (PID=116) to work on /opt/airflow/dags/penguins_ingest.py
[2025-09-08T04:27:07.698+0000] {processor.py:799} INFO - Processing file /opt/airflow/dags/penguins_ingest.py for tasks to queue
[2025-09-08T04:27:07.698+0000] {logging_mixin.py:149} INFO - [2025-09-08T04:27:07.698+0000] {dagbag.py:541} INFO - Filling up the DagBag from /opt/airflow/dags/penguins_ingest.py
[2025-09-08T04:27:07.703+0000] {processor.py:809} INFO - DAG(s) dict_keys(['penguins_ingest']) retrieved from /opt/airflow/dags/penguins_ingest.py
[2025-09-08T04:27:07.719+0000] {logging_mixin.py:149} INFO - [2025-09-08T04:27:07.719+0000] {dag.py:2726} INFO - Sync 1 DAGs
[2025-09-08T04:27:07.732+0000] {logging_mixin.py:149} INFO - [2025-09-08T04:27:07.732+0000] {dag.py:3490} INFO - Setting next_dagrun for penguins_ingest to 2025-09-08T04:26:37.732527+00:00, run_after=2025-09-08T04:27:07.732527+00:00
[2025-09-08T04:27:07.740+0000] {processor.py:178} INFO - Processing /opt/airflow/dags/penguins_ingest.py took 0.046 seconds
[2025-09-08T04:27:38.091+0000] {processor.py:156} INFO - Started process (PID=126) to work on /opt/airflow/dags/penguins_ingest.py
[2025-09-08T04:27:38.091+0000] {processor.py:799} INFO - Processing file /opt/airflow/dags/penguins_ingest.py for tasks to queue
[2025-09-08T04:27:38.091+0000] {logging_mixin.py:149} INFO - [2025-09-08T04:27:38.091+0000] {dagbag.py:541} INFO - Filling up the DagBag from /opt/airflow/dags/penguins_ingest.py
[2025-09-08T04:27:38.097+0000] {processor.py:809} INFO - DAG(s) dict_keys(['penguins_ingest']) retrieved from /opt/airflow/dags/penguins_ingest.py
[2025-09-08T04:27:38.111+0000] {logging_mixin.py:149} INFO - [2025-09-08T04:27:38.111+0000] {dag.py:2726} INFO - Sync 1 DAGs
[2025-09-08T04:27:38.123+0000] {logging_mixin.py:149} INFO - [2025-09-08T04:27:38.123+0000] {dag.py:3490} INFO - Setting next_dagrun for penguins_ingest to 2025-09-08T04:27:08.123751+00:00, run_after=2025-09-08T04:27:38.123751+00:00
[2025-09-08T04:27:38.132+0000] {processor.py:178} INFO - Processing /opt/airflow/dags/penguins_ingest.py took 0.043 seconds
[2025-09-08T04:28:08.471+0000] {processor.py:156} INFO - Started process (PID=143) to work on /opt/airflow/dags/penguins_ingest.py
[2025-09-08T04:28:08.471+0000] {processor.py:799} INFO - Processing file /opt/airflow/dags/penguins_ingest.py for tasks to queue
[2025-09-08T04:28:08.472+0000] {logging_mixin.py:149} INFO - [2025-09-08T04:28:08.472+0000] {dagbag.py:541} INFO - Filling up the DagBag from /opt/airflow/dags/penguins_ingest.py
[2025-09-08T04:28:08.476+0000] {processor.py:809} INFO - DAG(s) dict_keys(['penguins_ingest']) retrieved from /opt/airflow/dags/penguins_ingest.py
[2025-09-08T04:28:08.490+0000] {logging_mixin.py:149} INFO - [2025-09-08T04:28:08.490+0000] {dag.py:2726} INFO - Sync 1 DAGs
[2025-09-08T04:28:08.501+0000] {logging_mixin.py:149} INFO - [2025-09-08T04:28:08.501+0000] {dag.py:3490} INFO - Setting next_dagrun for penguins_ingest to 2025-09-08T04:27:38.501228+00:00, run_after=2025-09-08T04:28:08.501228+00:00
[2025-09-08T04:28:08.509+0000] {processor.py:178} INFO - Processing /opt/airflow/dags/penguins_ingest.py took 0.040 seconds
[2025-09-08T04:28:38.881+0000] {processor.py:156} INFO - Started process (PID=153) to work on /opt/airflow/dags/penguins_ingest.py
[2025-09-08T04:28:38.882+0000] {processor.py:799} INFO - Processing file /opt/airflow/dags/penguins_ingest.py for tasks to queue
[2025-09-08T04:28:38.882+0000] {logging_mixin.py:149} INFO - [2025-09-08T04:28:38.882+0000] {dagbag.py:541} INFO - Filling up the DagBag from /opt/airflow/dags/penguins_ingest.py
[2025-09-08T04:28:38.887+0000] {processor.py:809} INFO - DAG(s) dict_keys(['penguins_ingest']) retrieved from /opt/airflow/dags/penguins_ingest.py
[2025-09-08T04:28:38.901+0000] {logging_mixin.py:149} INFO - [2025-09-08T04:28:38.901+0000] {dag.py:2726} INFO - Sync 1 DAGs
[2025-09-08T04:28:38.913+0000] {logging_mixin.py:149} INFO - [2025-09-08T04:28:38.913+0000] {dag.py:3490} INFO - Setting next_dagrun for penguins_ingest to 2025-09-08T04:28:08.913619+00:00, run_after=2025-09-08T04:28:38.913619+00:00
[2025-09-08T04:28:38.922+0000] {processor.py:178} INFO - Processing /opt/airflow/dags/penguins_ingest.py took 0.043 seconds
[2025-09-08T04:29:09.234+0000] {processor.py:156} INFO - Started process (PID=163) to work on /opt/airflow/dags/penguins_ingest.py
[2025-09-08T04:29:09.235+0000] {processor.py:799} INFO - Processing file /opt/airflow/dags/penguins_ingest.py for tasks to queue
[2025-09-08T04:29:09.235+0000] {logging_mixin.py:149} INFO - [2025-09-08T04:29:09.235+0000] {dagbag.py:541} INFO - Filling up the DagBag from /opt/airflow/dags/penguins_ingest.py
[2025-09-08T04:29:09.240+0000] {processor.py:809} INFO - DAG(s) dict_keys(['penguins_ingest']) retrieved from /opt/airflow/dags/penguins_ingest.py
[2025-09-08T04:29:09.253+0000] {logging_mixin.py:149} INFO - [2025-09-08T04:29:09.253+0000] {dag.py:2726} INFO - Sync 1 DAGs
[2025-09-08T04:29:09.264+0000] {logging_mixin.py:149} INFO - [2025-09-08T04:29:09.264+0000] {dag.py:3490} INFO - Setting next_dagrun for penguins_ingest to 2025-09-08T04:28:39.264492+00:00, run_after=2025-09-08T04:29:09.264492+00:00
[2025-09-08T04:29:09.271+0000] {processor.py:178} INFO - Processing /opt/airflow/dags/penguins_ingest.py took 0.039 seconds
[2025-09-08T04:29:39.570+0000] {processor.py:156} INFO - Started process (PID=173) to work on /opt/airflow/dags/penguins_ingest.py
[2025-09-08T04:29:39.571+0000] {processor.py:799} INFO - Processing file /opt/airflow/dags/penguins_ingest.py for tasks to queue
[2025-09-08T04:29:39.571+0000] {logging_mixin.py:149} INFO - [2025-09-08T04:29:39.571+0000] {dagbag.py:541} INFO - Filling up the DagBag from /opt/airflow/dags/penguins_ingest.py
[2025-09-08T04:29:39.575+0000] {processor.py:809} INFO - DAG(s) dict_keys(['penguins_ingest']) retrieved from /opt/airflow/dags/penguins_ingest.py
[2025-09-08T04:29:39.588+0000] {logging_mixin.py:149} INFO - [2025-09-08T04:29:39.588+0000] {dag.py:2726} INFO - Sync 1 DAGs
[2025-09-08T04:29:39.600+0000] {logging_mixin.py:149} INFO - [2025-09-08T04:29:39.600+0000] {dag.py:3490} INFO - Setting next_dagrun for penguins_ingest to 2025-09-08T04:29:09.600251+00:00, run_after=2025-09-08T04:29:39.600251+00:00
[2025-09-08T04:29:39.607+0000] {processor.py:178} INFO - Processing /opt/airflow/dags/penguins_ingest.py took 0.039 seconds
[2025-09-08T04:30:10.001+0000] {processor.py:156} INFO - Started process (PID=183) to work on /opt/airflow/dags/penguins_ingest.py
[2025-09-08T04:30:10.002+0000] {processor.py:799} INFO - Processing file /opt/airflow/dags/penguins_ingest.py for tasks to queue
[2025-09-08T04:30:10.002+0000] {logging_mixin.py:149} INFO - [2025-09-08T04:30:10.002+0000] {dagbag.py:541} INFO - Filling up the DagBag from /opt/airflow/dags/penguins_ingest.py
[2025-09-08T04:30:10.008+0000] {processor.py:809} INFO - DAG(s) dict_keys(['penguins_ingest']) retrieved from /opt/airflow/dags/penguins_ingest.py
[2025-09-08T04:30:10.023+0000] {logging_mixin.py:149} INFO - [2025-09-08T04:30:10.023+0000] {dag.py:2726} INFO - Sync 1 DAGs
[2025-09-08T04:30:10.045+0000] {processor.py:178} INFO - Processing /opt/airflow/dags/penguins_ingest.py took 0.046 seconds
[2025-09-08T04:30:52.462+0000] {processor.py:156} INFO - Started process (PID=75) to work on /opt/airflow/dags/penguins_ingest.py
[2025-09-08T04:30:52.463+0000] {processor.py:799} INFO - Processing file /opt/airflow/dags/penguins_ingest.py for tasks to queue
[2025-09-08T04:30:52.463+0000] {logging_mixin.py:149} INFO - [2025-09-08T04:30:52.463+0000] {dagbag.py:541} INFO - Filling up the DagBag from /opt/airflow/dags/penguins_ingest.py
[2025-09-08T04:30:52.469+0000] {processor.py:809} INFO - DAG(s) dict_keys(['penguins_ingest']) retrieved from /opt/airflow/dags/penguins_ingest.py
[2025-09-08T04:30:52.507+0000] {logging_mixin.py:149} INFO - [2025-09-08T04:30:52.507+0000] {dag.py:2726} INFO - Sync 1 DAGs
[2025-09-08T04:30:52.532+0000] {processor.py:178} INFO - Processing /opt/airflow/dags/penguins_ingest.py took 0.073 seconds
[2025-09-08T04:31:22.793+0000] {processor.py:156} INFO - Started process (PID=92) to work on /opt/airflow/dags/penguins_ingest.py
[2025-09-08T04:31:22.793+0000] {processor.py:799} INFO - Processing file /opt/airflow/dags/penguins_ingest.py for tasks to queue
[2025-09-08T04:31:22.793+0000] {logging_mixin.py:149} INFO - [2025-09-08T04:31:22.793+0000] {dagbag.py:541} INFO - Filling up the DagBag from /opt/airflow/dags/penguins_ingest.py
[2025-09-08T04:31:22.799+0000] {processor.py:809} INFO - DAG(s) dict_keys(['penguins_ingest']) retrieved from /opt/airflow/dags/penguins_ingest.py
[2025-09-08T04:31:22.815+0000] {logging_mixin.py:149} INFO - [2025-09-08T04:31:22.815+0000] {dag.py:2726} INFO - Sync 1 DAGs
[2025-09-08T04:31:22.825+0000] {logging_mixin.py:149} INFO - [2025-09-08T04:31:22.825+0000] {dag.py:3490} INFO - Setting next_dagrun for penguins_ingest to 2025-09-08T04:30:53.422451+00:00, run_after=2025-09-08T04:31:23.422451+00:00
[2025-09-08T04:31:22.832+0000] {processor.py:178} INFO - Processing /opt/airflow/dags/penguins_ingest.py took 0.041 seconds
[2025-09-08T04:31:53.189+0000] {processor.py:156} INFO - Started process (PID=102) to work on /opt/airflow/dags/penguins_ingest.py
[2025-09-08T04:31:53.190+0000] {processor.py:799} INFO - Processing file /opt/airflow/dags/penguins_ingest.py for tasks to queue
[2025-09-08T04:31:53.190+0000] {logging_mixin.py:149} INFO - [2025-09-08T04:31:53.190+0000] {dagbag.py:541} INFO - Filling up the DagBag from /opt/airflow/dags/penguins_ingest.py
[2025-09-08T04:31:53.196+0000] {processor.py:809} INFO - DAG(s) dict_keys(['penguins_ingest']) retrieved from /opt/airflow/dags/penguins_ingest.py
[2025-09-08T04:31:53.213+0000] {logging_mixin.py:149} INFO - [2025-09-08T04:31:53.213+0000] {dag.py:2726} INFO - Sync 1 DAGs
[2025-09-08T04:31:53.227+0000] {logging_mixin.py:149} INFO - [2025-09-08T04:31:53.227+0000] {dag.py:3490} INFO - Setting next_dagrun for penguins_ingest to 2025-09-08T04:31:23.422451+00:00, run_after=2025-09-08T04:31:53.422451+00:00
[2025-09-08T04:31:53.241+0000] {processor.py:178} INFO - Processing /opt/airflow/dags/penguins_ingest.py took 0.054 seconds
[2025-09-08T04:32:23.635+0000] {processor.py:156} INFO - Started process (PID=116) to work on /opt/airflow/dags/penguins_ingest.py
[2025-09-08T04:32:23.636+0000] {processor.py:799} INFO - Processing file /opt/airflow/dags/penguins_ingest.py for tasks to queue
[2025-09-08T04:32:23.636+0000] {logging_mixin.py:149} INFO - [2025-09-08T04:32:23.636+0000] {dagbag.py:541} INFO - Filling up the DagBag from /opt/airflow/dags/penguins_ingest.py
[2025-09-08T04:32:23.643+0000] {processor.py:809} INFO - DAG(s) dict_keys(['penguins_ingest']) retrieved from /opt/airflow/dags/penguins_ingest.py
[2025-09-08T04:32:23.659+0000] {logging_mixin.py:149} INFO - [2025-09-08T04:32:23.659+0000] {dag.py:2726} INFO - Sync 1 DAGs
[2025-09-08T04:32:23.671+0000] {logging_mixin.py:149} INFO - [2025-09-08T04:32:23.671+0000] {dag.py:3490} INFO - Setting next_dagrun for penguins_ingest to 2025-09-08T04:31:53.671266+00:00, run_after=2025-09-08T04:32:23.671266+00:00
[2025-09-08T04:32:23.679+0000] {processor.py:178} INFO - Processing /opt/airflow/dags/penguins_ingest.py took 0.046 seconds
[2025-09-08T04:32:54.042+0000] {processor.py:156} INFO - Started process (PID=130) to work on /opt/airflow/dags/penguins_ingest.py
[2025-09-08T04:32:54.042+0000] {processor.py:799} INFO - Processing file /opt/airflow/dags/penguins_ingest.py for tasks to queue
[2025-09-08T04:32:54.042+0000] {logging_mixin.py:149} INFO - [2025-09-08T04:32:54.042+0000] {dagbag.py:541} INFO - Filling up the DagBag from /opt/airflow/dags/penguins_ingest.py
[2025-09-08T04:32:54.048+0000] {processor.py:809} INFO - DAG(s) dict_keys(['penguins_ingest']) retrieved from /opt/airflow/dags/penguins_ingest.py
[2025-09-08T04:32:54.062+0000] {logging_mixin.py:149} INFO - [2025-09-08T04:32:54.062+0000] {dag.py:2726} INFO - Sync 1 DAGs
[2025-09-08T04:32:54.072+0000] {logging_mixin.py:149} INFO - [2025-09-08T04:32:54.072+0000] {dag.py:3490} INFO - Setting next_dagrun for penguins_ingest to 2025-09-08T04:32:24.072776+00:00, run_after=2025-09-08T04:32:54.072776+00:00
[2025-09-08T04:32:54.079+0000] {processor.py:178} INFO - Processing /opt/airflow/dags/penguins_ingest.py took 0.039 seconds
[2025-09-08T04:33:24.486+0000] {processor.py:156} INFO - Started process (PID=140) to work on /opt/airflow/dags/penguins_ingest.py
[2025-09-08T04:33:24.487+0000] {processor.py:799} INFO - Processing file /opt/airflow/dags/penguins_ingest.py for tasks to queue
[2025-09-08T04:33:24.487+0000] {logging_mixin.py:149} INFO - [2025-09-08T04:33:24.487+0000] {dagbag.py:541} INFO - Filling up the DagBag from /opt/airflow/dags/penguins_ingest.py
[2025-09-08T04:33:24.496+0000] {processor.py:809} INFO - DAG(s) dict_keys(['penguins_ingest']) retrieved from /opt/airflow/dags/penguins_ingest.py
[2025-09-08T04:33:24.513+0000] {logging_mixin.py:149} INFO - [2025-09-08T04:33:24.513+0000] {dag.py:2726} INFO - Sync 1 DAGs
[2025-09-08T04:33:24.528+0000] {logging_mixin.py:149} INFO - [2025-09-08T04:33:24.528+0000] {dag.py:3490} INFO - Setting next_dagrun for penguins_ingest to 2025-09-08T04:32:54.528354+00:00, run_after=2025-09-08T04:33:24.528354+00:00
[2025-09-08T04:33:24.537+0000] {processor.py:178} INFO - Processing /opt/airflow/dags/penguins_ingest.py took 0.053 seconds
[2025-09-08T04:33:54.893+0000] {processor.py:156} INFO - Started process (PID=150) to work on /opt/airflow/dags/penguins_ingest.py
[2025-09-08T04:33:54.894+0000] {processor.py:799} INFO - Processing file /opt/airflow/dags/penguins_ingest.py for tasks to queue
[2025-09-08T04:33:54.894+0000] {logging_mixin.py:149} INFO - [2025-09-08T04:33:54.894+0000] {dagbag.py:541} INFO - Filling up the DagBag from /opt/airflow/dags/penguins_ingest.py
[2025-09-08T04:33:54.899+0000] {processor.py:809} INFO - DAG(s) dict_keys(['penguins_ingest']) retrieved from /opt/airflow/dags/penguins_ingest.py
[2025-09-08T04:33:54.912+0000] {logging_mixin.py:149} INFO - [2025-09-08T04:33:54.912+0000] {dag.py:2726} INFO - Sync 1 DAGs
[2025-09-08T04:33:54.924+0000] {logging_mixin.py:149} INFO - [2025-09-08T04:33:54.924+0000] {dag.py:3490} INFO - Setting next_dagrun for penguins_ingest to 2025-09-08T04:33:24.924242+00:00, run_after=2025-09-08T04:33:54.924242+00:00
[2025-09-08T04:33:54.933+0000] {processor.py:178} INFO - Processing /opt/airflow/dags/penguins_ingest.py took 0.042 seconds
[2025-09-08T04:34:25.261+0000] {processor.py:156} INFO - Started process (PID=160) to work on /opt/airflow/dags/penguins_ingest.py
[2025-09-08T04:34:25.262+0000] {processor.py:799} INFO - Processing file /opt/airflow/dags/penguins_ingest.py for tasks to queue
[2025-09-08T04:34:25.262+0000] {logging_mixin.py:149} INFO - [2025-09-08T04:34:25.262+0000] {dagbag.py:541} INFO - Filling up the DagBag from /opt/airflow/dags/penguins_ingest.py
[2025-09-08T04:34:25.267+0000] {processor.py:809} INFO - DAG(s) dict_keys(['penguins_ingest']) retrieved from /opt/airflow/dags/penguins_ingest.py
[2025-09-08T04:34:25.281+0000] {logging_mixin.py:149} INFO - [2025-09-08T04:34:25.281+0000] {dag.py:2726} INFO - Sync 1 DAGs
[2025-09-08T04:34:25.300+0000] {processor.py:178} INFO - Processing /opt/airflow/dags/penguins_ingest.py took 0.041 seconds
[2025-09-08T04:34:55.547+0000] {processor.py:156} INFO - Started process (PID=170) to work on /opt/airflow/dags/penguins_ingest.py
[2025-09-08T04:34:55.548+0000] {processor.py:799} INFO - Processing file /opt/airflow/dags/penguins_ingest.py for tasks to queue
[2025-09-08T04:34:55.549+0000] {logging_mixin.py:149} INFO - [2025-09-08T04:34:55.549+0000] {dagbag.py:541} INFO - Filling up the DagBag from /opt/airflow/dags/penguins_ingest.py
[2025-09-08T04:34:55.553+0000] {processor.py:809} INFO - DAG(s) dict_keys(['penguins_ingest']) retrieved from /opt/airflow/dags/penguins_ingest.py
[2025-09-08T04:34:55.569+0000] {logging_mixin.py:149} INFO - [2025-09-08T04:34:55.569+0000] {dag.py:2726} INFO - Sync 1 DAGs
[2025-09-08T04:34:55.588+0000] {processor.py:178} INFO - Processing /opt/airflow/dags/penguins_ingest.py took 0.042 seconds
[2025-09-08T04:35:25.826+0000] {processor.py:156} INFO - Started process (PID=180) to work on /opt/airflow/dags/penguins_ingest.py
[2025-09-08T04:35:25.826+0000] {processor.py:799} INFO - Processing file /opt/airflow/dags/penguins_ingest.py for tasks to queue
[2025-09-08T04:35:25.827+0000] {logging_mixin.py:149} INFO - [2025-09-08T04:35:25.827+0000] {dagbag.py:541} INFO - Filling up the DagBag from /opt/airflow/dags/penguins_ingest.py
[2025-09-08T04:35:25.832+0000] {processor.py:809} INFO - DAG(s) dict_keys(['penguins_ingest']) retrieved from /opt/airflow/dags/penguins_ingest.py
[2025-09-08T04:35:25.847+0000] {logging_mixin.py:149} INFO - [2025-09-08T04:35:25.847+0000] {dag.py:2726} INFO - Sync 1 DAGs
[2025-09-08T04:35:25.870+0000] {processor.py:178} INFO - Processing /opt/airflow/dags/penguins_ingest.py took 0.046 seconds
[2025-09-08T04:35:56.156+0000] {processor.py:156} INFO - Started process (PID=190) to work on /opt/airflow/dags/penguins_ingest.py
[2025-09-08T04:35:56.156+0000] {processor.py:799} INFO - Processing file /opt/airflow/dags/penguins_ingest.py for tasks to queue
[2025-09-08T04:35:56.157+0000] {logging_mixin.py:149} INFO - [2025-09-08T04:35:56.157+0000] {dagbag.py:541} INFO - Filling up the DagBag from /opt/airflow/dags/penguins_ingest.py
[2025-09-08T04:35:56.161+0000] {processor.py:809} INFO - DAG(s) dict_keys(['penguins_ingest']) retrieved from /opt/airflow/dags/penguins_ingest.py
[2025-09-08T04:35:56.176+0000] {logging_mixin.py:149} INFO - [2025-09-08T04:35:56.176+0000] {dag.py:2726} INFO - Sync 1 DAGs
[2025-09-08T04:35:56.188+0000] {logging_mixin.py:149} INFO - [2025-09-08T04:35:56.188+0000] {dag.py:3490} INFO - Setting next_dagrun for penguins_ingest to 2025-09-08T04:35:54.924242+00:00, run_after=2025-09-08T04:36:24.924242+00:00
[2025-09-08T04:35:56.196+0000] {processor.py:178} INFO - Processing /opt/airflow/dags/penguins_ingest.py took 0.042 seconds
[2025-09-08T04:36:26.523+0000] {processor.py:156} INFO - Started process (PID=200) to work on /opt/airflow/dags/penguins_ingest.py
[2025-09-08T04:36:26.524+0000] {processor.py:799} INFO - Processing file /opt/airflow/dags/penguins_ingest.py for tasks to queue
[2025-09-08T04:36:26.524+0000] {logging_mixin.py:149} INFO - [2025-09-08T04:36:26.524+0000] {dagbag.py:541} INFO - Filling up the DagBag from /opt/airflow/dags/penguins_ingest.py
[2025-09-08T04:36:26.530+0000] {processor.py:809} INFO - DAG(s) dict_keys(['penguins_ingest']) retrieved from /opt/airflow/dags/penguins_ingest.py
[2025-09-08T04:36:26.543+0000] {logging_mixin.py:149} INFO - [2025-09-08T04:36:26.543+0000] {dag.py:2726} INFO - Sync 1 DAGs
[2025-09-08T04:36:26.555+0000] {logging_mixin.py:149} INFO - [2025-09-08T04:36:26.554+0000] {dag.py:3490} INFO - Setting next_dagrun for penguins_ingest to 2025-09-08T04:36:24.924242+00:00, run_after=2025-09-08T04:36:54.924242+00:00
[2025-09-08T04:36:26.561+0000] {processor.py:178} INFO - Processing /opt/airflow/dags/penguins_ingest.py took 0.040 seconds
[2025-09-08T04:36:56.896+0000] {processor.py:156} INFO - Started process (PID=210) to work on /opt/airflow/dags/penguins_ingest.py
[2025-09-08T04:36:56.897+0000] {processor.py:799} INFO - Processing file /opt/airflow/dags/penguins_ingest.py for tasks to queue
[2025-09-08T04:36:56.897+0000] {logging_mixin.py:149} INFO - [2025-09-08T04:36:56.897+0000] {dagbag.py:541} INFO - Filling up the DagBag from /opt/airflow/dags/penguins_ingest.py
[2025-09-08T04:36:56.901+0000] {processor.py:809} INFO - DAG(s) dict_keys(['penguins_ingest']) retrieved from /opt/airflow/dags/penguins_ingest.py
[2025-09-08T04:36:56.915+0000] {logging_mixin.py:149} INFO - [2025-09-08T04:36:56.915+0000] {dag.py:2726} INFO - Sync 1 DAGs
[2025-09-08T04:36:56.925+0000] {logging_mixin.py:149} INFO - [2025-09-08T04:36:56.925+0000] {dag.py:3490} INFO - Setting next_dagrun for penguins_ingest to 2025-09-08T04:36:54.924242+00:00, run_after=2025-09-08T04:37:24.924242+00:00
[2025-09-08T04:36:56.934+0000] {processor.py:178} INFO - Processing /opt/airflow/dags/penguins_ingest.py took 0.039 seconds
[2025-09-08T04:37:27.266+0000] {processor.py:156} INFO - Started process (PID=220) to work on /opt/airflow/dags/penguins_ingest.py
[2025-09-08T04:37:27.266+0000] {processor.py:799} INFO - Processing file /opt/airflow/dags/penguins_ingest.py for tasks to queue
[2025-09-08T04:37:27.267+0000] {logging_mixin.py:149} INFO - [2025-09-08T04:37:27.267+0000] {dagbag.py:541} INFO - Filling up the DagBag from /opt/airflow/dags/penguins_ingest.py
[2025-09-08T04:37:27.272+0000] {processor.py:809} INFO - DAG(s) dict_keys(['penguins_ingest']) retrieved from /opt/airflow/dags/penguins_ingest.py
[2025-09-08T04:37:27.287+0000] {logging_mixin.py:149} INFO - [2025-09-08T04:37:27.287+0000] {dag.py:2726} INFO - Sync 1 DAGs
[2025-09-08T04:37:27.299+0000] {logging_mixin.py:149} INFO - [2025-09-08T04:37:27.299+0000] {dag.py:3490} INFO - Setting next_dagrun for penguins_ingest to 2025-09-08T04:37:24.924242+00:00, run_after=2025-09-08T04:37:54.924242+00:00
[2025-09-08T04:37:27.305+0000] {processor.py:178} INFO - Processing /opt/airflow/dags/penguins_ingest.py took 0.041 seconds
[2025-09-08T04:37:57.657+0000] {processor.py:156} INFO - Started process (PID=230) to work on /opt/airflow/dags/penguins_ingest.py
[2025-09-08T04:37:57.657+0000] {processor.py:799} INFO - Processing file /opt/airflow/dags/penguins_ingest.py for tasks to queue
[2025-09-08T04:37:57.657+0000] {logging_mixin.py:149} INFO - [2025-09-08T04:37:57.657+0000] {dagbag.py:541} INFO - Filling up the DagBag from /opt/airflow/dags/penguins_ingest.py
[2025-09-08T04:37:57.663+0000] {processor.py:809} INFO - DAG(s) dict_keys(['penguins_ingest']) retrieved from /opt/airflow/dags/penguins_ingest.py
[2025-09-08T04:37:57.676+0000] {logging_mixin.py:149} INFO - [2025-09-08T04:37:57.676+0000] {dag.py:2726} INFO - Sync 1 DAGs
[2025-09-08T04:37:57.687+0000] {logging_mixin.py:149} INFO - [2025-09-08T04:37:57.687+0000] {dag.py:3490} INFO - Setting next_dagrun for penguins_ingest to 2025-09-08T04:37:54.924242+00:00, run_after=2025-09-08T04:38:24.924242+00:00
[2025-09-08T04:37:57.694+0000] {processor.py:178} INFO - Processing /opt/airflow/dags/penguins_ingest.py took 0.039 seconds
[2025-09-08T04:38:28.042+0000] {processor.py:156} INFO - Started process (PID=240) to work on /opt/airflow/dags/penguins_ingest.py
[2025-09-08T04:38:28.043+0000] {processor.py:799} INFO - Processing file /opt/airflow/dags/penguins_ingest.py for tasks to queue
[2025-09-08T04:38:28.043+0000] {logging_mixin.py:149} INFO - [2025-09-08T04:38:28.043+0000] {dagbag.py:541} INFO - Filling up the DagBag from /opt/airflow/dags/penguins_ingest.py
[2025-09-08T04:38:28.048+0000] {processor.py:809} INFO - DAG(s) dict_keys(['penguins_ingest']) retrieved from /opt/airflow/dags/penguins_ingest.py
[2025-09-08T04:38:28.064+0000] {logging_mixin.py:149} INFO - [2025-09-08T04:38:28.063+0000] {dag.py:2726} INFO - Sync 1 DAGs
[2025-09-08T04:38:28.078+0000] {logging_mixin.py:149} INFO - [2025-09-08T04:38:28.078+0000] {dag.py:3490} INFO - Setting next_dagrun for penguins_ingest to 2025-09-08T04:38:24.924242+00:00, run_after=2025-09-08T04:38:54.924242+00:00
[2025-09-08T04:38:28.087+0000] {processor.py:178} INFO - Processing /opt/airflow/dags/penguins_ingest.py took 0.047 seconds
[2025-09-08T04:38:58.434+0000] {processor.py:156} INFO - Started process (PID=250) to work on /opt/airflow/dags/penguins_ingest.py
[2025-09-08T04:38:58.435+0000] {processor.py:799} INFO - Processing file /opt/airflow/dags/penguins_ingest.py for tasks to queue
[2025-09-08T04:38:58.435+0000] {logging_mixin.py:149} INFO - [2025-09-08T04:38:58.435+0000] {dagbag.py:541} INFO - Filling up the DagBag from /opt/airflow/dags/penguins_ingest.py
[2025-09-08T04:38:58.441+0000] {processor.py:809} INFO - DAG(s) dict_keys(['penguins_ingest']) retrieved from /opt/airflow/dags/penguins_ingest.py
[2025-09-08T04:38:58.457+0000] {logging_mixin.py:149} INFO - [2025-09-08T04:38:58.457+0000] {dag.py:2726} INFO - Sync 1 DAGs
[2025-09-08T04:38:58.469+0000] {logging_mixin.py:149} INFO - [2025-09-08T04:38:58.469+0000] {dag.py:3490} INFO - Setting next_dagrun for penguins_ingest to 2025-09-08T04:38:54.924242+00:00, run_after=2025-09-08T04:39:24.924242+00:00
[2025-09-08T04:38:58.479+0000] {processor.py:178} INFO - Processing /opt/airflow/dags/penguins_ingest.py took 0.047 seconds
[2025-09-08T04:39:28.817+0000] {processor.py:156} INFO - Started process (PID=260) to work on /opt/airflow/dags/penguins_ingest.py
[2025-09-08T04:39:28.818+0000] {processor.py:799} INFO - Processing file /opt/airflow/dags/penguins_ingest.py for tasks to queue
[2025-09-08T04:39:28.818+0000] {logging_mixin.py:149} INFO - [2025-09-08T04:39:28.818+0000] {dagbag.py:541} INFO - Filling up the DagBag from /opt/airflow/dags/penguins_ingest.py
[2025-09-08T04:39:28.822+0000] {processor.py:809} INFO - DAG(s) dict_keys(['penguins_ingest']) retrieved from /opt/airflow/dags/penguins_ingest.py
[2025-09-08T04:39:28.836+0000] {logging_mixin.py:149} INFO - [2025-09-08T04:39:28.836+0000] {dag.py:2726} INFO - Sync 1 DAGs
[2025-09-08T04:39:28.846+0000] {logging_mixin.py:149} INFO - [2025-09-08T04:39:28.846+0000] {dag.py:3490} INFO - Setting next_dagrun for penguins_ingest to 2025-09-08T04:39:24.924242+00:00, run_after=2025-09-08T04:39:54.924242+00:00
[2025-09-08T04:39:28.855+0000] {processor.py:178} INFO - Processing /opt/airflow/dags/penguins_ingest.py took 0.040 seconds
[2025-09-08T04:39:59.103+0000] {processor.py:156} INFO - Started process (PID=270) to work on /opt/airflow/dags/penguins_ingest.py
[2025-09-08T04:39:59.104+0000] {processor.py:799} INFO - Processing file /opt/airflow/dags/penguins_ingest.py for tasks to queue
[2025-09-08T04:39:59.104+0000] {logging_mixin.py:149} INFO - [2025-09-08T04:39:59.104+0000] {dagbag.py:541} INFO - Filling up the DagBag from /opt/airflow/dags/penguins_ingest.py
[2025-09-08T04:39:59.109+0000] {processor.py:809} INFO - DAG(s) dict_keys(['penguins_ingest']) retrieved from /opt/airflow/dags/penguins_ingest.py
[2025-09-08T04:39:59.122+0000] {logging_mixin.py:149} INFO - [2025-09-08T04:39:59.122+0000] {dag.py:2726} INFO - Sync 1 DAGs
[2025-09-08T04:39:59.133+0000] {logging_mixin.py:149} INFO - [2025-09-08T04:39:59.132+0000] {dag.py:3490} INFO - Setting next_dagrun for penguins_ingest to 2025-09-08T04:39:54.924242+00:00, run_after=2025-09-08T04:40:24.924242+00:00
[2025-09-08T04:39:59.140+0000] {processor.py:178} INFO - Processing /opt/airflow/dags/penguins_ingest.py took 0.038 seconds
[2025-09-08T04:40:29.396+0000] {processor.py:156} INFO - Started process (PID=280) to work on /opt/airflow/dags/penguins_ingest.py
[2025-09-08T04:40:29.396+0000] {processor.py:799} INFO - Processing file /opt/airflow/dags/penguins_ingest.py for tasks to queue
[2025-09-08T04:40:29.397+0000] {logging_mixin.py:149} INFO - [2025-09-08T04:40:29.396+0000] {dagbag.py:541} INFO - Filling up the DagBag from /opt/airflow/dags/penguins_ingest.py
[2025-09-08T04:40:29.401+0000] {processor.py:809} INFO - DAG(s) dict_keys(['penguins_ingest']) retrieved from /opt/airflow/dags/penguins_ingest.py
[2025-09-08T04:40:29.414+0000] {logging_mixin.py:149} INFO - [2025-09-08T04:40:29.414+0000] {dag.py:2726} INFO - Sync 1 DAGs
[2025-09-08T04:40:29.424+0000] {logging_mixin.py:149} INFO - [2025-09-08T04:40:29.424+0000] {dag.py:3490} INFO - Setting next_dagrun for penguins_ingest to 2025-09-08T04:40:24.924242+00:00, run_after=2025-09-08T04:40:54.924242+00:00
[2025-09-08T04:40:29.430+0000] {processor.py:178} INFO - Processing /opt/airflow/dags/penguins_ingest.py took 0.036 seconds
[2025-09-08T04:40:59.734+0000] {processor.py:156} INFO - Started process (PID=290) to work on /opt/airflow/dags/penguins_ingest.py
[2025-09-08T04:40:59.734+0000] {processor.py:799} INFO - Processing file /opt/airflow/dags/penguins_ingest.py for tasks to queue
[2025-09-08T04:40:59.734+0000] {logging_mixin.py:149} INFO - [2025-09-08T04:40:59.734+0000] {dagbag.py:541} INFO - Filling up the DagBag from /opt/airflow/dags/penguins_ingest.py
[2025-09-08T04:40:59.739+0000] {processor.py:809} INFO - DAG(s) dict_keys(['penguins_ingest']) retrieved from /opt/airflow/dags/penguins_ingest.py
[2025-09-08T04:40:59.751+0000] {logging_mixin.py:149} INFO - [2025-09-08T04:40:59.751+0000] {dag.py:2726} INFO - Sync 1 DAGs
[2025-09-08T04:40:59.763+0000] {logging_mixin.py:149} INFO - [2025-09-08T04:40:59.763+0000] {dag.py:3490} INFO - Setting next_dagrun for penguins_ingest to 2025-09-08T04:40:54.924242+00:00, run_after=2025-09-08T04:41:24.924242+00:00
[2025-09-08T04:40:59.771+0000] {processor.py:178} INFO - Processing /opt/airflow/dags/penguins_ingest.py took 0.039 seconds
[2025-09-08T04:41:30.086+0000] {processor.py:156} INFO - Started process (PID=300) to work on /opt/airflow/dags/penguins_ingest.py
[2025-09-08T04:41:30.087+0000] {processor.py:799} INFO - Processing file /opt/airflow/dags/penguins_ingest.py for tasks to queue
[2025-09-08T04:41:30.087+0000] {logging_mixin.py:149} INFO - [2025-09-08T04:41:30.087+0000] {dagbag.py:541} INFO - Filling up the DagBag from /opt/airflow/dags/penguins_ingest.py
[2025-09-08T04:41:30.091+0000] {processor.py:809} INFO - DAG(s) dict_keys(['penguins_ingest']) retrieved from /opt/airflow/dags/penguins_ingest.py
[2025-09-08T04:41:30.104+0000] {logging_mixin.py:149} INFO - [2025-09-08T04:41:30.104+0000] {dag.py:2726} INFO - Sync 1 DAGs
[2025-09-08T04:41:30.114+0000] {logging_mixin.py:149} INFO - [2025-09-08T04:41:30.114+0000] {dag.py:3490} INFO - Setting next_dagrun for penguins_ingest to 2025-09-08T04:41:24.924242+00:00, run_after=2025-09-08T04:41:54.924242+00:00
[2025-09-08T04:41:30.120+0000] {processor.py:178} INFO - Processing /opt/airflow/dags/penguins_ingest.py took 0.036 seconds
[2025-09-08T04:42:00.435+0000] {processor.py:156} INFO - Started process (PID=310) to work on /opt/airflow/dags/penguins_ingest.py
[2025-09-08T04:42:00.435+0000] {processor.py:799} INFO - Processing file /opt/airflow/dags/penguins_ingest.py for tasks to queue
[2025-09-08T04:42:00.436+0000] {logging_mixin.py:149} INFO - [2025-09-08T04:42:00.436+0000] {dagbag.py:541} INFO - Filling up the DagBag from /opt/airflow/dags/penguins_ingest.py
[2025-09-08T04:42:00.440+0000] {processor.py:809} INFO - DAG(s) dict_keys(['penguins_ingest']) retrieved from /opt/airflow/dags/penguins_ingest.py
[2025-09-08T04:42:00.451+0000] {logging_mixin.py:149} INFO - [2025-09-08T04:42:00.451+0000] {dag.py:2726} INFO - Sync 1 DAGs
[2025-09-08T04:42:00.461+0000] {logging_mixin.py:149} INFO - [2025-09-08T04:42:00.461+0000] {dag.py:3490} INFO - Setting next_dagrun for penguins_ingest to 2025-09-08T04:41:54.924242+00:00, run_after=2025-09-08T04:42:24.924242+00:00
[2025-09-08T04:42:00.467+0000] {processor.py:178} INFO - Processing /opt/airflow/dags/penguins_ingest.py took 0.034 seconds
[2025-09-08T04:42:30.801+0000] {processor.py:156} INFO - Started process (PID=320) to work on /opt/airflow/dags/penguins_ingest.py
[2025-09-08T04:42:30.801+0000] {processor.py:799} INFO - Processing file /opt/airflow/dags/penguins_ingest.py for tasks to queue
[2025-09-08T04:42:30.802+0000] {logging_mixin.py:149} INFO - [2025-09-08T04:42:30.802+0000] {dagbag.py:541} INFO - Filling up the DagBag from /opt/airflow/dags/penguins_ingest.py
[2025-09-08T04:42:30.806+0000] {processor.py:809} INFO - DAG(s) dict_keys(['penguins_ingest']) retrieved from /opt/airflow/dags/penguins_ingest.py
[2025-09-08T04:42:30.819+0000] {logging_mixin.py:149} INFO - [2025-09-08T04:42:30.819+0000] {dag.py:2726} INFO - Sync 1 DAGs
[2025-09-08T04:42:30.829+0000] {logging_mixin.py:149} INFO - [2025-09-08T04:42:30.829+0000] {dag.py:3490} INFO - Setting next_dagrun for penguins_ingest to 2025-09-08T04:42:24.924242+00:00, run_after=2025-09-08T04:42:54.924242+00:00
[2025-09-08T04:42:30.837+0000] {processor.py:178} INFO - Processing /opt/airflow/dags/penguins_ingest.py took 0.037 seconds
[2025-09-08T04:43:01.165+0000] {processor.py:156} INFO - Started process (PID=330) to work on /opt/airflow/dags/penguins_ingest.py
[2025-09-08T04:43:01.166+0000] {processor.py:799} INFO - Processing file /opt/airflow/dags/penguins_ingest.py for tasks to queue
[2025-09-08T04:43:01.166+0000] {logging_mixin.py:149} INFO - [2025-09-08T04:43:01.166+0000] {dagbag.py:541} INFO - Filling up the DagBag from /opt/airflow/dags/penguins_ingest.py
[2025-09-08T04:43:01.170+0000] {processor.py:809} INFO - DAG(s) dict_keys(['penguins_ingest']) retrieved from /opt/airflow/dags/penguins_ingest.py
[2025-09-08T04:43:01.182+0000] {logging_mixin.py:149} INFO - [2025-09-08T04:43:01.182+0000] {dag.py:2726} INFO - Sync 1 DAGs
[2025-09-08T04:43:01.191+0000] {logging_mixin.py:149} INFO - [2025-09-08T04:43:01.191+0000] {dag.py:3490} INFO - Setting next_dagrun for penguins_ingest to 2025-09-08T04:42:54.924242+00:00, run_after=2025-09-08T04:43:24.924242+00:00
[2025-09-08T04:43:01.197+0000] {processor.py:178} INFO - Processing /opt/airflow/dags/penguins_ingest.py took 0.033 seconds
[2025-09-08T04:43:31.520+0000] {processor.py:156} INFO - Started process (PID=340) to work on /opt/airflow/dags/penguins_ingest.py
[2025-09-08T04:43:31.521+0000] {processor.py:799} INFO - Processing file /opt/airflow/dags/penguins_ingest.py for tasks to queue
[2025-09-08T04:43:31.521+0000] {logging_mixin.py:149} INFO - [2025-09-08T04:43:31.521+0000] {dagbag.py:541} INFO - Filling up the DagBag from /opt/airflow/dags/penguins_ingest.py
[2025-09-08T04:43:31.525+0000] {processor.py:809} INFO - DAG(s) dict_keys(['penguins_ingest']) retrieved from /opt/airflow/dags/penguins_ingest.py
[2025-09-08T04:43:31.537+0000] {logging_mixin.py:149} INFO - [2025-09-08T04:43:31.537+0000] {dag.py:2726} INFO - Sync 1 DAGs
[2025-09-08T04:43:31.548+0000] {logging_mixin.py:149} INFO - [2025-09-08T04:43:31.548+0000] {dag.py:3490} INFO - Setting next_dagrun for penguins_ingest to 2025-09-08T04:43:24.924242+00:00, run_after=2025-09-08T04:43:54.924242+00:00
[2025-09-08T04:43:31.554+0000] {processor.py:178} INFO - Processing /opt/airflow/dags/penguins_ingest.py took 0.036 seconds
[2025-09-08T04:44:01.870+0000] {processor.py:156} INFO - Started process (PID=350) to work on /opt/airflow/dags/penguins_ingest.py
[2025-09-08T04:44:01.870+0000] {processor.py:799} INFO - Processing file /opt/airflow/dags/penguins_ingest.py for tasks to queue
[2025-09-08T04:44:01.871+0000] {logging_mixin.py:149} INFO - [2025-09-08T04:44:01.871+0000] {dagbag.py:541} INFO - Filling up the DagBag from /opt/airflow/dags/penguins_ingest.py
[2025-09-08T04:44:01.875+0000] {processor.py:809} INFO - DAG(s) dict_keys(['penguins_ingest']) retrieved from /opt/airflow/dags/penguins_ingest.py
[2025-09-08T04:44:01.886+0000] {logging_mixin.py:149} INFO - [2025-09-08T04:44:01.886+0000] {dag.py:2726} INFO - Sync 1 DAGs
[2025-09-08T04:44:01.895+0000] {logging_mixin.py:149} INFO - [2025-09-08T04:44:01.895+0000] {dag.py:3490} INFO - Setting next_dagrun for penguins_ingest to 2025-09-08T04:43:54.924242+00:00, run_after=2025-09-08T04:44:24.924242+00:00
[2025-09-08T04:44:01.902+0000] {processor.py:178} INFO - Processing /opt/airflow/dags/penguins_ingest.py took 0.034 seconds
[2025-09-08T04:44:32.262+0000] {processor.py:156} INFO - Started process (PID=360) to work on /opt/airflow/dags/penguins_ingest.py
[2025-09-08T04:44:32.262+0000] {processor.py:799} INFO - Processing file /opt/airflow/dags/penguins_ingest.py for tasks to queue
[2025-09-08T04:44:32.263+0000] {logging_mixin.py:149} INFO - [2025-09-08T04:44:32.263+0000] {dagbag.py:541} INFO - Filling up the DagBag from /opt/airflow/dags/penguins_ingest.py
[2025-09-08T04:44:32.267+0000] {processor.py:809} INFO - DAG(s) dict_keys(['penguins_ingest']) retrieved from /opt/airflow/dags/penguins_ingest.py
[2025-09-08T04:44:32.280+0000] {logging_mixin.py:149} INFO - [2025-09-08T04:44:32.279+0000] {dag.py:2726} INFO - Sync 1 DAGs
[2025-09-08T04:44:32.289+0000] {logging_mixin.py:149} INFO - [2025-09-08T04:44:32.289+0000] {dag.py:3490} INFO - Setting next_dagrun for penguins_ingest to 2025-09-08T04:44:24.924242+00:00, run_after=2025-09-08T04:44:54.924242+00:00
[2025-09-08T04:44:32.296+0000] {processor.py:178} INFO - Processing /opt/airflow/dags/penguins_ingest.py took 0.036 seconds
[2025-09-08T04:45:02.673+0000] {processor.py:156} INFO - Started process (PID=370) to work on /opt/airflow/dags/penguins_ingest.py
[2025-09-08T04:45:02.673+0000] {processor.py:799} INFO - Processing file /opt/airflow/dags/penguins_ingest.py for tasks to queue
[2025-09-08T04:45:02.674+0000] {logging_mixin.py:149} INFO - [2025-09-08T04:45:02.673+0000] {dagbag.py:541} INFO - Filling up the DagBag from /opt/airflow/dags/penguins_ingest.py
[2025-09-08T04:45:02.679+0000] {processor.py:809} INFO - DAG(s) dict_keys(['penguins_ingest']) retrieved from /opt/airflow/dags/penguins_ingest.py
[2025-09-08T04:45:02.691+0000] {logging_mixin.py:149} INFO - [2025-09-08T04:45:02.691+0000] {dag.py:2726} INFO - Sync 1 DAGs
[2025-09-08T04:45:02.701+0000] {logging_mixin.py:149} INFO - [2025-09-08T04:45:02.701+0000] {dag.py:3490} INFO - Setting next_dagrun for penguins_ingest to 2025-09-08T04:44:54.924242+00:00, run_after=2025-09-08T04:45:24.924242+00:00
[2025-09-08T04:45:02.707+0000] {processor.py:178} INFO - Processing /opt/airflow/dags/penguins_ingest.py took 0.036 seconds
[2025-09-08T04:45:32.990+0000] {processor.py:156} INFO - Started process (PID=380) to work on /opt/airflow/dags/penguins_ingest.py
[2025-09-08T04:45:32.990+0000] {processor.py:799} INFO - Processing file /opt/airflow/dags/penguins_ingest.py for tasks to queue
[2025-09-08T04:45:32.990+0000] {logging_mixin.py:149} INFO - [2025-09-08T04:45:32.990+0000] {dagbag.py:541} INFO - Filling up the DagBag from /opt/airflow/dags/penguins_ingest.py
[2025-09-08T04:45:32.994+0000] {processor.py:809} INFO - DAG(s) dict_keys(['penguins_ingest']) retrieved from /opt/airflow/dags/penguins_ingest.py
[2025-09-08T04:45:33.006+0000] {logging_mixin.py:149} INFO - [2025-09-08T04:45:33.006+0000] {dag.py:2726} INFO - Sync 1 DAGs
[2025-09-08T04:45:33.016+0000] {logging_mixin.py:149} INFO - [2025-09-08T04:45:33.016+0000] {dag.py:3490} INFO - Setting next_dagrun for penguins_ingest to 2025-09-08T04:45:24.924242+00:00, run_after=2025-09-08T04:45:54.924242+00:00
[2025-09-08T04:45:33.022+0000] {processor.py:178} INFO - Processing /opt/airflow/dags/penguins_ingest.py took 0.034 seconds
[2025-09-08T04:46:03.291+0000] {processor.py:156} INFO - Started process (PID=390) to work on /opt/airflow/dags/penguins_ingest.py
[2025-09-08T04:46:03.292+0000] {processor.py:799} INFO - Processing file /opt/airflow/dags/penguins_ingest.py for tasks to queue
[2025-09-08T04:46:03.292+0000] {logging_mixin.py:149} INFO - [2025-09-08T04:46:03.292+0000] {dagbag.py:541} INFO - Filling up the DagBag from /opt/airflow/dags/penguins_ingest.py
[2025-09-08T04:46:03.297+0000] {processor.py:809} INFO - DAG(s) dict_keys(['penguins_ingest']) retrieved from /opt/airflow/dags/penguins_ingest.py
[2025-09-08T04:46:03.310+0000] {logging_mixin.py:149} INFO - [2025-09-08T04:46:03.310+0000] {dag.py:2726} INFO - Sync 1 DAGs
[2025-09-08T04:46:03.321+0000] {logging_mixin.py:149} INFO - [2025-09-08T04:46:03.321+0000] {dag.py:3490} INFO - Setting next_dagrun for penguins_ingest to 2025-09-08T04:45:54.924242+00:00, run_after=2025-09-08T04:46:24.924242+00:00
[2025-09-08T04:46:03.329+0000] {processor.py:178} INFO - Processing /opt/airflow/dags/penguins_ingest.py took 0.040 seconds
