[2025-09-08T04:22:11.094+0000] {processor.py:156} INFO - Started process (PID=72) to work on /opt/airflow/dags/penguins_train.py
[2025-09-08T04:22:11.097+0000] {processor.py:799} INFO - Processing file /opt/airflow/dags/penguins_train.py for tasks to queue
[2025-09-08T04:22:11.098+0000] {logging_mixin.py:149} INFO - [2025-09-08T04:22:11.098+0000] {dagbag.py:541} INFO - Filling up the DagBag from /opt/airflow/dags/penguins_train.py
[2025-09-08T04:22:11.115+0000] {processor.py:809} INFO - DAG(s) dict_keys(['penguins_train']) retrieved from /opt/airflow/dags/penguins_train.py
[2025-09-08T04:22:11.161+0000] {logging_mixin.py:149} INFO - [2025-09-08T04:22:11.160+0000] {dag.py:2726} INFO - Sync 1 DAGs
[2025-09-08T04:22:11.172+0000] {logging_mixin.py:149} INFO - [2025-09-08T04:22:11.172+0000] {dag.py:3490} INFO - Setting next_dagrun for penguins_train to 2025-09-08T04:17:11.172320+00:00, run_after=2025-09-08T04:22:11.172320+00:00
[2025-09-08T04:22:11.186+0000] {processor.py:178} INFO - Processing /opt/airflow/dags/penguins_train.py took 0.094 seconds
[2025-09-08T04:22:41.412+0000] {processor.py:156} INFO - Started process (PID=86) to work on /opt/airflow/dags/penguins_train.py
[2025-09-08T04:22:41.414+0000] {processor.py:799} INFO - Processing file /opt/airflow/dags/penguins_train.py for tasks to queue
[2025-09-08T04:22:41.415+0000] {logging_mixin.py:149} INFO - [2025-09-08T04:22:41.415+0000] {dagbag.py:541} INFO - Filling up the DagBag from /opt/airflow/dags/penguins_train.py
[2025-09-08T04:22:41.431+0000] {processor.py:809} INFO - DAG(s) dict_keys(['penguins_train']) retrieved from /opt/airflow/dags/penguins_train.py
[2025-09-08T04:22:41.467+0000] {logging_mixin.py:149} INFO - [2025-09-08T04:22:41.467+0000] {dag.py:2726} INFO - Sync 1 DAGs
[2025-09-08T04:22:41.485+0000] {logging_mixin.py:149} INFO - [2025-09-08T04:22:41.485+0000] {dag.py:3490} INFO - Setting next_dagrun for penguins_train to 2025-09-08T04:22:11.172320+00:00, run_after=2025-09-08T04:27:11.172320+00:00
[2025-09-08T04:22:41.497+0000] {processor.py:178} INFO - Processing /opt/airflow/dags/penguins_train.py took 0.089 seconds
[2025-09-08T04:23:11.762+0000] {processor.py:156} INFO - Started process (PID=96) to work on /opt/airflow/dags/penguins_train.py
[2025-09-08T04:23:11.763+0000] {processor.py:799} INFO - Processing file /opt/airflow/dags/penguins_train.py for tasks to queue
[2025-09-08T04:23:11.764+0000] {logging_mixin.py:149} INFO - [2025-09-08T04:23:11.764+0000] {dagbag.py:541} INFO - Filling up the DagBag from /opt/airflow/dags/penguins_train.py
[2025-09-08T04:23:11.773+0000] {processor.py:809} INFO - DAG(s) dict_keys(['penguins_train']) retrieved from /opt/airflow/dags/penguins_train.py
[2025-09-08T04:23:11.797+0000] {logging_mixin.py:149} INFO - [2025-09-08T04:23:11.797+0000] {dag.py:2726} INFO - Sync 1 DAGs
[2025-09-08T04:23:11.812+0000] {logging_mixin.py:149} INFO - [2025-09-08T04:23:11.812+0000] {dag.py:3490} INFO - Setting next_dagrun for penguins_train to 2025-09-08T04:22:11.172320+00:00, run_after=2025-09-08T04:27:11.172320+00:00
[2025-09-08T04:23:11.823+0000] {processor.py:178} INFO - Processing /opt/airflow/dags/penguins_train.py took 0.065 seconds
[2025-09-08T04:23:42.182+0000] {processor.py:156} INFO - Started process (PID=110) to work on /opt/airflow/dags/penguins_train.py
[2025-09-08T04:23:42.185+0000] {processor.py:799} INFO - Processing file /opt/airflow/dags/penguins_train.py for tasks to queue
[2025-09-08T04:23:42.186+0000] {logging_mixin.py:149} INFO - [2025-09-08T04:23:42.186+0000] {dagbag.py:541} INFO - Filling up the DagBag from /opt/airflow/dags/penguins_train.py
[2025-09-08T04:23:42.206+0000] {processor.py:809} INFO - DAG(s) dict_keys(['penguins_train']) retrieved from /opt/airflow/dags/penguins_train.py
[2025-09-08T04:23:42.236+0000] {logging_mixin.py:149} INFO - [2025-09-08T04:23:42.236+0000] {dag.py:2726} INFO - Sync 1 DAGs
[2025-09-08T04:23:42.254+0000] {logging_mixin.py:149} INFO - [2025-09-08T04:23:42.254+0000] {dag.py:3490} INFO - Setting next_dagrun for penguins_train to 2025-09-08T04:22:11.172320+00:00, run_after=2025-09-08T04:27:11.172320+00:00
[2025-09-08T04:23:42.271+0000] {processor.py:178} INFO - Processing /opt/airflow/dags/penguins_train.py took 0.095 seconds
[2025-09-08T04:24:12.627+0000] {processor.py:156} INFO - Started process (PID=120) to work on /opt/airflow/dags/penguins_train.py
[2025-09-08T04:24:12.629+0000] {processor.py:799} INFO - Processing file /opt/airflow/dags/penguins_train.py for tasks to queue
[2025-09-08T04:24:12.631+0000] {logging_mixin.py:149} INFO - [2025-09-08T04:24:12.631+0000] {dagbag.py:541} INFO - Filling up the DagBag from /opt/airflow/dags/penguins_train.py
[2025-09-08T04:24:12.646+0000] {processor.py:809} INFO - DAG(s) dict_keys(['penguins_train']) retrieved from /opt/airflow/dags/penguins_train.py
[2025-09-08T04:24:12.673+0000] {logging_mixin.py:149} INFO - [2025-09-08T04:24:12.673+0000] {dag.py:2726} INFO - Sync 1 DAGs
[2025-09-08T04:24:12.692+0000] {logging_mixin.py:149} INFO - [2025-09-08T04:24:12.692+0000] {dag.py:3490} INFO - Setting next_dagrun for penguins_train to 2025-09-08T04:22:11.172320+00:00, run_after=2025-09-08T04:27:11.172320+00:00
[2025-09-08T04:24:12.705+0000] {processor.py:178} INFO - Processing /opt/airflow/dags/penguins_train.py took 0.084 seconds
[2025-09-08T04:24:43.067+0000] {processor.py:156} INFO - Started process (PID=134) to work on /opt/airflow/dags/penguins_train.py
[2025-09-08T04:24:43.069+0000] {processor.py:799} INFO - Processing file /opt/airflow/dags/penguins_train.py for tasks to queue
[2025-09-08T04:24:43.071+0000] {logging_mixin.py:149} INFO - [2025-09-08T04:24:43.071+0000] {dagbag.py:541} INFO - Filling up the DagBag from /opt/airflow/dags/penguins_train.py
[2025-09-08T04:24:43.092+0000] {processor.py:809} INFO - DAG(s) dict_keys(['penguins_train']) retrieved from /opt/airflow/dags/penguins_train.py
[2025-09-08T04:24:43.123+0000] {logging_mixin.py:149} INFO - [2025-09-08T04:24:43.123+0000] {dag.py:2726} INFO - Sync 1 DAGs
[2025-09-08T04:24:43.144+0000] {logging_mixin.py:149} INFO - [2025-09-08T04:24:43.144+0000] {dag.py:3490} INFO - Setting next_dagrun for penguins_train to 2025-09-08T04:22:11.172320+00:00, run_after=2025-09-08T04:27:11.172320+00:00
[2025-09-08T04:24:43.159+0000] {processor.py:178} INFO - Processing /opt/airflow/dags/penguins_train.py took 0.098 seconds
[2025-09-08T04:25:36.504+0000] {processor.py:156} INFO - Started process (PID=80) to work on /opt/airflow/dags/penguins_train.py
[2025-09-08T04:25:36.505+0000] {processor.py:799} INFO - Processing file /opt/airflow/dags/penguins_train.py for tasks to queue
[2025-09-08T04:25:36.505+0000] {logging_mixin.py:149} INFO - [2025-09-08T04:25:36.505+0000] {dagbag.py:541} INFO - Filling up the DagBag from /opt/airflow/dags/penguins_train.py
[2025-09-08T04:25:36.518+0000] {processor.py:809} INFO - DAG(s) dict_keys(['penguins_train']) retrieved from /opt/airflow/dags/penguins_train.py
[2025-09-08T04:25:36.562+0000] {logging_mixin.py:149} INFO - [2025-09-08T04:25:36.562+0000] {dag.py:2726} INFO - Sync 1 DAGs
[2025-09-08T04:25:36.572+0000] {logging_mixin.py:149} INFO - [2025-09-08T04:25:36.572+0000] {dag.py:3490} INFO - Setting next_dagrun for penguins_train to 2025-09-08T04:22:11.172320+00:00, run_after=2025-09-08T04:27:11.172320+00:00
[2025-09-08T04:25:36.581+0000] {processor.py:178} INFO - Processing /opt/airflow/dags/penguins_train.py took 0.079 seconds
[2025-09-08T04:26:06.880+0000] {processor.py:156} INFO - Started process (PID=94) to work on /opt/airflow/dags/penguins_train.py
[2025-09-08T04:26:06.880+0000] {processor.py:799} INFO - Processing file /opt/airflow/dags/penguins_train.py for tasks to queue
[2025-09-08T04:26:06.881+0000] {logging_mixin.py:149} INFO - [2025-09-08T04:26:06.881+0000] {dagbag.py:541} INFO - Filling up the DagBag from /opt/airflow/dags/penguins_train.py
[2025-09-08T04:26:06.891+0000] {processor.py:809} INFO - DAG(s) dict_keys(['penguins_train']) retrieved from /opt/airflow/dags/penguins_train.py
[2025-09-08T04:26:06.923+0000] {logging_mixin.py:149} INFO - [2025-09-08T04:26:06.923+0000] {dag.py:2726} INFO - Sync 1 DAGs
[2025-09-08T04:26:06.940+0000] {logging_mixin.py:149} INFO - [2025-09-08T04:26:06.940+0000] {dag.py:3490} INFO - Setting next_dagrun for penguins_train to 2025-09-08T04:22:11.172320+00:00, run_after=2025-09-08T04:27:11.172320+00:00
[2025-09-08T04:26:06.954+0000] {processor.py:178} INFO - Processing /opt/airflow/dags/penguins_train.py took 0.077 seconds
[2025-09-08T04:26:37.215+0000] {processor.py:156} INFO - Started process (PID=104) to work on /opt/airflow/dags/penguins_train.py
[2025-09-08T04:26:37.216+0000] {processor.py:799} INFO - Processing file /opt/airflow/dags/penguins_train.py for tasks to queue
[2025-09-08T04:26:37.217+0000] {logging_mixin.py:149} INFO - [2025-09-08T04:26:37.217+0000] {dagbag.py:541} INFO - Filling up the DagBag from /opt/airflow/dags/penguins_train.py
[2025-09-08T04:26:37.227+0000] {processor.py:809} INFO - DAG(s) dict_keys(['penguins_train']) retrieved from /opt/airflow/dags/penguins_train.py
[2025-09-08T04:26:37.251+0000] {logging_mixin.py:149} INFO - [2025-09-08T04:26:37.251+0000] {dag.py:2726} INFO - Sync 1 DAGs
[2025-09-08T04:26:37.265+0000] {logging_mixin.py:149} INFO - [2025-09-08T04:26:37.265+0000] {dag.py:3490} INFO - Setting next_dagrun for penguins_train to 2025-09-08T04:22:11.172320+00:00, run_after=2025-09-08T04:27:11.172320+00:00
[2025-09-08T04:26:37.280+0000] {processor.py:178} INFO - Processing /opt/airflow/dags/penguins_train.py took 0.068 seconds
[2025-09-08T04:27:07.627+0000] {processor.py:156} INFO - Started process (PID=114) to work on /opt/airflow/dags/penguins_train.py
[2025-09-08T04:27:07.629+0000] {processor.py:799} INFO - Processing file /opt/airflow/dags/penguins_train.py for tasks to queue
[2025-09-08T04:27:07.630+0000] {logging_mixin.py:149} INFO - [2025-09-08T04:27:07.630+0000] {dagbag.py:541} INFO - Filling up the DagBag from /opt/airflow/dags/penguins_train.py
[2025-09-08T04:27:07.640+0000] {processor.py:809} INFO - DAG(s) dict_keys(['penguins_train']) retrieved from /opt/airflow/dags/penguins_train.py
[2025-09-08T04:27:07.659+0000] {logging_mixin.py:149} INFO - [2025-09-08T04:27:07.659+0000] {dag.py:2726} INFO - Sync 1 DAGs
[2025-09-08T04:27:07.673+0000] {logging_mixin.py:149} INFO - [2025-09-08T04:27:07.673+0000] {dag.py:3490} INFO - Setting next_dagrun for penguins_train to 2025-09-08T04:22:11.172320+00:00, run_after=2025-09-08T04:27:11.172320+00:00
[2025-09-08T04:27:07.685+0000] {processor.py:178} INFO - Processing /opt/airflow/dags/penguins_train.py took 0.062 seconds
[2025-09-08T04:27:38.011+0000] {processor.py:156} INFO - Started process (PID=124) to work on /opt/airflow/dags/penguins_train.py
[2025-09-08T04:27:38.012+0000] {processor.py:799} INFO - Processing file /opt/airflow/dags/penguins_train.py for tasks to queue
[2025-09-08T04:27:38.013+0000] {logging_mixin.py:149} INFO - [2025-09-08T04:27:38.012+0000] {dagbag.py:541} INFO - Filling up the DagBag from /opt/airflow/dags/penguins_train.py
[2025-09-08T04:27:38.023+0000] {processor.py:809} INFO - DAG(s) dict_keys(['penguins_train']) retrieved from /opt/airflow/dags/penguins_train.py
[2025-09-08T04:27:38.053+0000] {logging_mixin.py:149} INFO - [2025-09-08T04:27:38.053+0000] {dag.py:2726} INFO - Sync 1 DAGs
[2025-09-08T04:27:38.069+0000] {logging_mixin.py:149} INFO - [2025-09-08T04:27:38.069+0000] {dag.py:3490} INFO - Setting next_dagrun for penguins_train to 2025-09-08T04:27:11.172320+00:00, run_after=2025-09-08T04:32:11.172320+00:00
[2025-09-08T04:27:38.081+0000] {processor.py:178} INFO - Processing /opt/airflow/dags/penguins_train.py took 0.073 seconds
[2025-09-08T04:28:08.403+0000] {processor.py:156} INFO - Started process (PID=141) to work on /opt/airflow/dags/penguins_train.py
[2025-09-08T04:28:08.405+0000] {processor.py:799} INFO - Processing file /opt/airflow/dags/penguins_train.py for tasks to queue
[2025-09-08T04:28:08.406+0000] {logging_mixin.py:149} INFO - [2025-09-08T04:28:08.406+0000] {dagbag.py:541} INFO - Filling up the DagBag from /opt/airflow/dags/penguins_train.py
[2025-09-08T04:28:08.416+0000] {processor.py:809} INFO - DAG(s) dict_keys(['penguins_train']) retrieved from /opt/airflow/dags/penguins_train.py
[2025-09-08T04:28:08.436+0000] {logging_mixin.py:149} INFO - [2025-09-08T04:28:08.436+0000] {dag.py:2726} INFO - Sync 1 DAGs
[2025-09-08T04:28:08.451+0000] {logging_mixin.py:149} INFO - [2025-09-08T04:28:08.451+0000] {dag.py:3490} INFO - Setting next_dagrun for penguins_train to 2025-09-08T04:27:11.172320+00:00, run_after=2025-09-08T04:32:11.172320+00:00
[2025-09-08T04:28:08.462+0000] {processor.py:178} INFO - Processing /opt/airflow/dags/penguins_train.py took 0.064 seconds
[2025-09-08T04:28:38.819+0000] {processor.py:156} INFO - Started process (PID=151) to work on /opt/airflow/dags/penguins_train.py
[2025-09-08T04:28:38.819+0000] {processor.py:799} INFO - Processing file /opt/airflow/dags/penguins_train.py for tasks to queue
[2025-09-08T04:28:38.820+0000] {logging_mixin.py:149} INFO - [2025-09-08T04:28:38.820+0000] {dagbag.py:541} INFO - Filling up the DagBag from /opt/airflow/dags/penguins_train.py
[2025-09-08T04:28:38.828+0000] {processor.py:809} INFO - DAG(s) dict_keys(['penguins_train']) retrieved from /opt/airflow/dags/penguins_train.py
[2025-09-08T04:28:38.846+0000] {logging_mixin.py:149} INFO - [2025-09-08T04:28:38.846+0000] {dag.py:2726} INFO - Sync 1 DAGs
[2025-09-08T04:28:38.860+0000] {logging_mixin.py:149} INFO - [2025-09-08T04:28:38.860+0000] {dag.py:3490} INFO - Setting next_dagrun for penguins_train to 2025-09-08T04:27:11.172320+00:00, run_after=2025-09-08T04:32:11.172320+00:00
[2025-09-08T04:28:38.871+0000] {processor.py:178} INFO - Processing /opt/airflow/dags/penguins_train.py took 0.055 seconds
[2025-09-08T04:29:09.172+0000] {processor.py:156} INFO - Started process (PID=161) to work on /opt/airflow/dags/penguins_train.py
[2025-09-08T04:29:09.173+0000] {processor.py:799} INFO - Processing file /opt/airflow/dags/penguins_train.py for tasks to queue
[2025-09-08T04:29:09.173+0000] {logging_mixin.py:149} INFO - [2025-09-08T04:29:09.173+0000] {dagbag.py:541} INFO - Filling up the DagBag from /opt/airflow/dags/penguins_train.py
[2025-09-08T04:29:09.180+0000] {processor.py:809} INFO - DAG(s) dict_keys(['penguins_train']) retrieved from /opt/airflow/dags/penguins_train.py
[2025-09-08T04:29:09.199+0000] {logging_mixin.py:149} INFO - [2025-09-08T04:29:09.199+0000] {dag.py:2726} INFO - Sync 1 DAGs
[2025-09-08T04:29:09.213+0000] {logging_mixin.py:149} INFO - [2025-09-08T04:29:09.213+0000] {dag.py:3490} INFO - Setting next_dagrun for penguins_train to 2025-09-08T04:27:11.172320+00:00, run_after=2025-09-08T04:32:11.172320+00:00
[2025-09-08T04:29:09.226+0000] {processor.py:178} INFO - Processing /opt/airflow/dags/penguins_train.py took 0.056 seconds
[2025-09-08T04:29:39.510+0000] {processor.py:156} INFO - Started process (PID=171) to work on /opt/airflow/dags/penguins_train.py
[2025-09-08T04:29:39.510+0000] {processor.py:799} INFO - Processing file /opt/airflow/dags/penguins_train.py for tasks to queue
[2025-09-08T04:29:39.511+0000] {logging_mixin.py:149} INFO - [2025-09-08T04:29:39.511+0000] {dagbag.py:541} INFO - Filling up the DagBag from /opt/airflow/dags/penguins_train.py
[2025-09-08T04:29:39.518+0000] {processor.py:809} INFO - DAG(s) dict_keys(['penguins_train']) retrieved from /opt/airflow/dags/penguins_train.py
[2025-09-08T04:29:39.535+0000] {logging_mixin.py:149} INFO - [2025-09-08T04:29:39.535+0000] {dag.py:2726} INFO - Sync 1 DAGs
[2025-09-08T04:29:39.550+0000] {logging_mixin.py:149} INFO - [2025-09-08T04:29:39.550+0000] {dag.py:3490} INFO - Setting next_dagrun for penguins_train to 2025-09-08T04:27:11.172320+00:00, run_after=2025-09-08T04:32:11.172320+00:00
[2025-09-08T04:29:39.562+0000] {processor.py:178} INFO - Processing /opt/airflow/dags/penguins_train.py took 0.054 seconds
[2025-09-08T04:30:09.904+0000] {processor.py:156} INFO - Started process (PID=181) to work on /opt/airflow/dags/penguins_train.py
[2025-09-08T04:30:09.905+0000] {processor.py:799} INFO - Processing file /opt/airflow/dags/penguins_train.py for tasks to queue
[2025-09-08T04:30:09.906+0000] {logging_mixin.py:149} INFO - [2025-09-08T04:30:09.906+0000] {dagbag.py:541} INFO - Filling up the DagBag from /opt/airflow/dags/penguins_train.py
[2025-09-08T04:30:09.923+0000] {processor.py:809} INFO - DAG(s) dict_keys(['penguins_train']) retrieved from /opt/airflow/dags/penguins_train.py
[2025-09-08T04:30:09.949+0000] {logging_mixin.py:149} INFO - [2025-09-08T04:30:09.949+0000] {dag.py:2726} INFO - Sync 1 DAGs
[2025-09-08T04:30:09.970+0000] {logging_mixin.py:149} INFO - [2025-09-08T04:30:09.970+0000] {dag.py:3490} INFO - Setting next_dagrun for penguins_train to 2025-09-08T04:27:11.172320+00:00, run_after=2025-09-08T04:32:11.172320+00:00
[2025-09-08T04:30:09.987+0000] {processor.py:178} INFO - Processing /opt/airflow/dags/penguins_train.py took 0.091 seconds
[2025-09-08T04:30:52.339+0000] {processor.py:156} INFO - Started process (PID=73) to work on /opt/airflow/dags/penguins_train.py
[2025-09-08T04:30:52.341+0000] {processor.py:799} INFO - Processing file /opt/airflow/dags/penguins_train.py for tasks to queue
[2025-09-08T04:30:52.342+0000] {logging_mixin.py:149} INFO - [2025-09-08T04:30:52.342+0000] {dagbag.py:541} INFO - Filling up the DagBag from /opt/airflow/dags/penguins_train.py
[2025-09-08T04:30:52.364+0000] {processor.py:809} INFO - DAG(s) dict_keys(['penguins_train']) retrieved from /opt/airflow/dags/penguins_train.py
[2025-09-08T04:30:52.417+0000] {logging_mixin.py:149} INFO - [2025-09-08T04:30:52.416+0000] {dag.py:2726} INFO - Sync 1 DAGs
[2025-09-08T04:30:52.434+0000] {logging_mixin.py:149} INFO - [2025-09-08T04:30:52.434+0000] {dag.py:3490} INFO - Setting next_dagrun for penguins_train to 2025-09-08T04:27:11.172320+00:00, run_after=2025-09-08T04:32:11.172320+00:00
[2025-09-08T04:30:52.451+0000] {processor.py:178} INFO - Processing /opt/airflow/dags/penguins_train.py took 0.115 seconds
[2025-09-08T04:31:22.697+0000] {processor.py:156} INFO - Started process (PID=90) to work on /opt/airflow/dags/penguins_train.py
[2025-09-08T04:31:22.698+0000] {processor.py:799} INFO - Processing file /opt/airflow/dags/penguins_train.py for tasks to queue
[2025-09-08T04:31:22.699+0000] {logging_mixin.py:149} INFO - [2025-09-08T04:31:22.699+0000] {dagbag.py:541} INFO - Filling up the DagBag from /opt/airflow/dags/penguins_train.py
[2025-09-08T04:31:22.711+0000] {processor.py:809} INFO - DAG(s) dict_keys(['penguins_train']) retrieved from /opt/airflow/dags/penguins_train.py
[2025-09-08T04:31:22.747+0000] {logging_mixin.py:149} INFO - [2025-09-08T04:31:22.747+0000] {dag.py:2726} INFO - Sync 1 DAGs
[2025-09-08T04:31:22.769+0000] {logging_mixin.py:149} INFO - [2025-09-08T04:31:22.769+0000] {dag.py:3490} INFO - Setting next_dagrun for penguins_train to 2025-09-08T04:27:11.172320+00:00, run_after=2025-09-08T04:32:11.172320+00:00
[2025-09-08T04:31:22.782+0000] {processor.py:178} INFO - Processing /opt/airflow/dags/penguins_train.py took 0.089 seconds
[2025-09-08T04:31:53.120+0000] {processor.py:156} INFO - Started process (PID=100) to work on /opt/airflow/dags/penguins_train.py
[2025-09-08T04:31:53.121+0000] {processor.py:799} INFO - Processing file /opt/airflow/dags/penguins_train.py for tasks to queue
[2025-09-08T04:31:53.121+0000] {logging_mixin.py:149} INFO - [2025-09-08T04:31:53.121+0000] {dagbag.py:541} INFO - Filling up the DagBag from /opt/airflow/dags/penguins_train.py
[2025-09-08T04:31:53.128+0000] {processor.py:809} INFO - DAG(s) dict_keys(['penguins_train']) retrieved from /opt/airflow/dags/penguins_train.py
[2025-09-08T04:31:53.150+0000] {logging_mixin.py:149} INFO - [2025-09-08T04:31:53.150+0000] {dag.py:2726} INFO - Sync 1 DAGs
[2025-09-08T04:31:53.178+0000] {processor.py:178} INFO - Processing /opt/airflow/dags/penguins_train.py took 0.061 seconds
[2025-09-08T04:32:23.544+0000] {processor.py:156} INFO - Started process (PID=114) to work on /opt/airflow/dags/penguins_train.py
[2025-09-08T04:32:23.546+0000] {processor.py:799} INFO - Processing file /opt/airflow/dags/penguins_train.py for tasks to queue
[2025-09-08T04:32:23.548+0000] {logging_mixin.py:149} INFO - [2025-09-08T04:32:23.547+0000] {dagbag.py:541} INFO - Filling up the DagBag from /opt/airflow/dags/penguins_train.py
[2025-09-08T04:32:23.565+0000] {processor.py:809} INFO - DAG(s) dict_keys(['penguins_train']) retrieved from /opt/airflow/dags/penguins_train.py
[2025-09-08T04:32:23.591+0000] {logging_mixin.py:149} INFO - [2025-09-08T04:32:23.591+0000] {dag.py:2726} INFO - Sync 1 DAGs
[2025-09-08T04:32:23.608+0000] {logging_mixin.py:149} INFO - [2025-09-08T04:32:23.608+0000] {dag.py:3490} INFO - Setting next_dagrun for penguins_train to 2025-09-08T04:27:23.608298+00:00, run_after=2025-09-08T04:32:23.608298+00:00
[2025-09-08T04:32:23.623+0000] {processor.py:178} INFO - Processing /opt/airflow/dags/penguins_train.py took 0.083 seconds
[2025-09-08T04:32:53.961+0000] {processor.py:156} INFO - Started process (PID=128) to work on /opt/airflow/dags/penguins_train.py
[2025-09-08T04:32:53.962+0000] {processor.py:799} INFO - Processing file /opt/airflow/dags/penguins_train.py for tasks to queue
[2025-09-08T04:32:53.963+0000] {logging_mixin.py:149} INFO - [2025-09-08T04:32:53.962+0000] {dagbag.py:541} INFO - Filling up the DagBag from /opt/airflow/dags/penguins_train.py
[2025-09-08T04:32:53.984+0000] {processor.py:809} INFO - DAG(s) dict_keys(['penguins_train']) retrieved from /opt/airflow/dags/penguins_train.py
[2025-09-08T04:32:54.006+0000] {logging_mixin.py:149} INFO - [2025-09-08T04:32:54.006+0000] {dag.py:2726} INFO - Sync 1 DAGs
[2025-09-08T04:32:54.022+0000] {logging_mixin.py:149} INFO - [2025-09-08T04:32:54.022+0000] {dag.py:3490} INFO - Setting next_dagrun for penguins_train to 2025-09-08T04:32:23.608298+00:00, run_after=2025-09-08T04:37:23.608298+00:00
[2025-09-08T04:32:54.034+0000] {processor.py:178} INFO - Processing /opt/airflow/dags/penguins_train.py took 0.075 seconds
[2025-09-08T04:33:24.398+0000] {processor.py:156} INFO - Started process (PID=138) to work on /opt/airflow/dags/penguins_train.py
[2025-09-08T04:33:24.400+0000] {processor.py:799} INFO - Processing file /opt/airflow/dags/penguins_train.py for tasks to queue
[2025-09-08T04:33:24.401+0000] {logging_mixin.py:149} INFO - [2025-09-08T04:33:24.401+0000] {dagbag.py:541} INFO - Filling up the DagBag from /opt/airflow/dags/penguins_train.py
[2025-09-08T04:33:24.412+0000] {processor.py:809} INFO - DAG(s) dict_keys(['penguins_train']) retrieved from /opt/airflow/dags/penguins_train.py
[2025-09-08T04:33:24.439+0000] {logging_mixin.py:149} INFO - [2025-09-08T04:33:24.438+0000] {dag.py:2726} INFO - Sync 1 DAGs
[2025-09-08T04:33:24.459+0000] {logging_mixin.py:149} INFO - [2025-09-08T04:33:24.459+0000] {dag.py:3490} INFO - Setting next_dagrun for penguins_train to 2025-09-08T04:32:23.608298+00:00, run_after=2025-09-08T04:37:23.608298+00:00
[2025-09-08T04:33:24.472+0000] {processor.py:178} INFO - Processing /opt/airflow/dags/penguins_train.py took 0.078 seconds
[2025-09-08T04:33:54.811+0000] {processor.py:156} INFO - Started process (PID=148) to work on /opt/airflow/dags/penguins_train.py
[2025-09-08T04:33:54.812+0000] {processor.py:799} INFO - Processing file /opt/airflow/dags/penguins_train.py for tasks to queue
[2025-09-08T04:33:54.812+0000] {logging_mixin.py:149} INFO - [2025-09-08T04:33:54.812+0000] {dagbag.py:541} INFO - Filling up the DagBag from /opt/airflow/dags/penguins_train.py
[2025-09-08T04:33:54.826+0000] {processor.py:809} INFO - DAG(s) dict_keys(['penguins_train']) retrieved from /opt/airflow/dags/penguins_train.py
[2025-09-08T04:33:54.851+0000] {logging_mixin.py:149} INFO - [2025-09-08T04:33:54.851+0000] {dag.py:2726} INFO - Sync 1 DAGs
[2025-09-08T04:33:54.869+0000] {logging_mixin.py:149} INFO - [2025-09-08T04:33:54.869+0000] {dag.py:3490} INFO - Setting next_dagrun for penguins_train to 2025-09-08T04:32:23.608298+00:00, run_after=2025-09-08T04:37:23.608298+00:00
[2025-09-08T04:33:54.884+0000] {processor.py:178} INFO - Processing /opt/airflow/dags/penguins_train.py took 0.079 seconds
[2025-09-08T04:34:25.190+0000] {processor.py:156} INFO - Started process (PID=158) to work on /opt/airflow/dags/penguins_train.py
[2025-09-08T04:34:25.192+0000] {processor.py:799} INFO - Processing file /opt/airflow/dags/penguins_train.py for tasks to queue
[2025-09-08T04:34:25.193+0000] {logging_mixin.py:149} INFO - [2025-09-08T04:34:25.193+0000] {dagbag.py:541} INFO - Filling up the DagBag from /opt/airflow/dags/penguins_train.py
[2025-09-08T04:34:25.203+0000] {processor.py:809} INFO - DAG(s) dict_keys(['penguins_train']) retrieved from /opt/airflow/dags/penguins_train.py
[2025-09-08T04:34:25.231+0000] {logging_mixin.py:149} INFO - [2025-09-08T04:34:25.231+0000] {dag.py:2726} INFO - Sync 1 DAGs
[2025-09-08T04:34:25.244+0000] {logging_mixin.py:149} INFO - [2025-09-08T04:34:25.244+0000] {dag.py:3490} INFO - Setting next_dagrun for penguins_train to 2025-09-08T04:32:23.608298+00:00, run_after=2025-09-08T04:37:23.608298+00:00
[2025-09-08T04:34:25.253+0000] {processor.py:178} INFO - Processing /opt/airflow/dags/penguins_train.py took 0.067 seconds
[2025-09-08T04:34:55.472+0000] {processor.py:156} INFO - Started process (PID=168) to work on /opt/airflow/dags/penguins_train.py
[2025-09-08T04:34:55.474+0000] {processor.py:799} INFO - Processing file /opt/airflow/dags/penguins_train.py for tasks to queue
[2025-09-08T04:34:55.475+0000] {logging_mixin.py:149} INFO - [2025-09-08T04:34:55.475+0000] {dagbag.py:541} INFO - Filling up the DagBag from /opt/airflow/dags/penguins_train.py
[2025-09-08T04:34:55.487+0000] {processor.py:809} INFO - DAG(s) dict_keys(['penguins_train']) retrieved from /opt/airflow/dags/penguins_train.py
[2025-09-08T04:34:55.507+0000] {logging_mixin.py:149} INFO - [2025-09-08T04:34:55.507+0000] {dag.py:2726} INFO - Sync 1 DAGs
[2025-09-08T04:34:55.524+0000] {logging_mixin.py:149} INFO - [2025-09-08T04:34:55.524+0000] {dag.py:3490} INFO - Setting next_dagrun for penguins_train to 2025-09-08T04:32:23.608298+00:00, run_after=2025-09-08T04:37:23.608298+00:00
[2025-09-08T04:34:55.533+0000] {processor.py:178} INFO - Processing /opt/airflow/dags/penguins_train.py took 0.065 seconds
[2025-09-08T04:35:25.749+0000] {processor.py:156} INFO - Started process (PID=178) to work on /opt/airflow/dags/penguins_train.py
[2025-09-08T04:35:25.749+0000] {processor.py:799} INFO - Processing file /opt/airflow/dags/penguins_train.py for tasks to queue
[2025-09-08T04:35:25.750+0000] {logging_mixin.py:149} INFO - [2025-09-08T04:35:25.750+0000] {dagbag.py:541} INFO - Filling up the DagBag from /opt/airflow/dags/penguins_train.py
[2025-09-08T04:35:25.761+0000] {processor.py:809} INFO - DAG(s) dict_keys(['penguins_train']) retrieved from /opt/airflow/dags/penguins_train.py
[2025-09-08T04:35:25.786+0000] {logging_mixin.py:149} INFO - [2025-09-08T04:35:25.786+0000] {dag.py:2726} INFO - Sync 1 DAGs
[2025-09-08T04:35:25.804+0000] {logging_mixin.py:149} INFO - [2025-09-08T04:35:25.804+0000] {dag.py:3490} INFO - Setting next_dagrun for penguins_train to 2025-09-08T04:32:23.608298+00:00, run_after=2025-09-08T04:37:23.608298+00:00
[2025-09-08T04:35:25.815+0000] {processor.py:178} INFO - Processing /opt/airflow/dags/penguins_train.py took 0.069 seconds
[2025-09-08T04:35:56.082+0000] {processor.py:156} INFO - Started process (PID=188) to work on /opt/airflow/dags/penguins_train.py
[2025-09-08T04:35:56.083+0000] {processor.py:799} INFO - Processing file /opt/airflow/dags/penguins_train.py for tasks to queue
[2025-09-08T04:35:56.084+0000] {logging_mixin.py:149} INFO - [2025-09-08T04:35:56.084+0000] {dagbag.py:541} INFO - Filling up the DagBag from /opt/airflow/dags/penguins_train.py
[2025-09-08T04:35:56.095+0000] {processor.py:809} INFO - DAG(s) dict_keys(['penguins_train']) retrieved from /opt/airflow/dags/penguins_train.py
[2025-09-08T04:35:56.119+0000] {logging_mixin.py:149} INFO - [2025-09-08T04:35:56.118+0000] {dag.py:2726} INFO - Sync 1 DAGs
[2025-09-08T04:35:56.133+0000] {logging_mixin.py:149} INFO - [2025-09-08T04:35:56.133+0000] {dag.py:3490} INFO - Setting next_dagrun for penguins_train to 2025-09-08T04:32:23.608298+00:00, run_after=2025-09-08T04:37:23.608298+00:00
[2025-09-08T04:35:56.144+0000] {processor.py:178} INFO - Processing /opt/airflow/dags/penguins_train.py took 0.065 seconds
[2025-09-08T04:36:26.452+0000] {processor.py:156} INFO - Started process (PID=198) to work on /opt/airflow/dags/penguins_train.py
[2025-09-08T04:36:26.453+0000] {processor.py:799} INFO - Processing file /opt/airflow/dags/penguins_train.py for tasks to queue
[2025-09-08T04:36:26.453+0000] {logging_mixin.py:149} INFO - [2025-09-08T04:36:26.453+0000] {dagbag.py:541} INFO - Filling up the DagBag from /opt/airflow/dags/penguins_train.py
[2025-09-08T04:36:26.465+0000] {processor.py:809} INFO - DAG(s) dict_keys(['penguins_train']) retrieved from /opt/airflow/dags/penguins_train.py
[2025-09-08T04:36:26.488+0000] {logging_mixin.py:149} INFO - [2025-09-08T04:36:26.488+0000] {dag.py:2726} INFO - Sync 1 DAGs
[2025-09-08T04:36:26.504+0000] {logging_mixin.py:149} INFO - [2025-09-08T04:36:26.503+0000] {dag.py:3490} INFO - Setting next_dagrun for penguins_train to 2025-09-08T04:32:23.608298+00:00, run_after=2025-09-08T04:37:23.608298+00:00
[2025-09-08T04:36:26.518+0000] {processor.py:178} INFO - Processing /opt/airflow/dags/penguins_train.py took 0.070 seconds
[2025-09-08T04:36:56.826+0000] {processor.py:156} INFO - Started process (PID=208) to work on /opt/airflow/dags/penguins_train.py
[2025-09-08T04:36:56.827+0000] {processor.py:799} INFO - Processing file /opt/airflow/dags/penguins_train.py for tasks to queue
[2025-09-08T04:36:56.828+0000] {logging_mixin.py:149} INFO - [2025-09-08T04:36:56.827+0000] {dagbag.py:541} INFO - Filling up the DagBag from /opt/airflow/dags/penguins_train.py
[2025-09-08T04:36:56.843+0000] {processor.py:809} INFO - DAG(s) dict_keys(['penguins_train']) retrieved from /opt/airflow/dags/penguins_train.py
[2025-09-08T04:36:56.863+0000] {logging_mixin.py:149} INFO - [2025-09-08T04:36:56.863+0000] {dag.py:2726} INFO - Sync 1 DAGs
[2025-09-08T04:36:56.876+0000] {logging_mixin.py:149} INFO - [2025-09-08T04:36:56.876+0000] {dag.py:3490} INFO - Setting next_dagrun for penguins_train to 2025-09-08T04:32:23.608298+00:00, run_after=2025-09-08T04:37:23.608298+00:00
[2025-09-08T04:36:56.887+0000] {processor.py:178} INFO - Processing /opt/airflow/dags/penguins_train.py took 0.064 seconds
[2025-09-08T04:37:27.187+0000] {processor.py:156} INFO - Started process (PID=218) to work on /opt/airflow/dags/penguins_train.py
[2025-09-08T04:37:27.188+0000] {processor.py:799} INFO - Processing file /opt/airflow/dags/penguins_train.py for tasks to queue
[2025-09-08T04:37:27.190+0000] {logging_mixin.py:149} INFO - [2025-09-08T04:37:27.189+0000] {dagbag.py:541} INFO - Filling up the DagBag from /opt/airflow/dags/penguins_train.py
[2025-09-08T04:37:27.204+0000] {processor.py:809} INFO - DAG(s) dict_keys(['penguins_train']) retrieved from /opt/airflow/dags/penguins_train.py
[2025-09-08T04:37:27.227+0000] {logging_mixin.py:149} INFO - [2025-09-08T04:37:27.227+0000] {dag.py:2726} INFO - Sync 1 DAGs
[2025-09-08T04:37:27.243+0000] {logging_mixin.py:149} INFO - [2025-09-08T04:37:27.243+0000] {dag.py:3490} INFO - Setting next_dagrun for penguins_train to 2025-09-08T04:37:23.608298+00:00, run_after=2025-09-08T04:42:23.608298+00:00
[2025-09-08T04:37:27.255+0000] {processor.py:178} INFO - Processing /opt/airflow/dags/penguins_train.py took 0.073 seconds
[2025-09-08T04:37:57.586+0000] {processor.py:156} INFO - Started process (PID=228) to work on /opt/airflow/dags/penguins_train.py
[2025-09-08T04:37:57.588+0000] {processor.py:799} INFO - Processing file /opt/airflow/dags/penguins_train.py for tasks to queue
[2025-09-08T04:37:57.589+0000] {logging_mixin.py:149} INFO - [2025-09-08T04:37:57.589+0000] {dagbag.py:541} INFO - Filling up the DagBag from /opt/airflow/dags/penguins_train.py
[2025-09-08T04:37:57.599+0000] {processor.py:809} INFO - DAG(s) dict_keys(['penguins_train']) retrieved from /opt/airflow/dags/penguins_train.py
[2025-09-08T04:37:57.619+0000] {logging_mixin.py:149} INFO - [2025-09-08T04:37:57.619+0000] {dag.py:2726} INFO - Sync 1 DAGs
[2025-09-08T04:37:57.633+0000] {logging_mixin.py:149} INFO - [2025-09-08T04:37:57.633+0000] {dag.py:3490} INFO - Setting next_dagrun for penguins_train to 2025-09-08T04:37:23.608298+00:00, run_after=2025-09-08T04:42:23.608298+00:00
[2025-09-08T04:37:57.647+0000] {processor.py:178} INFO - Processing /opt/airflow/dags/penguins_train.py took 0.065 seconds
[2025-09-08T04:38:27.964+0000] {processor.py:156} INFO - Started process (PID=238) to work on /opt/airflow/dags/penguins_train.py
[2025-09-08T04:38:27.965+0000] {processor.py:799} INFO - Processing file /opt/airflow/dags/penguins_train.py for tasks to queue
[2025-09-08T04:38:27.966+0000] {logging_mixin.py:149} INFO - [2025-09-08T04:38:27.966+0000] {dagbag.py:541} INFO - Filling up the DagBag from /opt/airflow/dags/penguins_train.py
[2025-09-08T04:38:27.981+0000] {processor.py:809} INFO - DAG(s) dict_keys(['penguins_train']) retrieved from /opt/airflow/dags/penguins_train.py
[2025-09-08T04:38:28.005+0000] {logging_mixin.py:149} INFO - [2025-09-08T04:38:28.005+0000] {dag.py:2726} INFO - Sync 1 DAGs
[2025-09-08T04:38:28.020+0000] {logging_mixin.py:149} INFO - [2025-09-08T04:38:28.020+0000] {dag.py:3490} INFO - Setting next_dagrun for penguins_train to 2025-09-08T04:37:23.608298+00:00, run_after=2025-09-08T04:42:23.608298+00:00
[2025-09-08T04:38:28.032+0000] {processor.py:178} INFO - Processing /opt/airflow/dags/penguins_train.py took 0.073 seconds
[2025-09-08T04:38:58.351+0000] {processor.py:156} INFO - Started process (PID=248) to work on /opt/airflow/dags/penguins_train.py
[2025-09-08T04:38:58.352+0000] {processor.py:799} INFO - Processing file /opt/airflow/dags/penguins_train.py for tasks to queue
[2025-09-08T04:38:58.353+0000] {logging_mixin.py:149} INFO - [2025-09-08T04:38:58.353+0000] {dagbag.py:541} INFO - Filling up the DagBag from /opt/airflow/dags/penguins_train.py
[2025-09-08T04:38:58.363+0000] {processor.py:809} INFO - DAG(s) dict_keys(['penguins_train']) retrieved from /opt/airflow/dags/penguins_train.py
[2025-09-08T04:38:58.392+0000] {logging_mixin.py:149} INFO - [2025-09-08T04:38:58.392+0000] {dag.py:2726} INFO - Sync 1 DAGs
[2025-09-08T04:38:58.408+0000] {logging_mixin.py:149} INFO - [2025-09-08T04:38:58.408+0000] {dag.py:3490} INFO - Setting next_dagrun for penguins_train to 2025-09-08T04:37:23.608298+00:00, run_after=2025-09-08T04:42:23.608298+00:00
[2025-09-08T04:38:58.425+0000] {processor.py:178} INFO - Processing /opt/airflow/dags/penguins_train.py took 0.077 seconds
[2025-09-08T04:39:28.734+0000] {processor.py:156} INFO - Started process (PID=258) to work on /opt/airflow/dags/penguins_train.py
[2025-09-08T04:39:28.735+0000] {processor.py:799} INFO - Processing file /opt/airflow/dags/penguins_train.py for tasks to queue
[2025-09-08T04:39:28.736+0000] {logging_mixin.py:149} INFO - [2025-09-08T04:39:28.736+0000] {dagbag.py:541} INFO - Filling up the DagBag from /opt/airflow/dags/penguins_train.py
[2025-09-08T04:39:28.751+0000] {processor.py:809} INFO - DAG(s) dict_keys(['penguins_train']) retrieved from /opt/airflow/dags/penguins_train.py
[2025-09-08T04:39:28.778+0000] {logging_mixin.py:149} INFO - [2025-09-08T04:39:28.778+0000] {dag.py:2726} INFO - Sync 1 DAGs
[2025-09-08T04:39:28.798+0000] {logging_mixin.py:149} INFO - [2025-09-08T04:39:28.798+0000] {dag.py:3490} INFO - Setting next_dagrun for penguins_train to 2025-09-08T04:37:23.608298+00:00, run_after=2025-09-08T04:42:23.608298+00:00
[2025-09-08T04:39:28.808+0000] {processor.py:178} INFO - Processing /opt/airflow/dags/penguins_train.py took 0.078 seconds
[2025-09-08T04:39:59.039+0000] {processor.py:156} INFO - Started process (PID=268) to work on /opt/airflow/dags/penguins_train.py
[2025-09-08T04:39:59.040+0000] {processor.py:799} INFO - Processing file /opt/airflow/dags/penguins_train.py for tasks to queue
[2025-09-08T04:39:59.040+0000] {logging_mixin.py:149} INFO - [2025-09-08T04:39:59.040+0000] {dagbag.py:541} INFO - Filling up the DagBag from /opt/airflow/dags/penguins_train.py
[2025-09-08T04:39:59.048+0000] {processor.py:809} INFO - DAG(s) dict_keys(['penguins_train']) retrieved from /opt/airflow/dags/penguins_train.py
[2025-09-08T04:39:59.066+0000] {logging_mixin.py:149} INFO - [2025-09-08T04:39:59.066+0000] {dag.py:2726} INFO - Sync 1 DAGs
[2025-09-08T04:39:59.079+0000] {logging_mixin.py:149} INFO - [2025-09-08T04:39:59.079+0000] {dag.py:3490} INFO - Setting next_dagrun for penguins_train to 2025-09-08T04:37:23.608298+00:00, run_after=2025-09-08T04:42:23.608298+00:00
[2025-09-08T04:39:59.094+0000] {processor.py:178} INFO - Processing /opt/airflow/dags/penguins_train.py took 0.058 seconds
[2025-09-08T04:40:29.334+0000] {processor.py:156} INFO - Started process (PID=278) to work on /opt/airflow/dags/penguins_train.py
[2025-09-08T04:40:29.336+0000] {processor.py:799} INFO - Processing file /opt/airflow/dags/penguins_train.py for tasks to queue
[2025-09-08T04:40:29.337+0000] {logging_mixin.py:149} INFO - [2025-09-08T04:40:29.337+0000] {dagbag.py:541} INFO - Filling up the DagBag from /opt/airflow/dags/penguins_train.py
[2025-09-08T04:40:29.345+0000] {processor.py:809} INFO - DAG(s) dict_keys(['penguins_train']) retrieved from /opt/airflow/dags/penguins_train.py
[2025-09-08T04:40:29.361+0000] {logging_mixin.py:149} INFO - [2025-09-08T04:40:29.361+0000] {dag.py:2726} INFO - Sync 1 DAGs
[2025-09-08T04:40:29.376+0000] {logging_mixin.py:149} INFO - [2025-09-08T04:40:29.376+0000] {dag.py:3490} INFO - Setting next_dagrun for penguins_train to 2025-09-08T04:37:23.608298+00:00, run_after=2025-09-08T04:42:23.608298+00:00
[2025-09-08T04:40:29.387+0000] {processor.py:178} INFO - Processing /opt/airflow/dags/penguins_train.py took 0.056 seconds
[2025-09-08T04:40:59.672+0000] {processor.py:156} INFO - Started process (PID=288) to work on /opt/airflow/dags/penguins_train.py
[2025-09-08T04:40:59.673+0000] {processor.py:799} INFO - Processing file /opt/airflow/dags/penguins_train.py for tasks to queue
[2025-09-08T04:40:59.674+0000] {logging_mixin.py:149} INFO - [2025-09-08T04:40:59.674+0000] {dagbag.py:541} INFO - Filling up the DagBag from /opt/airflow/dags/penguins_train.py
[2025-09-08T04:40:59.682+0000] {processor.py:809} INFO - DAG(s) dict_keys(['penguins_train']) retrieved from /opt/airflow/dags/penguins_train.py
[2025-09-08T04:40:59.701+0000] {logging_mixin.py:149} INFO - [2025-09-08T04:40:59.701+0000] {dag.py:2726} INFO - Sync 1 DAGs
[2025-09-08T04:40:59.716+0000] {logging_mixin.py:149} INFO - [2025-09-08T04:40:59.716+0000] {dag.py:3490} INFO - Setting next_dagrun for penguins_train to 2025-09-08T04:37:23.608298+00:00, run_after=2025-09-08T04:42:23.608298+00:00
[2025-09-08T04:40:59.727+0000] {processor.py:178} INFO - Processing /opt/airflow/dags/penguins_train.py took 0.058 seconds
[2025-09-08T04:41:30.028+0000] {processor.py:156} INFO - Started process (PID=298) to work on /opt/airflow/dags/penguins_train.py
[2025-09-08T04:41:30.029+0000] {processor.py:799} INFO - Processing file /opt/airflow/dags/penguins_train.py for tasks to queue
[2025-09-08T04:41:30.030+0000] {logging_mixin.py:149} INFO - [2025-09-08T04:41:30.030+0000] {dagbag.py:541} INFO - Filling up the DagBag from /opt/airflow/dags/penguins_train.py
[2025-09-08T04:41:30.038+0000] {processor.py:809} INFO - DAG(s) dict_keys(['penguins_train']) retrieved from /opt/airflow/dags/penguins_train.py
[2025-09-08T04:41:30.054+0000] {logging_mixin.py:149} INFO - [2025-09-08T04:41:30.054+0000] {dag.py:2726} INFO - Sync 1 DAGs
[2025-09-08T04:41:30.067+0000] {logging_mixin.py:149} INFO - [2025-09-08T04:41:30.067+0000] {dag.py:3490} INFO - Setting next_dagrun for penguins_train to 2025-09-08T04:37:23.608298+00:00, run_after=2025-09-08T04:42:23.608298+00:00
[2025-09-08T04:41:30.078+0000] {processor.py:178} INFO - Processing /opt/airflow/dags/penguins_train.py took 0.053 seconds
[2025-09-08T04:42:00.373+0000] {processor.py:156} INFO - Started process (PID=308) to work on /opt/airflow/dags/penguins_train.py
[2025-09-08T04:42:00.374+0000] {processor.py:799} INFO - Processing file /opt/airflow/dags/penguins_train.py for tasks to queue
[2025-09-08T04:42:00.375+0000] {logging_mixin.py:149} INFO - [2025-09-08T04:42:00.375+0000] {dagbag.py:541} INFO - Filling up the DagBag from /opt/airflow/dags/penguins_train.py
[2025-09-08T04:42:00.382+0000] {processor.py:809} INFO - DAG(s) dict_keys(['penguins_train']) retrieved from /opt/airflow/dags/penguins_train.py
[2025-09-08T04:42:00.399+0000] {logging_mixin.py:149} INFO - [2025-09-08T04:42:00.399+0000] {dag.py:2726} INFO - Sync 1 DAGs
[2025-09-08T04:42:00.414+0000] {logging_mixin.py:149} INFO - [2025-09-08T04:42:00.414+0000] {dag.py:3490} INFO - Setting next_dagrun for penguins_train to 2025-09-08T04:37:23.608298+00:00, run_after=2025-09-08T04:42:23.608298+00:00
[2025-09-08T04:42:00.427+0000] {processor.py:178} INFO - Processing /opt/airflow/dags/penguins_train.py took 0.057 seconds
[2025-09-08T04:42:30.733+0000] {processor.py:156} INFO - Started process (PID=318) to work on /opt/airflow/dags/penguins_train.py
[2025-09-08T04:42:30.734+0000] {processor.py:799} INFO - Processing file /opt/airflow/dags/penguins_train.py for tasks to queue
[2025-09-08T04:42:30.735+0000] {logging_mixin.py:149} INFO - [2025-09-08T04:42:30.734+0000] {dagbag.py:541} INFO - Filling up the DagBag from /opt/airflow/dags/penguins_train.py
[2025-09-08T04:42:30.743+0000] {processor.py:809} INFO - DAG(s) dict_keys(['penguins_train']) retrieved from /opt/airflow/dags/penguins_train.py
[2025-09-08T04:42:30.762+0000] {logging_mixin.py:149} INFO - [2025-09-08T04:42:30.762+0000] {dag.py:2726} INFO - Sync 1 DAGs
[2025-09-08T04:42:30.779+0000] {logging_mixin.py:149} INFO - [2025-09-08T04:42:30.778+0000] {dag.py:3490} INFO - Setting next_dagrun for penguins_train to 2025-09-08T04:42:23.608298+00:00, run_after=2025-09-08T04:47:23.608298+00:00
[2025-09-08T04:42:30.792+0000] {processor.py:178} INFO - Processing /opt/airflow/dags/penguins_train.py took 0.062 seconds
[2025-09-08T04:43:01.104+0000] {processor.py:156} INFO - Started process (PID=328) to work on /opt/airflow/dags/penguins_train.py
[2025-09-08T04:43:01.105+0000] {processor.py:799} INFO - Processing file /opt/airflow/dags/penguins_train.py for tasks to queue
[2025-09-08T04:43:01.105+0000] {logging_mixin.py:149} INFO - [2025-09-08T04:43:01.105+0000] {dagbag.py:541} INFO - Filling up the DagBag from /opt/airflow/dags/penguins_train.py
[2025-09-08T04:43:01.114+0000] {processor.py:809} INFO - DAG(s) dict_keys(['penguins_train']) retrieved from /opt/airflow/dags/penguins_train.py
[2025-09-08T04:43:01.132+0000] {logging_mixin.py:149} INFO - [2025-09-08T04:43:01.132+0000] {dag.py:2726} INFO - Sync 1 DAGs
[2025-09-08T04:43:01.146+0000] {logging_mixin.py:149} INFO - [2025-09-08T04:43:01.146+0000] {dag.py:3490} INFO - Setting next_dagrun for penguins_train to 2025-09-08T04:42:23.608298+00:00, run_after=2025-09-08T04:47:23.608298+00:00
[2025-09-08T04:43:01.157+0000] {processor.py:178} INFO - Processing /opt/airflow/dags/penguins_train.py took 0.058 seconds
[2025-09-08T04:43:31.454+0000] {processor.py:156} INFO - Started process (PID=338) to work on /opt/airflow/dags/penguins_train.py
[2025-09-08T04:43:31.455+0000] {processor.py:799} INFO - Processing file /opt/airflow/dags/penguins_train.py for tasks to queue
[2025-09-08T04:43:31.455+0000] {logging_mixin.py:149} INFO - [2025-09-08T04:43:31.455+0000] {dagbag.py:541} INFO - Filling up the DagBag from /opt/airflow/dags/penguins_train.py
[2025-09-08T04:43:31.463+0000] {processor.py:809} INFO - DAG(s) dict_keys(['penguins_train']) retrieved from /opt/airflow/dags/penguins_train.py
[2025-09-08T04:43:31.487+0000] {logging_mixin.py:149} INFO - [2025-09-08T04:43:31.487+0000] {dag.py:2726} INFO - Sync 1 DAGs
[2025-09-08T04:43:31.502+0000] {logging_mixin.py:149} INFO - [2025-09-08T04:43:31.502+0000] {dag.py:3490} INFO - Setting next_dagrun for penguins_train to 2025-09-08T04:42:23.608298+00:00, run_after=2025-09-08T04:47:23.608298+00:00
[2025-09-08T04:43:31.512+0000] {processor.py:178} INFO - Processing /opt/airflow/dags/penguins_train.py took 0.061 seconds
[2025-09-08T04:44:01.810+0000] {processor.py:156} INFO - Started process (PID=348) to work on /opt/airflow/dags/penguins_train.py
[2025-09-08T04:44:01.810+0000] {processor.py:799} INFO - Processing file /opt/airflow/dags/penguins_train.py for tasks to queue
[2025-09-08T04:44:01.811+0000] {logging_mixin.py:149} INFO - [2025-09-08T04:44:01.811+0000] {dagbag.py:541} INFO - Filling up the DagBag from /opt/airflow/dags/penguins_train.py
[2025-09-08T04:44:01.819+0000] {processor.py:809} INFO - DAG(s) dict_keys(['penguins_train']) retrieved from /opt/airflow/dags/penguins_train.py
[2025-09-08T04:44:01.836+0000] {logging_mixin.py:149} INFO - [2025-09-08T04:44:01.836+0000] {dag.py:2726} INFO - Sync 1 DAGs
[2025-09-08T04:44:01.850+0000] {logging_mixin.py:149} INFO - [2025-09-08T04:44:01.850+0000] {dag.py:3490} INFO - Setting next_dagrun for penguins_train to 2025-09-08T04:42:23.608298+00:00, run_after=2025-09-08T04:47:23.608298+00:00
[2025-09-08T04:44:01.862+0000] {processor.py:178} INFO - Processing /opt/airflow/dags/penguins_train.py took 0.056 seconds
[2025-09-08T04:44:32.199+0000] {processor.py:156} INFO - Started process (PID=358) to work on /opt/airflow/dags/penguins_train.py
[2025-09-08T04:44:32.200+0000] {processor.py:799} INFO - Processing file /opt/airflow/dags/penguins_train.py for tasks to queue
[2025-09-08T04:44:32.202+0000] {logging_mixin.py:149} INFO - [2025-09-08T04:44:32.202+0000] {dagbag.py:541} INFO - Filling up the DagBag from /opt/airflow/dags/penguins_train.py
[2025-09-08T04:44:32.210+0000] {processor.py:809} INFO - DAG(s) dict_keys(['penguins_train']) retrieved from /opt/airflow/dags/penguins_train.py
[2025-09-08T04:44:32.228+0000] {logging_mixin.py:149} INFO - [2025-09-08T04:44:32.228+0000] {dag.py:2726} INFO - Sync 1 DAGs
[2025-09-08T04:44:32.246+0000] {logging_mixin.py:149} INFO - [2025-09-08T04:44:32.246+0000] {dag.py:3490} INFO - Setting next_dagrun for penguins_train to 2025-09-08T04:42:23.608298+00:00, run_after=2025-09-08T04:47:23.608298+00:00
[2025-09-08T04:44:32.258+0000] {processor.py:178} INFO - Processing /opt/airflow/dags/penguins_train.py took 0.063 seconds
[2025-09-08T04:45:02.603+0000] {processor.py:156} INFO - Started process (PID=368) to work on /opt/airflow/dags/penguins_train.py
[2025-09-08T04:45:02.604+0000] {processor.py:799} INFO - Processing file /opt/airflow/dags/penguins_train.py for tasks to queue
[2025-09-08T04:45:02.605+0000] {logging_mixin.py:149} INFO - [2025-09-08T04:45:02.605+0000] {dagbag.py:541} INFO - Filling up the DagBag from /opt/airflow/dags/penguins_train.py
[2025-09-08T04:45:02.617+0000] {processor.py:809} INFO - DAG(s) dict_keys(['penguins_train']) retrieved from /opt/airflow/dags/penguins_train.py
[2025-09-08T04:45:02.640+0000] {logging_mixin.py:149} INFO - [2025-09-08T04:45:02.639+0000] {dag.py:2726} INFO - Sync 1 DAGs
[2025-09-08T04:45:02.654+0000] {logging_mixin.py:149} INFO - [2025-09-08T04:45:02.654+0000] {dag.py:3490} INFO - Setting next_dagrun for penguins_train to 2025-09-08T04:42:23.608298+00:00, run_after=2025-09-08T04:47:23.608298+00:00
[2025-09-08T04:45:02.663+0000] {processor.py:178} INFO - Processing /opt/airflow/dags/penguins_train.py took 0.065 seconds
[2025-09-08T04:45:32.925+0000] {processor.py:156} INFO - Started process (PID=378) to work on /opt/airflow/dags/penguins_train.py
[2025-09-08T04:45:32.926+0000] {processor.py:799} INFO - Processing file /opt/airflow/dags/penguins_train.py for tasks to queue
[2025-09-08T04:45:32.927+0000] {logging_mixin.py:149} INFO - [2025-09-08T04:45:32.927+0000] {dagbag.py:541} INFO - Filling up the DagBag from /opt/airflow/dags/penguins_train.py
[2025-09-08T04:45:32.935+0000] {processor.py:809} INFO - DAG(s) dict_keys(['penguins_train']) retrieved from /opt/airflow/dags/penguins_train.py
[2025-09-08T04:45:32.954+0000] {logging_mixin.py:149} INFO - [2025-09-08T04:45:32.954+0000] {dag.py:2726} INFO - Sync 1 DAGs
[2025-09-08T04:45:32.968+0000] {logging_mixin.py:149} INFO - [2025-09-08T04:45:32.968+0000] {dag.py:3490} INFO - Setting next_dagrun for penguins_train to 2025-09-08T04:42:23.608298+00:00, run_after=2025-09-08T04:47:23.608298+00:00
[2025-09-08T04:45:32.979+0000] {processor.py:178} INFO - Processing /opt/airflow/dags/penguins_train.py took 0.058 seconds
[2025-09-08T04:46:03.228+0000] {processor.py:156} INFO - Started process (PID=388) to work on /opt/airflow/dags/penguins_train.py
[2025-09-08T04:46:03.229+0000] {processor.py:799} INFO - Processing file /opt/airflow/dags/penguins_train.py for tasks to queue
[2025-09-08T04:46:03.230+0000] {logging_mixin.py:149} INFO - [2025-09-08T04:46:03.230+0000] {dagbag.py:541} INFO - Filling up the DagBag from /opt/airflow/dags/penguins_train.py
[2025-09-08T04:46:03.240+0000] {processor.py:809} INFO - DAG(s) dict_keys(['penguins_train']) retrieved from /opt/airflow/dags/penguins_train.py
[2025-09-08T04:46:03.257+0000] {logging_mixin.py:149} INFO - [2025-09-08T04:46:03.257+0000] {dag.py:2726} INFO - Sync 1 DAGs
[2025-09-08T04:46:03.274+0000] {logging_mixin.py:149} INFO - [2025-09-08T04:46:03.274+0000] {dag.py:3490} INFO - Setting next_dagrun for penguins_train to 2025-09-08T04:42:23.608298+00:00, run_after=2025-09-08T04:47:23.608298+00:00
[2025-09-08T04:46:03.285+0000] {processor.py:178} INFO - Processing /opt/airflow/dags/penguins_train.py took 0.060 seconds
