[2025-09-07T15:36:25.290+0000] {taskinstance.py:1125} INFO - Dependencies all met for dep_context=non-requeueable deps ti=<TaskInstance: penguins_train.train_penguins_models scheduled__2025-09-07T15:31:24.786150+00:00 [queued]>
[2025-09-07T15:36:25.293+0000] {taskinstance.py:1125} INFO - Dependencies all met for dep_context=requeueable deps ti=<TaskInstance: penguins_train.train_penguins_models scheduled__2025-09-07T15:31:24.786150+00:00 [queued]>
[2025-09-07T15:36:25.293+0000] {taskinstance.py:1331} INFO - Starting attempt 1 of 1
[2025-09-07T15:36:25.298+0000] {taskinstance.py:1350} INFO - Executing <Task(PythonOperator): train_penguins_models> on 2025-09-07 15:31:24.786150+00:00
[2025-09-07T15:36:25.300+0000] {standard_task_runner.py:57} INFO - Started process 129 to run task
[2025-09-07T15:36:25.302+0000] {standard_task_runner.py:84} INFO - Running: ['***', 'tasks', 'run', 'penguins_train', 'train_penguins_models', 'scheduled__2025-09-07T15:31:24.786150+00:00', '--job-id', '285', '--raw', '--subdir', 'DAGS_FOLDER/penguins_train.py', '--cfg-path', '/tmp/tmpjkms4r2g']
[2025-09-07T15:36:25.302+0000] {standard_task_runner.py:85} INFO - Job 285: Subtask train_penguins_models
[2025-09-07T15:36:25.319+0000] {task_command.py:410} INFO - Running <TaskInstance: penguins_train.train_penguins_models scheduled__2025-09-07T15:31:24.786150+00:00 [running]> on host be7a82d9d6e6
[2025-09-07T15:36:25.349+0000] {taskinstance.py:1570} INFO - Exporting env vars: AIRFLOW_CTX_DAG_OWNER='***' AIRFLOW_CTX_DAG_ID='penguins_train' AIRFLOW_CTX_TASK_ID='train_penguins_models' AIRFLOW_CTX_EXECUTION_DATE='2025-09-07T15:31:24.786150+00:00' AIRFLOW_CTX_TRY_NUMBER='1' AIRFLOW_CTX_DAG_RUN_ID='scheduled__2025-09-07T15:31:24.786150+00:00'
[2025-09-07T15:36:25.626+0000] {logging_mixin.py:149} INFO - 
Entrenando modelo: logistic_regression
[2025-09-07T15:36:25.627+0000] {warnings.py:110} WARNING - /home/***/.local/lib/python3.7/site-packages/sklearn/utils/validation.py:1692: FutureWarning: Feature names only support names that are all strings. Got feature names with dtypes: ['quoted_name', 'str']. An error will be raised in 1.2.
  FutureWarning,

[2025-09-07T15:36:25.640+0000] {warnings.py:110} WARNING - /home/***/.local/lib/python3.7/site-packages/sklearn/utils/validation.py:1692: FutureWarning: Feature names only support names that are all strings. Got feature names with dtypes: ['quoted_name', 'str']. An error will be raised in 1.2.
  FutureWarning,

[2025-09-07T15:36:25.641+0000] {warnings.py:110} WARNING - /home/***/.local/lib/python3.7/site-packages/sklearn/utils/validation.py:1692: FutureWarning: Feature names only support names that are all strings. Got feature names with dtypes: ['quoted_name', 'str']. An error will be raised in 1.2.
  FutureWarning,

[2025-09-07T15:36:25.695+0000] {warnings.py:110} WARNING - /home/***/.local/lib/python3.7/site-packages/sklearn/linear_model/_logistic.py:818: ConvergenceWarning: lbfgs failed to converge (status=1):
STOP: TOTAL NO. of ITERATIONS REACHED LIMIT.

Increase the number of iterations (max_iter) or scale the data as shown in:
    https://scikit-learn.org/stable/modules/preprocessing.html
Please also refer to the documentation for alternative solver options:
    https://scikit-learn.org/stable/modules/linear_model.html#logistic-regression
  extra_warning_msg=_LOGISTIC_SOLVER_CONVERGENCE_MSG,

[2025-09-07T15:36:25.695+0000] {warnings.py:110} WARNING - /home/***/.local/lib/python3.7/site-packages/sklearn/utils/validation.py:1692: FutureWarning: Feature names only support names that are all strings. Got feature names with dtypes: ['quoted_name', 'str']. An error will be raised in 1.2.
  FutureWarning,

[2025-09-07T15:36:25.696+0000] {warnings.py:110} WARNING - /home/***/.local/lib/python3.7/site-packages/sklearn/utils/validation.py:1692: FutureWarning: Feature names only support names that are all strings. Got feature names with dtypes: ['quoted_name', 'str']. An error will be raised in 1.2.
  FutureWarning,

[2025-09-07T15:36:25.710+0000] {warnings.py:110} WARNING - /home/***/.local/lib/python3.7/site-packages/sklearn/utils/validation.py:1692: FutureWarning: Feature names only support names that are all strings. Got feature names with dtypes: ['quoted_name', 'str']. An error will be raised in 1.2.
  FutureWarning,

[2025-09-07T15:36:25.711+0000] {warnings.py:110} WARNING - /home/***/.local/lib/python3.7/site-packages/sklearn/utils/validation.py:1692: FutureWarning: Feature names only support names that are all strings. Got feature names with dtypes: ['quoted_name', 'str']. An error will be raised in 1.2.
  FutureWarning,

[2025-09-07T15:36:25.741+0000] {warnings.py:110} WARNING - /home/***/.local/lib/python3.7/site-packages/sklearn/utils/validation.py:1692: FutureWarning: Feature names only support names that are all strings. Got feature names with dtypes: ['quoted_name', 'str']. An error will be raised in 1.2.
  FutureWarning,

[2025-09-07T15:36:25.742+0000] {warnings.py:110} WARNING - /home/***/.local/lib/python3.7/site-packages/sklearn/utils/validation.py:1692: FutureWarning: Feature names only support names that are all strings. Got feature names with dtypes: ['quoted_name', 'str']. An error will be raised in 1.2.
  FutureWarning,

[2025-09-07T15:36:25.802+0000] {warnings.py:110} WARNING - /home/***/.local/lib/python3.7/site-packages/sklearn/linear_model/_logistic.py:818: ConvergenceWarning: lbfgs failed to converge (status=1):
STOP: TOTAL NO. of ITERATIONS REACHED LIMIT.

Increase the number of iterations (max_iter) or scale the data as shown in:
    https://scikit-learn.org/stable/modules/preprocessing.html
Please also refer to the documentation for alternative solver options:
    https://scikit-learn.org/stable/modules/linear_model.html#logistic-regression
  extra_warning_msg=_LOGISTIC_SOLVER_CONVERGENCE_MSG,

[2025-09-07T15:36:25.803+0000] {warnings.py:110} WARNING - /home/***/.local/lib/python3.7/site-packages/sklearn/utils/validation.py:1692: FutureWarning: Feature names only support names that are all strings. Got feature names with dtypes: ['quoted_name', 'str']. An error will be raised in 1.2.
  FutureWarning,

[2025-09-07T15:36:25.804+0000] {warnings.py:110} WARNING - /home/***/.local/lib/python3.7/site-packages/sklearn/utils/validation.py:1692: FutureWarning: Feature names only support names that are all strings. Got feature names with dtypes: ['quoted_name', 'str']. An error will be raised in 1.2.
  FutureWarning,

[2025-09-07T15:36:25.856+0000] {warnings.py:110} WARNING - /home/***/.local/lib/python3.7/site-packages/sklearn/utils/validation.py:1692: FutureWarning: Feature names only support names that are all strings. Got feature names with dtypes: ['quoted_name', 'str']. An error will be raised in 1.2.
  FutureWarning,

[2025-09-07T15:36:25.857+0000] {warnings.py:110} WARNING - /home/***/.local/lib/python3.7/site-packages/sklearn/utils/validation.py:1692: FutureWarning: Feature names only support names that are all strings. Got feature names with dtypes: ['quoted_name', 'str']. An error will be raised in 1.2.
  FutureWarning,

[2025-09-07T15:36:25.878+0000] {warnings.py:110} WARNING - /home/***/.local/lib/python3.7/site-packages/sklearn/utils/validation.py:1692: FutureWarning: Feature names only support names that are all strings. Got feature names with dtypes: ['quoted_name', 'str']. An error will be raised in 1.2.
  FutureWarning,

[2025-09-07T15:36:25.878+0000] {warnings.py:110} WARNING - /home/***/.local/lib/python3.7/site-packages/sklearn/utils/validation.py:1692: FutureWarning: Feature names only support names that are all strings. Got feature names with dtypes: ['quoted_name', 'str']. An error will be raised in 1.2.
  FutureWarning,

[2025-09-07T15:36:25.895+0000] {warnings.py:110} WARNING - /home/***/.local/lib/python3.7/site-packages/sklearn/utils/validation.py:1692: FutureWarning: Feature names only support names that are all strings. Got feature names with dtypes: ['quoted_name', 'str']. An error will be raised in 1.2.
  FutureWarning,

[2025-09-07T15:36:25.896+0000] {warnings.py:110} WARNING - /home/***/.local/lib/python3.7/site-packages/sklearn/utils/validation.py:1692: FutureWarning: Feature names only support names that are all strings. Got feature names with dtypes: ['quoted_name', 'str']. An error will be raised in 1.2.
  FutureWarning,

[2025-09-07T15:36:25.927+0000] {warnings.py:110} WARNING - /home/***/.local/lib/python3.7/site-packages/sklearn/utils/validation.py:1692: FutureWarning: Feature names only support names that are all strings. Got feature names with dtypes: ['quoted_name', 'str']. An error will be raised in 1.2.
  FutureWarning,

[2025-09-07T15:36:25.928+0000] {warnings.py:110} WARNING - /home/***/.local/lib/python3.7/site-packages/sklearn/utils/validation.py:1692: FutureWarning: Feature names only support names that are all strings. Got feature names with dtypes: ['quoted_name', 'str']. An error will be raised in 1.2.
  FutureWarning,

[2025-09-07T15:36:25.945+0000] {logging_mixin.py:149} INFO - Mejor modelo para logistic_regression: {'C': 0.1}
[2025-09-07T15:36:25.945+0000] {warnings.py:110} WARNING - /home/***/.local/lib/python3.7/site-packages/sklearn/utils/validation.py:1692: FutureWarning: Feature names only support names that are all strings. Got feature names with dtypes: ['quoted_name', 'str']. An error will be raised in 1.2.
  FutureWarning,

[2025-09-07T15:36:25.947+0000] {logging_mixin.py:149} INFO -               precision    recall  f1-score   support

           0       1.00      0.97      0.98        31
           1       0.93      1.00      0.96        13
           2       1.00      1.00      1.00        23

    accuracy                           0.99        67
   macro avg       0.98      0.99      0.98        67
weighted avg       0.99      0.99      0.99        67
[2025-09-07T15:36:25.948+0000] {logging_mixin.py:149} INFO - Guardado en: /shared/models/logistic_regression.pkl
[2025-09-07T15:36:25.948+0000] {logging_mixin.py:149} INFO - 
Entrenando modelo: random_forest
[2025-09-07T15:36:25.949+0000] {warnings.py:110} WARNING - /home/***/.local/lib/python3.7/site-packages/sklearn/utils/validation.py:1692: FutureWarning: Feature names only support names that are all strings. Got feature names with dtypes: ['quoted_name', 'str']. An error will be raised in 1.2.
  FutureWarning,

[2025-09-07T15:36:25.966+0000] {warnings.py:110} WARNING - /home/***/.local/lib/python3.7/site-packages/sklearn/utils/validation.py:1692: FutureWarning: Feature names only support names that are all strings. Got feature names with dtypes: ['quoted_name', 'str']. An error will be raised in 1.2.
  FutureWarning,

[2025-09-07T15:36:25.968+0000] {warnings.py:110} WARNING - /home/***/.local/lib/python3.7/site-packages/sklearn/utils/validation.py:1692: FutureWarning: Feature names only support names that are all strings. Got feature names with dtypes: ['quoted_name', 'str']. An error will be raised in 1.2.
  FutureWarning,

[2025-09-07T15:36:25.984+0000] {warnings.py:110} WARNING - /home/***/.local/lib/python3.7/site-packages/sklearn/utils/validation.py:1692: FutureWarning: Feature names only support names that are all strings. Got feature names with dtypes: ['quoted_name', 'str']. An error will be raised in 1.2.
  FutureWarning,

[2025-09-07T15:36:25.986+0000] {warnings.py:110} WARNING - /home/***/.local/lib/python3.7/site-packages/sklearn/utils/validation.py:1692: FutureWarning: Feature names only support names that are all strings. Got feature names with dtypes: ['quoted_name', 'str']. An error will be raised in 1.2.
  FutureWarning,

[2025-09-07T15:36:26.002+0000] {warnings.py:110} WARNING - /home/***/.local/lib/python3.7/site-packages/sklearn/utils/validation.py:1692: FutureWarning: Feature names only support names that are all strings. Got feature names with dtypes: ['quoted_name', 'str']. An error will be raised in 1.2.
  FutureWarning,

[2025-09-07T15:36:26.004+0000] {warnings.py:110} WARNING - /home/***/.local/lib/python3.7/site-packages/sklearn/utils/validation.py:1692: FutureWarning: Feature names only support names that are all strings. Got feature names with dtypes: ['quoted_name', 'str']. An error will be raised in 1.2.
  FutureWarning,

[2025-09-07T15:36:26.036+0000] {warnings.py:110} WARNING - /home/***/.local/lib/python3.7/site-packages/sklearn/utils/validation.py:1692: FutureWarning: Feature names only support names that are all strings. Got feature names with dtypes: ['quoted_name', 'str']. An error will be raised in 1.2.
  FutureWarning,

[2025-09-07T15:36:26.039+0000] {warnings.py:110} WARNING - /home/***/.local/lib/python3.7/site-packages/sklearn/utils/validation.py:1692: FutureWarning: Feature names only support names that are all strings. Got feature names with dtypes: ['quoted_name', 'str']. An error will be raised in 1.2.
  FutureWarning,

[2025-09-07T15:36:26.071+0000] {warnings.py:110} WARNING - /home/***/.local/lib/python3.7/site-packages/sklearn/utils/validation.py:1692: FutureWarning: Feature names only support names that are all strings. Got feature names with dtypes: ['quoted_name', 'str']. An error will be raised in 1.2.
  FutureWarning,

[2025-09-07T15:36:26.074+0000] {warnings.py:110} WARNING - /home/***/.local/lib/python3.7/site-packages/sklearn/utils/validation.py:1692: FutureWarning: Feature names only support names that are all strings. Got feature names with dtypes: ['quoted_name', 'str']. An error will be raised in 1.2.
  FutureWarning,

[2025-09-07T15:36:26.106+0000] {warnings.py:110} WARNING - /home/***/.local/lib/python3.7/site-packages/sklearn/utils/validation.py:1692: FutureWarning: Feature names only support names that are all strings. Got feature names with dtypes: ['quoted_name', 'str']. An error will be raised in 1.2.
  FutureWarning,

[2025-09-07T15:36:26.109+0000] {warnings.py:110} WARNING - /home/***/.local/lib/python3.7/site-packages/sklearn/utils/validation.py:1692: FutureWarning: Feature names only support names that are all strings. Got feature names with dtypes: ['quoted_name', 'str']. An error will be raised in 1.2.
  FutureWarning,

[2025-09-07T15:36:26.144+0000] {logging_mixin.py:149} INFO - Mejor modelo para random_forest: {'n_estimators': 100}
[2025-09-07T15:36:26.144+0000] {warnings.py:110} WARNING - /home/***/.local/lib/python3.7/site-packages/sklearn/utils/validation.py:1692: FutureWarning: Feature names only support names that are all strings. Got feature names with dtypes: ['quoted_name', 'str']. An error will be raised in 1.2.
  FutureWarning,

[2025-09-07T15:36:26.148+0000] {logging_mixin.py:149} INFO -               precision    recall  f1-score   support

           0       1.00      1.00      1.00        31
           1       1.00      1.00      1.00        13
           2       1.00      1.00      1.00        23

    accuracy                           1.00        67
   macro avg       1.00      1.00      1.00        67
weighted avg       1.00      1.00      1.00        67
[2025-09-07T15:36:26.150+0000] {logging_mixin.py:149} INFO - Guardado en: /shared/models/random_forest.pkl
[2025-09-07T15:36:26.150+0000] {logging_mixin.py:149} INFO - 
Entrenando modelo: svc
[2025-09-07T15:36:26.152+0000] {warnings.py:110} WARNING - /home/***/.local/lib/python3.7/site-packages/sklearn/utils/validation.py:1692: FutureWarning: Feature names only support names that are all strings. Got feature names with dtypes: ['quoted_name', 'str']. An error will be raised in 1.2.
  FutureWarning,

[2025-09-07T15:36:26.273+0000] {warnings.py:110} WARNING - /home/***/.local/lib/python3.7/site-packages/sklearn/utils/validation.py:1692: FutureWarning: Feature names only support names that are all strings. Got feature names with dtypes: ['quoted_name', 'str']. An error will be raised in 1.2.
  FutureWarning,

[2025-09-07T15:36:26.274+0000] {warnings.py:110} WARNING - /home/***/.local/lib/python3.7/site-packages/sklearn/utils/validation.py:1692: FutureWarning: Feature names only support names that are all strings. Got feature names with dtypes: ['quoted_name', 'str']. An error will be raised in 1.2.
  FutureWarning,

[2025-09-07T15:36:26.313+0000] {warnings.py:110} WARNING - /home/***/.local/lib/python3.7/site-packages/sklearn/utils/validation.py:1692: FutureWarning: Feature names only support names that are all strings. Got feature names with dtypes: ['quoted_name', 'str']. An error will be raised in 1.2.
  FutureWarning,

[2025-09-07T15:36:26.314+0000] {warnings.py:110} WARNING - /home/***/.local/lib/python3.7/site-packages/sklearn/utils/validation.py:1692: FutureWarning: Feature names only support names that are all strings. Got feature names with dtypes: ['quoted_name', 'str']. An error will be raised in 1.2.
  FutureWarning,

[2025-09-07T15:36:26.559+0000] {warnings.py:110} WARNING - /home/***/.local/lib/python3.7/site-packages/sklearn/utils/validation.py:1692: FutureWarning: Feature names only support names that are all strings. Got feature names with dtypes: ['quoted_name', 'str']. An error will be raised in 1.2.
  FutureWarning,

[2025-09-07T15:36:26.560+0000] {warnings.py:110} WARNING - /home/***/.local/lib/python3.7/site-packages/sklearn/utils/validation.py:1692: FutureWarning: Feature names only support names that are all strings. Got feature names with dtypes: ['quoted_name', 'str']. An error will be raised in 1.2.
  FutureWarning,

[2025-09-07T15:36:26.562+0000] {warnings.py:110} WARNING - /home/***/.local/lib/python3.7/site-packages/sklearn/utils/validation.py:1692: FutureWarning: Feature names only support names that are all strings. Got feature names with dtypes: ['quoted_name', 'str']. An error will be raised in 1.2.
  FutureWarning,

[2025-09-07T15:36:26.563+0000] {warnings.py:110} WARNING - /home/***/.local/lib/python3.7/site-packages/sklearn/utils/validation.py:1692: FutureWarning: Feature names only support names that are all strings. Got feature names with dtypes: ['quoted_name', 'str']. An error will be raised in 1.2.
  FutureWarning,

[2025-09-07T15:36:26.566+0000] {warnings.py:110} WARNING - /home/***/.local/lib/python3.7/site-packages/sklearn/utils/validation.py:1692: FutureWarning: Feature names only support names that are all strings. Got feature names with dtypes: ['quoted_name', 'str']. An error will be raised in 1.2.
  FutureWarning,

[2025-09-07T15:36:26.566+0000] {warnings.py:110} WARNING - /home/***/.local/lib/python3.7/site-packages/sklearn/utils/validation.py:1692: FutureWarning: Feature names only support names that are all strings. Got feature names with dtypes: ['quoted_name', 'str']. An error will be raised in 1.2.
  FutureWarning,

[2025-09-07T15:36:26.569+0000] {warnings.py:110} WARNING - /home/***/.local/lib/python3.7/site-packages/sklearn/utils/validation.py:1692: FutureWarning: Feature names only support names that are all strings. Got feature names with dtypes: ['quoted_name', 'str']. An error will be raised in 1.2.
  FutureWarning,

[2025-09-07T15:36:26.570+0000] {warnings.py:110} WARNING - /home/***/.local/lib/python3.7/site-packages/sklearn/utils/validation.py:1692: FutureWarning: Feature names only support names that are all strings. Got feature names with dtypes: ['quoted_name', 'str']. An error will be raised in 1.2.
  FutureWarning,

[2025-09-07T15:36:26.660+0000] {warnings.py:110} WARNING - /home/***/.local/lib/python3.7/site-packages/sklearn/utils/validation.py:1692: FutureWarning: Feature names only support names that are all strings. Got feature names with dtypes: ['quoted_name', 'str']. An error will be raised in 1.2.
  FutureWarning,

[2025-09-07T15:36:26.661+0000] {warnings.py:110} WARNING - /home/***/.local/lib/python3.7/site-packages/sklearn/utils/validation.py:1692: FutureWarning: Feature names only support names that are all strings. Got feature names with dtypes: ['quoted_name', 'str']. An error will be raised in 1.2.
  FutureWarning,

[2025-09-07T15:36:26.891+0000] {warnings.py:110} WARNING - /home/***/.local/lib/python3.7/site-packages/sklearn/utils/validation.py:1692: FutureWarning: Feature names only support names that are all strings. Got feature names with dtypes: ['quoted_name', 'str']. An error will be raised in 1.2.
  FutureWarning,

[2025-09-07T15:36:26.892+0000] {warnings.py:110} WARNING - /home/***/.local/lib/python3.7/site-packages/sklearn/utils/validation.py:1692: FutureWarning: Feature names only support names that are all strings. Got feature names with dtypes: ['quoted_name', 'str']. An error will be raised in 1.2.
  FutureWarning,

[2025-09-07T15:36:26.965+0000] {warnings.py:110} WARNING - /home/***/.local/lib/python3.7/site-packages/sklearn/utils/validation.py:1692: FutureWarning: Feature names only support names that are all strings. Got feature names with dtypes: ['quoted_name', 'str']. An error will be raised in 1.2.
  FutureWarning,

[2025-09-07T15:36:26.965+0000] {warnings.py:110} WARNING - /home/***/.local/lib/python3.7/site-packages/sklearn/utils/validation.py:1692: FutureWarning: Feature names only support names that are all strings. Got feature names with dtypes: ['quoted_name', 'str']. An error will be raised in 1.2.
  FutureWarning,

[2025-09-07T15:36:26.967+0000] {warnings.py:110} WARNING - /home/***/.local/lib/python3.7/site-packages/sklearn/utils/validation.py:1692: FutureWarning: Feature names only support names that are all strings. Got feature names with dtypes: ['quoted_name', 'str']. An error will be raised in 1.2.
  FutureWarning,

[2025-09-07T15:36:26.968+0000] {warnings.py:110} WARNING - /home/***/.local/lib/python3.7/site-packages/sklearn/utils/validation.py:1692: FutureWarning: Feature names only support names that are all strings. Got feature names with dtypes: ['quoted_name', 'str']. An error will be raised in 1.2.
  FutureWarning,

[2025-09-07T15:36:26.970+0000] {warnings.py:110} WARNING - /home/***/.local/lib/python3.7/site-packages/sklearn/utils/validation.py:1692: FutureWarning: Feature names only support names that are all strings. Got feature names with dtypes: ['quoted_name', 'str']. An error will be raised in 1.2.
  FutureWarning,

[2025-09-07T15:36:26.971+0000] {warnings.py:110} WARNING - /home/***/.local/lib/python3.7/site-packages/sklearn/utils/validation.py:1692: FutureWarning: Feature names only support names that are all strings. Got feature names with dtypes: ['quoted_name', 'str']. An error will be raised in 1.2.
  FutureWarning,

[2025-09-07T15:36:26.973+0000] {warnings.py:110} WARNING - /home/***/.local/lib/python3.7/site-packages/sklearn/utils/validation.py:1692: FutureWarning: Feature names only support names that are all strings. Got feature names with dtypes: ['quoted_name', 'str']. An error will be raised in 1.2.
  FutureWarning,

[2025-09-07T15:36:26.974+0000] {warnings.py:110} WARNING - /home/***/.local/lib/python3.7/site-packages/sklearn/utils/validation.py:1692: FutureWarning: Feature names only support names that are all strings. Got feature names with dtypes: ['quoted_name', 'str']. An error will be raised in 1.2.
  FutureWarning,

[2025-09-07T15:36:27.064+0000] {logging_mixin.py:149} INFO - Mejor modelo para svc: {'C': 0.1, 'kernel': 'linear'}
[2025-09-07T15:36:27.064+0000] {warnings.py:110} WARNING - /home/***/.local/lib/python3.7/site-packages/sklearn/utils/validation.py:1692: FutureWarning: Feature names only support names that are all strings. Got feature names with dtypes: ['quoted_name', 'str']. An error will be raised in 1.2.
  FutureWarning,

[2025-09-07T15:36:27.065+0000] {logging_mixin.py:149} INFO -               precision    recall  f1-score   support

           0       1.00      1.00      1.00        31
           1       1.00      1.00      1.00        13
           2       1.00      1.00      1.00        23

    accuracy                           1.00        67
   macro avg       1.00      1.00      1.00        67
weighted avg       1.00      1.00      1.00        67
[2025-09-07T15:36:27.067+0000] {logging_mixin.py:149} INFO - Guardado en: /shared/models/svc.pkl
[2025-09-07T15:36:27.067+0000] {python.py:183} INFO - Done. Returned value was: None
[2025-09-07T15:36:27.071+0000] {taskinstance.py:1373} INFO - Marking task as SUCCESS. dag_id=penguins_train, task_id=train_penguins_models, execution_date=20250907T153124, start_date=20250907T153625, end_date=20250907T153627
[2025-09-07T15:36:27.089+0000] {local_task_job_runner.py:232} INFO - Task exited with return code 0
[2025-09-07T15:36:27.098+0000] {taskinstance.py:2674} INFO - 0 downstream tasks scheduled from follow-on schedule check
