[2025-09-07T15:26:25.664+0000] {taskinstance.py:1125} INFO - Dependencies all met for dep_context=non-requeueable deps ti=<TaskInstance: penguins_train.train_penguins_models scheduled__2025-09-07T15:21:24.786150+00:00 [queued]>
[2025-09-07T15:26:25.667+0000] {taskinstance.py:1125} INFO - Dependencies all met for dep_context=requeueable deps ti=<TaskInstance: penguins_train.train_penguins_models scheduled__2025-09-07T15:21:24.786150+00:00 [queued]>
[2025-09-07T15:26:25.667+0000] {taskinstance.py:1331} INFO - Starting attempt 1 of 1
[2025-09-07T15:26:25.673+0000] {taskinstance.py:1350} INFO - Executing <Task(PythonOperator): train_penguins_models> on 2025-09-07 15:21:24.786150+00:00
[2025-09-07T15:26:25.675+0000] {standard_task_runner.py:57} INFO - Started process 153 to run task
[2025-09-07T15:26:25.677+0000] {standard_task_runner.py:84} INFO - Running: ['***', 'tasks', 'run', 'penguins_train', 'train_penguins_models', 'scheduled__2025-09-07T15:21:24.786150+00:00', '--job-id', '249', '--raw', '--subdir', 'DAGS_FOLDER/penguins_train.py', '--cfg-path', '/tmp/tmp_g0h_qy9']
[2025-09-07T15:26:25.677+0000] {standard_task_runner.py:85} INFO - Job 249: Subtask train_penguins_models
[2025-09-07T15:26:25.697+0000] {task_command.py:410} INFO - Running <TaskInstance: penguins_train.train_penguins_models scheduled__2025-09-07T15:21:24.786150+00:00 [running]> on host cf2b60a8b9f2
[2025-09-07T15:26:25.733+0000] {taskinstance.py:1570} INFO - Exporting env vars: AIRFLOW_CTX_DAG_OWNER='***' AIRFLOW_CTX_DAG_ID='penguins_train' AIRFLOW_CTX_TASK_ID='train_penguins_models' AIRFLOW_CTX_EXECUTION_DATE='2025-09-07T15:21:24.786150+00:00' AIRFLOW_CTX_TRY_NUMBER='1' AIRFLOW_CTX_DAG_RUN_ID='scheduled__2025-09-07T15:21:24.786150+00:00'
[2025-09-07T15:26:26.025+0000] {logging_mixin.py:149} INFO - 
Entrenando modelo: logistic_regression
[2025-09-07T15:26:26.026+0000] {warnings.py:110} WARNING - /home/***/.local/lib/python3.7/site-packages/sklearn/utils/validation.py:1692: FutureWarning: Feature names only support names that are all strings. Got feature names with dtypes: ['quoted_name', 'str']. An error will be raised in 1.2.
  FutureWarning,

[2025-09-07T15:26:26.039+0000] {warnings.py:110} WARNING - /home/***/.local/lib/python3.7/site-packages/sklearn/utils/validation.py:1692: FutureWarning: Feature names only support names that are all strings. Got feature names with dtypes: ['quoted_name', 'str']. An error will be raised in 1.2.
  FutureWarning,

[2025-09-07T15:26:26.040+0000] {warnings.py:110} WARNING - /home/***/.local/lib/python3.7/site-packages/sklearn/utils/validation.py:1692: FutureWarning: Feature names only support names that are all strings. Got feature names with dtypes: ['quoted_name', 'str']. An error will be raised in 1.2.
  FutureWarning,

[2025-09-07T15:26:26.091+0000] {warnings.py:110} WARNING - /home/***/.local/lib/python3.7/site-packages/sklearn/linear_model/_logistic.py:818: ConvergenceWarning: lbfgs failed to converge (status=1):
STOP: TOTAL NO. of ITERATIONS REACHED LIMIT.

Increase the number of iterations (max_iter) or scale the data as shown in:
    https://scikit-learn.org/stable/modules/preprocessing.html
Please also refer to the documentation for alternative solver options:
    https://scikit-learn.org/stable/modules/linear_model.html#logistic-regression
  extra_warning_msg=_LOGISTIC_SOLVER_CONVERGENCE_MSG,

[2025-09-07T15:26:26.091+0000] {warnings.py:110} WARNING - /home/***/.local/lib/python3.7/site-packages/sklearn/utils/validation.py:1692: FutureWarning: Feature names only support names that are all strings. Got feature names with dtypes: ['quoted_name', 'str']. An error will be raised in 1.2.
  FutureWarning,

[2025-09-07T15:26:26.092+0000] {warnings.py:110} WARNING - /home/***/.local/lib/python3.7/site-packages/sklearn/utils/validation.py:1692: FutureWarning: Feature names only support names that are all strings. Got feature names with dtypes: ['quoted_name', 'str']. An error will be raised in 1.2.
  FutureWarning,

[2025-09-07T15:26:26.105+0000] {warnings.py:110} WARNING - /home/***/.local/lib/python3.7/site-packages/sklearn/utils/validation.py:1692: FutureWarning: Feature names only support names that are all strings. Got feature names with dtypes: ['quoted_name', 'str']. An error will be raised in 1.2.
  FutureWarning,

[2025-09-07T15:26:26.106+0000] {warnings.py:110} WARNING - /home/***/.local/lib/python3.7/site-packages/sklearn/utils/validation.py:1692: FutureWarning: Feature names only support names that are all strings. Got feature names with dtypes: ['quoted_name', 'str']. An error will be raised in 1.2.
  FutureWarning,

[2025-09-07T15:26:26.128+0000] {warnings.py:110} WARNING - /home/***/.local/lib/python3.7/site-packages/sklearn/utils/validation.py:1692: FutureWarning: Feature names only support names that are all strings. Got feature names with dtypes: ['quoted_name', 'str']. An error will be raised in 1.2.
  FutureWarning,

[2025-09-07T15:26:26.128+0000] {warnings.py:110} WARNING - /home/***/.local/lib/python3.7/site-packages/sklearn/utils/validation.py:1692: FutureWarning: Feature names only support names that are all strings. Got feature names with dtypes: ['quoted_name', 'str']. An error will be raised in 1.2.
  FutureWarning,

[2025-09-07T15:26:26.180+0000] {warnings.py:110} WARNING - /home/***/.local/lib/python3.7/site-packages/sklearn/linear_model/_logistic.py:818: ConvergenceWarning: lbfgs failed to converge (status=1):
STOP: TOTAL NO. of ITERATIONS REACHED LIMIT.

Increase the number of iterations (max_iter) or scale the data as shown in:
    https://scikit-learn.org/stable/modules/preprocessing.html
Please also refer to the documentation for alternative solver options:
    https://scikit-learn.org/stable/modules/linear_model.html#logistic-regression
  extra_warning_msg=_LOGISTIC_SOLVER_CONVERGENCE_MSG,

[2025-09-07T15:26:26.180+0000] {warnings.py:110} WARNING - /home/***/.local/lib/python3.7/site-packages/sklearn/utils/validation.py:1692: FutureWarning: Feature names only support names that are all strings. Got feature names with dtypes: ['quoted_name', 'str']. An error will be raised in 1.2.
  FutureWarning,

[2025-09-07T15:26:26.181+0000] {warnings.py:110} WARNING - /home/***/.local/lib/python3.7/site-packages/sklearn/utils/validation.py:1692: FutureWarning: Feature names only support names that are all strings. Got feature names with dtypes: ['quoted_name', 'str']. An error will be raised in 1.2.
  FutureWarning,

[2025-09-07T15:26:26.229+0000] {warnings.py:110} WARNING - /home/***/.local/lib/python3.7/site-packages/sklearn/utils/validation.py:1692: FutureWarning: Feature names only support names that are all strings. Got feature names with dtypes: ['quoted_name', 'str']. An error will be raised in 1.2.
  FutureWarning,

[2025-09-07T15:26:26.230+0000] {warnings.py:110} WARNING - /home/***/.local/lib/python3.7/site-packages/sklearn/utils/validation.py:1692: FutureWarning: Feature names only support names that are all strings. Got feature names with dtypes: ['quoted_name', 'str']. An error will be raised in 1.2.
  FutureWarning,

[2025-09-07T15:26:26.260+0000] {warnings.py:110} WARNING - /home/***/.local/lib/python3.7/site-packages/sklearn/utils/validation.py:1692: FutureWarning: Feature names only support names that are all strings. Got feature names with dtypes: ['quoted_name', 'str']. An error will be raised in 1.2.
  FutureWarning,

[2025-09-07T15:26:26.263+0000] {warnings.py:110} WARNING - /home/***/.local/lib/python3.7/site-packages/sklearn/utils/validation.py:1692: FutureWarning: Feature names only support names that are all strings. Got feature names with dtypes: ['quoted_name', 'str']. An error will be raised in 1.2.
  FutureWarning,

[2025-09-07T15:26:26.291+0000] {warnings.py:110} WARNING - /home/***/.local/lib/python3.7/site-packages/sklearn/utils/validation.py:1692: FutureWarning: Feature names only support names that are all strings. Got feature names with dtypes: ['quoted_name', 'str']. An error will be raised in 1.2.
  FutureWarning,

[2025-09-07T15:26:26.292+0000] {warnings.py:110} WARNING - /home/***/.local/lib/python3.7/site-packages/sklearn/utils/validation.py:1692: FutureWarning: Feature names only support names that are all strings. Got feature names with dtypes: ['quoted_name', 'str']. An error will be raised in 1.2.
  FutureWarning,

[2025-09-07T15:26:26.322+0000] {warnings.py:110} WARNING - /home/***/.local/lib/python3.7/site-packages/sklearn/utils/validation.py:1692: FutureWarning: Feature names only support names that are all strings. Got feature names with dtypes: ['quoted_name', 'str']. An error will be raised in 1.2.
  FutureWarning,

[2025-09-07T15:26:26.324+0000] {warnings.py:110} WARNING - /home/***/.local/lib/python3.7/site-packages/sklearn/utils/validation.py:1692: FutureWarning: Feature names only support names that are all strings. Got feature names with dtypes: ['quoted_name', 'str']. An error will be raised in 1.2.
  FutureWarning,

[2025-09-07T15:26:26.339+0000] {logging_mixin.py:149} INFO - Mejor modelo para logistic_regression: {'C': 0.1}
[2025-09-07T15:26:26.339+0000] {warnings.py:110} WARNING - /home/***/.local/lib/python3.7/site-packages/sklearn/utils/validation.py:1692: FutureWarning: Feature names only support names that are all strings. Got feature names with dtypes: ['quoted_name', 'str']. An error will be raised in 1.2.
  FutureWarning,

[2025-09-07T15:26:26.340+0000] {logging_mixin.py:149} INFO -               precision    recall  f1-score   support

           0       1.00      0.97      0.98        31
           1       0.93      1.00      0.96        13
           2       1.00      1.00      1.00        23

    accuracy                           0.99        67
   macro avg       0.98      0.99      0.98        67
weighted avg       0.99      0.99      0.99        67
[2025-09-07T15:26:26.342+0000] {logging_mixin.py:149} INFO - Guardado en: /shared/models/logistic_regression.pkl
[2025-09-07T15:26:26.342+0000] {logging_mixin.py:149} INFO - 
Entrenando modelo: random_forest
[2025-09-07T15:26:26.343+0000] {warnings.py:110} WARNING - /home/***/.local/lib/python3.7/site-packages/sklearn/utils/validation.py:1692: FutureWarning: Feature names only support names that are all strings. Got feature names with dtypes: ['quoted_name', 'str']. An error will be raised in 1.2.
  FutureWarning,

[2025-09-07T15:26:26.359+0000] {warnings.py:110} WARNING - /home/***/.local/lib/python3.7/site-packages/sklearn/utils/validation.py:1692: FutureWarning: Feature names only support names that are all strings. Got feature names with dtypes: ['quoted_name', 'str']. An error will be raised in 1.2.
  FutureWarning,

[2025-09-07T15:26:26.361+0000] {warnings.py:110} WARNING - /home/***/.local/lib/python3.7/site-packages/sklearn/utils/validation.py:1692: FutureWarning: Feature names only support names that are all strings. Got feature names with dtypes: ['quoted_name', 'str']. An error will be raised in 1.2.
  FutureWarning,

[2025-09-07T15:26:26.377+0000] {warnings.py:110} WARNING - /home/***/.local/lib/python3.7/site-packages/sklearn/utils/validation.py:1692: FutureWarning: Feature names only support names that are all strings. Got feature names with dtypes: ['quoted_name', 'str']. An error will be raised in 1.2.
  FutureWarning,

[2025-09-07T15:26:26.379+0000] {warnings.py:110} WARNING - /home/***/.local/lib/python3.7/site-packages/sklearn/utils/validation.py:1692: FutureWarning: Feature names only support names that are all strings. Got feature names with dtypes: ['quoted_name', 'str']. An error will be raised in 1.2.
  FutureWarning,

[2025-09-07T15:26:26.394+0000] {warnings.py:110} WARNING - /home/***/.local/lib/python3.7/site-packages/sklearn/utils/validation.py:1692: FutureWarning: Feature names only support names that are all strings. Got feature names with dtypes: ['quoted_name', 'str']. An error will be raised in 1.2.
  FutureWarning,

[2025-09-07T15:26:26.396+0000] {warnings.py:110} WARNING - /home/***/.local/lib/python3.7/site-packages/sklearn/utils/validation.py:1692: FutureWarning: Feature names only support names that are all strings. Got feature names with dtypes: ['quoted_name', 'str']. An error will be raised in 1.2.
  FutureWarning,

[2025-09-07T15:26:26.426+0000] {warnings.py:110} WARNING - /home/***/.local/lib/python3.7/site-packages/sklearn/utils/validation.py:1692: FutureWarning: Feature names only support names that are all strings. Got feature names with dtypes: ['quoted_name', 'str']. An error will be raised in 1.2.
  FutureWarning,

[2025-09-07T15:26:26.428+0000] {warnings.py:110} WARNING - /home/***/.local/lib/python3.7/site-packages/sklearn/utils/validation.py:1692: FutureWarning: Feature names only support names that are all strings. Got feature names with dtypes: ['quoted_name', 'str']. An error will be raised in 1.2.
  FutureWarning,

[2025-09-07T15:26:26.458+0000] {warnings.py:110} WARNING - /home/***/.local/lib/python3.7/site-packages/sklearn/utils/validation.py:1692: FutureWarning: Feature names only support names that are all strings. Got feature names with dtypes: ['quoted_name', 'str']. An error will be raised in 1.2.
  FutureWarning,

[2025-09-07T15:26:26.461+0000] {warnings.py:110} WARNING - /home/***/.local/lib/python3.7/site-packages/sklearn/utils/validation.py:1692: FutureWarning: Feature names only support names that are all strings. Got feature names with dtypes: ['quoted_name', 'str']. An error will be raised in 1.2.
  FutureWarning,

[2025-09-07T15:26:26.492+0000] {warnings.py:110} WARNING - /home/***/.local/lib/python3.7/site-packages/sklearn/utils/validation.py:1692: FutureWarning: Feature names only support names that are all strings. Got feature names with dtypes: ['quoted_name', 'str']. An error will be raised in 1.2.
  FutureWarning,

[2025-09-07T15:26:26.495+0000] {warnings.py:110} WARNING - /home/***/.local/lib/python3.7/site-packages/sklearn/utils/validation.py:1692: FutureWarning: Feature names only support names that are all strings. Got feature names with dtypes: ['quoted_name', 'str']. An error will be raised in 1.2.
  FutureWarning,

[2025-09-07T15:26:26.533+0000] {logging_mixin.py:149} INFO - Mejor modelo para random_forest: {'n_estimators': 100}
[2025-09-07T15:26:26.533+0000] {warnings.py:110} WARNING - /home/***/.local/lib/python3.7/site-packages/sklearn/utils/validation.py:1692: FutureWarning: Feature names only support names that are all strings. Got feature names with dtypes: ['quoted_name', 'str']. An error will be raised in 1.2.
  FutureWarning,

[2025-09-07T15:26:26.538+0000] {logging_mixin.py:149} INFO -               precision    recall  f1-score   support

           0       1.00      1.00      1.00        31
           1       1.00      1.00      1.00        13
           2       1.00      1.00      1.00        23

    accuracy                           1.00        67
   macro avg       1.00      1.00      1.00        67
weighted avg       1.00      1.00      1.00        67
[2025-09-07T15:26:26.579+0000] {logging_mixin.py:149} INFO - Guardado en: /shared/models/random_forest.pkl
[2025-09-07T15:26:26.579+0000] {logging_mixin.py:149} INFO - 
Entrenando modelo: svc
[2025-09-07T15:26:26.580+0000] {warnings.py:110} WARNING - /home/***/.local/lib/python3.7/site-packages/sklearn/utils/validation.py:1692: FutureWarning: Feature names only support names that are all strings. Got feature names with dtypes: ['quoted_name', 'str']. An error will be raised in 1.2.
  FutureWarning,

[2025-09-07T15:26:26.703+0000] {warnings.py:110} WARNING - /home/***/.local/lib/python3.7/site-packages/sklearn/utils/validation.py:1692: FutureWarning: Feature names only support names that are all strings. Got feature names with dtypes: ['quoted_name', 'str']. An error will be raised in 1.2.
  FutureWarning,

[2025-09-07T15:26:26.704+0000] {warnings.py:110} WARNING - /home/***/.local/lib/python3.7/site-packages/sklearn/utils/validation.py:1692: FutureWarning: Feature names only support names that are all strings. Got feature names with dtypes: ['quoted_name', 'str']. An error will be raised in 1.2.
  FutureWarning,

[2025-09-07T15:26:26.746+0000] {warnings.py:110} WARNING - /home/***/.local/lib/python3.7/site-packages/sklearn/utils/validation.py:1692: FutureWarning: Feature names only support names that are all strings. Got feature names with dtypes: ['quoted_name', 'str']. An error will be raised in 1.2.
  FutureWarning,

[2025-09-07T15:26:26.747+0000] {warnings.py:110} WARNING - /home/***/.local/lib/python3.7/site-packages/sklearn/utils/validation.py:1692: FutureWarning: Feature names only support names that are all strings. Got feature names with dtypes: ['quoted_name', 'str']. An error will be raised in 1.2.
  FutureWarning,

[2025-09-07T15:26:27.054+0000] {warnings.py:110} WARNING - /home/***/.local/lib/python3.7/site-packages/sklearn/utils/validation.py:1692: FutureWarning: Feature names only support names that are all strings. Got feature names with dtypes: ['quoted_name', 'str']. An error will be raised in 1.2.
  FutureWarning,

[2025-09-07T15:26:27.056+0000] {warnings.py:110} WARNING - /home/***/.local/lib/python3.7/site-packages/sklearn/utils/validation.py:1692: FutureWarning: Feature names only support names that are all strings. Got feature names with dtypes: ['quoted_name', 'str']. An error will be raised in 1.2.
  FutureWarning,

[2025-09-07T15:26:27.059+0000] {warnings.py:110} WARNING - /home/***/.local/lib/python3.7/site-packages/sklearn/utils/validation.py:1692: FutureWarning: Feature names only support names that are all strings. Got feature names with dtypes: ['quoted_name', 'str']. An error will be raised in 1.2.
  FutureWarning,

[2025-09-07T15:26:27.061+0000] {warnings.py:110} WARNING - /home/***/.local/lib/python3.7/site-packages/sklearn/utils/validation.py:1692: FutureWarning: Feature names only support names that are all strings. Got feature names with dtypes: ['quoted_name', 'str']. An error will be raised in 1.2.
  FutureWarning,

[2025-09-07T15:26:27.064+0000] {warnings.py:110} WARNING - /home/***/.local/lib/python3.7/site-packages/sklearn/utils/validation.py:1692: FutureWarning: Feature names only support names that are all strings. Got feature names with dtypes: ['quoted_name', 'str']. An error will be raised in 1.2.
  FutureWarning,

[2025-09-07T15:26:27.065+0000] {warnings.py:110} WARNING - /home/***/.local/lib/python3.7/site-packages/sklearn/utils/validation.py:1692: FutureWarning: Feature names only support names that are all strings. Got feature names with dtypes: ['quoted_name', 'str']. An error will be raised in 1.2.
  FutureWarning,

[2025-09-07T15:26:27.068+0000] {warnings.py:110} WARNING - /home/***/.local/lib/python3.7/site-packages/sklearn/utils/validation.py:1692: FutureWarning: Feature names only support names that are all strings. Got feature names with dtypes: ['quoted_name', 'str']. An error will be raised in 1.2.
  FutureWarning,

[2025-09-07T15:26:27.070+0000] {warnings.py:110} WARNING - /home/***/.local/lib/python3.7/site-packages/sklearn/utils/validation.py:1692: FutureWarning: Feature names only support names that are all strings. Got feature names with dtypes: ['quoted_name', 'str']. An error will be raised in 1.2.
  FutureWarning,

[2025-09-07T15:26:27.341+0000] {warnings.py:110} WARNING - /home/***/.local/lib/python3.7/site-packages/sklearn/utils/validation.py:1692: FutureWarning: Feature names only support names that are all strings. Got feature names with dtypes: ['quoted_name', 'str']. An error will be raised in 1.2.
  FutureWarning,

[2025-09-07T15:26:27.343+0000] {warnings.py:110} WARNING - /home/***/.local/lib/python3.7/site-packages/sklearn/utils/validation.py:1692: FutureWarning: Feature names only support names that are all strings. Got feature names with dtypes: ['quoted_name', 'str']. An error will be raised in 1.2.
  FutureWarning,

[2025-09-07T15:26:27.579+0000] {warnings.py:110} WARNING - /home/***/.local/lib/python3.7/site-packages/sklearn/utils/validation.py:1692: FutureWarning: Feature names only support names that are all strings. Got feature names with dtypes: ['quoted_name', 'str']. An error will be raised in 1.2.
  FutureWarning,

[2025-09-07T15:26:27.580+0000] {warnings.py:110} WARNING - /home/***/.local/lib/python3.7/site-packages/sklearn/utils/validation.py:1692: FutureWarning: Feature names only support names that are all strings. Got feature names with dtypes: ['quoted_name', 'str']. An error will be raised in 1.2.
  FutureWarning,

[2025-09-07T15:26:27.679+0000] {warnings.py:110} WARNING - /home/***/.local/lib/python3.7/site-packages/sklearn/utils/validation.py:1692: FutureWarning: Feature names only support names that are all strings. Got feature names with dtypes: ['quoted_name', 'str']. An error will be raised in 1.2.
  FutureWarning,

[2025-09-07T15:26:27.680+0000] {warnings.py:110} WARNING - /home/***/.local/lib/python3.7/site-packages/sklearn/utils/validation.py:1692: FutureWarning: Feature names only support names that are all strings. Got feature names with dtypes: ['quoted_name', 'str']. An error will be raised in 1.2.
  FutureWarning,

[2025-09-07T15:26:27.682+0000] {warnings.py:110} WARNING - /home/***/.local/lib/python3.7/site-packages/sklearn/utils/validation.py:1692: FutureWarning: Feature names only support names that are all strings. Got feature names with dtypes: ['quoted_name', 'str']. An error will be raised in 1.2.
  FutureWarning,

[2025-09-07T15:26:27.683+0000] {warnings.py:110} WARNING - /home/***/.local/lib/python3.7/site-packages/sklearn/utils/validation.py:1692: FutureWarning: Feature names only support names that are all strings. Got feature names with dtypes: ['quoted_name', 'str']. An error will be raised in 1.2.
  FutureWarning,

[2025-09-07T15:26:27.685+0000] {warnings.py:110} WARNING - /home/***/.local/lib/python3.7/site-packages/sklearn/utils/validation.py:1692: FutureWarning: Feature names only support names that are all strings. Got feature names with dtypes: ['quoted_name', 'str']. An error will be raised in 1.2.
  FutureWarning,

[2025-09-07T15:26:27.686+0000] {warnings.py:110} WARNING - /home/***/.local/lib/python3.7/site-packages/sklearn/utils/validation.py:1692: FutureWarning: Feature names only support names that are all strings. Got feature names with dtypes: ['quoted_name', 'str']. An error will be raised in 1.2.
  FutureWarning,

[2025-09-07T15:26:27.688+0000] {warnings.py:110} WARNING - /home/***/.local/lib/python3.7/site-packages/sklearn/utils/validation.py:1692: FutureWarning: Feature names only support names that are all strings. Got feature names with dtypes: ['quoted_name', 'str']. An error will be raised in 1.2.
  FutureWarning,

[2025-09-07T15:26:27.689+0000] {warnings.py:110} WARNING - /home/***/.local/lib/python3.7/site-packages/sklearn/utils/validation.py:1692: FutureWarning: Feature names only support names that are all strings. Got feature names with dtypes: ['quoted_name', 'str']. An error will be raised in 1.2.
  FutureWarning,

[2025-09-07T15:26:27.764+0000] {logging_mixin.py:149} INFO - Mejor modelo para svc: {'C': 0.1, 'kernel': 'linear'}
[2025-09-07T15:26:27.764+0000] {warnings.py:110} WARNING - /home/***/.local/lib/python3.7/site-packages/sklearn/utils/validation.py:1692: FutureWarning: Feature names only support names that are all strings. Got feature names with dtypes: ['quoted_name', 'str']. An error will be raised in 1.2.
  FutureWarning,

[2025-09-07T15:26:27.765+0000] {logging_mixin.py:149} INFO -               precision    recall  f1-score   support

           0       1.00      1.00      1.00        31
           1       1.00      1.00      1.00        13
           2       1.00      1.00      1.00        23

    accuracy                           1.00        67
   macro avg       1.00      1.00      1.00        67
weighted avg       1.00      1.00      1.00        67
[2025-09-07T15:26:27.767+0000] {logging_mixin.py:149} INFO - Guardado en: /shared/models/svc.pkl
[2025-09-07T15:26:27.767+0000] {python.py:183} INFO - Done. Returned value was: None
[2025-09-07T15:26:27.772+0000] {taskinstance.py:1373} INFO - Marking task as SUCCESS. dag_id=penguins_train, task_id=train_penguins_models, execution_date=20250907T152124, start_date=20250907T152625, end_date=20250907T152627
[2025-09-07T15:26:27.796+0000] {local_task_job_runner.py:232} INFO - Task exited with return code 0
[2025-09-07T15:26:27.806+0000] {taskinstance.py:2674} INFO - 0 downstream tasks scheduled from follow-on schedule check
