[2025-09-07T16:07:33.077+0000] {taskinstance.py:1125} INFO - Dependencies all met for dep_context=non-requeueable deps ti=<TaskInstance: penguins_train.train_penguins_models manual__2025-09-07T16:07:32.523134+00:00 [queued]>
[2025-09-07T16:07:33.080+0000] {taskinstance.py:1125} INFO - Dependencies all met for dep_context=requeueable deps ti=<TaskInstance: penguins_train.train_penguins_models manual__2025-09-07T16:07:32.523134+00:00 [queued]>
[2025-09-07T16:07:33.080+0000] {taskinstance.py:1331} INFO - Starting attempt 1 of 1
[2025-09-07T16:07:33.087+0000] {taskinstance.py:1350} INFO - Executing <Task(PythonOperator): train_penguins_models> on 2025-09-07 16:07:32.523134+00:00
[2025-09-07T16:07:33.089+0000] {standard_task_runner.py:57} INFO - Started process 120 to run task
[2025-09-07T16:07:33.091+0000] {standard_task_runner.py:84} INFO - Running: ['***', 'tasks', 'run', 'penguins_train', 'train_penguins_models', 'manual__2025-09-07T16:07:32.523134+00:00', '--job-id', '349', '--raw', '--subdir', 'DAGS_FOLDER/penguins_train.py', '--cfg-path', '/tmp/tmptk2gu6v4']
[2025-09-07T16:07:33.091+0000] {standard_task_runner.py:85} INFO - Job 349: Subtask train_penguins_models
[2025-09-07T16:07:33.112+0000] {task_command.py:410} INFO - Running <TaskInstance: penguins_train.train_penguins_models manual__2025-09-07T16:07:32.523134+00:00 [running]> on host 04a964e11504
[2025-09-07T16:07:33.142+0000] {taskinstance.py:1570} INFO - Exporting env vars: AIRFLOW_CTX_DAG_OWNER='***' AIRFLOW_CTX_DAG_ID='penguins_train' AIRFLOW_CTX_TASK_ID='train_penguins_models' AIRFLOW_CTX_EXECUTION_DATE='2025-09-07T16:07:32.523134+00:00' AIRFLOW_CTX_TRY_NUMBER='1' AIRFLOW_CTX_DAG_RUN_ID='manual__2025-09-07T16:07:32.523134+00:00'
[2025-09-07T16:07:33.429+0000] {logging_mixin.py:149} INFO - 
Entrenando modelo: logistic_regression
[2025-09-07T16:07:33.435+0000] {warnings.py:110} WARNING - /home/***/.local/lib/python3.7/site-packages/sklearn/utils/validation.py:1692: FutureWarning: Feature names only support names that are all strings. Got feature names with dtypes: ['quoted_name', 'str']. An error will be raised in 1.2.
  FutureWarning,

[2025-09-07T16:07:33.448+0000] {warnings.py:110} WARNING - /home/***/.local/lib/python3.7/site-packages/sklearn/utils/validation.py:1692: FutureWarning: Feature names only support names that are all strings. Got feature names with dtypes: ['quoted_name', 'str']. An error will be raised in 1.2.
  FutureWarning,

[2025-09-07T16:07:33.450+0000] {warnings.py:110} WARNING - /home/***/.local/lib/python3.7/site-packages/sklearn/utils/validation.py:1692: FutureWarning: Feature names only support names that are all strings. Got feature names with dtypes: ['quoted_name', 'str']. An error will be raised in 1.2.
  FutureWarning,

[2025-09-07T16:07:33.504+0000] {warnings.py:110} WARNING - /home/***/.local/lib/python3.7/site-packages/sklearn/linear_model/_logistic.py:818: ConvergenceWarning: lbfgs failed to converge (status=1):
STOP: TOTAL NO. of ITERATIONS REACHED LIMIT.

Increase the number of iterations (max_iter) or scale the data as shown in:
    https://scikit-learn.org/stable/modules/preprocessing.html
Please also refer to the documentation for alternative solver options:
    https://scikit-learn.org/stable/modules/linear_model.html#logistic-regression
  extra_warning_msg=_LOGISTIC_SOLVER_CONVERGENCE_MSG,

[2025-09-07T16:07:33.504+0000] {warnings.py:110} WARNING - /home/***/.local/lib/python3.7/site-packages/sklearn/utils/validation.py:1692: FutureWarning: Feature names only support names that are all strings. Got feature names with dtypes: ['quoted_name', 'str']. An error will be raised in 1.2.
  FutureWarning,

[2025-09-07T16:07:33.505+0000] {warnings.py:110} WARNING - /home/***/.local/lib/python3.7/site-packages/sklearn/utils/validation.py:1692: FutureWarning: Feature names only support names that are all strings. Got feature names with dtypes: ['quoted_name', 'str']. An error will be raised in 1.2.
  FutureWarning,

[2025-09-07T16:07:33.518+0000] {warnings.py:110} WARNING - /home/***/.local/lib/python3.7/site-packages/sklearn/utils/validation.py:1692: FutureWarning: Feature names only support names that are all strings. Got feature names with dtypes: ['quoted_name', 'str']. An error will be raised in 1.2.
  FutureWarning,

[2025-09-07T16:07:33.519+0000] {warnings.py:110} WARNING - /home/***/.local/lib/python3.7/site-packages/sklearn/utils/validation.py:1692: FutureWarning: Feature names only support names that are all strings. Got feature names with dtypes: ['quoted_name', 'str']. An error will be raised in 1.2.
  FutureWarning,

[2025-09-07T16:07:33.541+0000] {warnings.py:110} WARNING - /home/***/.local/lib/python3.7/site-packages/sklearn/utils/validation.py:1692: FutureWarning: Feature names only support names that are all strings. Got feature names with dtypes: ['quoted_name', 'str']. An error will be raised in 1.2.
  FutureWarning,

[2025-09-07T16:07:33.542+0000] {warnings.py:110} WARNING - /home/***/.local/lib/python3.7/site-packages/sklearn/utils/validation.py:1692: FutureWarning: Feature names only support names that are all strings. Got feature names with dtypes: ['quoted_name', 'str']. An error will be raised in 1.2.
  FutureWarning,

[2025-09-07T16:07:33.600+0000] {warnings.py:110} WARNING - /home/***/.local/lib/python3.7/site-packages/sklearn/linear_model/_logistic.py:818: ConvergenceWarning: lbfgs failed to converge (status=1):
STOP: TOTAL NO. of ITERATIONS REACHED LIMIT.

Increase the number of iterations (max_iter) or scale the data as shown in:
    https://scikit-learn.org/stable/modules/preprocessing.html
Please also refer to the documentation for alternative solver options:
    https://scikit-learn.org/stable/modules/linear_model.html#logistic-regression
  extra_warning_msg=_LOGISTIC_SOLVER_CONVERGENCE_MSG,

[2025-09-07T16:07:33.600+0000] {warnings.py:110} WARNING - /home/***/.local/lib/python3.7/site-packages/sklearn/utils/validation.py:1692: FutureWarning: Feature names only support names that are all strings. Got feature names with dtypes: ['quoted_name', 'str']. An error will be raised in 1.2.
  FutureWarning,

[2025-09-07T16:07:33.601+0000] {warnings.py:110} WARNING - /home/***/.local/lib/python3.7/site-packages/sklearn/utils/validation.py:1692: FutureWarning: Feature names only support names that are all strings. Got feature names with dtypes: ['quoted_name', 'str']. An error will be raised in 1.2.
  FutureWarning,

[2025-09-07T16:07:33.650+0000] {warnings.py:110} WARNING - /home/***/.local/lib/python3.7/site-packages/sklearn/utils/validation.py:1692: FutureWarning: Feature names only support names that are all strings. Got feature names with dtypes: ['quoted_name', 'str']. An error will be raised in 1.2.
  FutureWarning,

[2025-09-07T16:07:33.651+0000] {warnings.py:110} WARNING - /home/***/.local/lib/python3.7/site-packages/sklearn/utils/validation.py:1692: FutureWarning: Feature names only support names that are all strings. Got feature names with dtypes: ['quoted_name', 'str']. An error will be raised in 1.2.
  FutureWarning,

[2025-09-07T16:07:33.671+0000] {warnings.py:110} WARNING - /home/***/.local/lib/python3.7/site-packages/sklearn/utils/validation.py:1692: FutureWarning: Feature names only support names that are all strings. Got feature names with dtypes: ['quoted_name', 'str']. An error will be raised in 1.2.
  FutureWarning,

[2025-09-07T16:07:33.672+0000] {warnings.py:110} WARNING - /home/***/.local/lib/python3.7/site-packages/sklearn/utils/validation.py:1692: FutureWarning: Feature names only support names that are all strings. Got feature names with dtypes: ['quoted_name', 'str']. An error will be raised in 1.2.
  FutureWarning,

[2025-09-07T16:07:33.687+0000] {warnings.py:110} WARNING - /home/***/.local/lib/python3.7/site-packages/sklearn/utils/validation.py:1692: FutureWarning: Feature names only support names that are all strings. Got feature names with dtypes: ['quoted_name', 'str']. An error will be raised in 1.2.
  FutureWarning,

[2025-09-07T16:07:33.688+0000] {warnings.py:110} WARNING - /home/***/.local/lib/python3.7/site-packages/sklearn/utils/validation.py:1692: FutureWarning: Feature names only support names that are all strings. Got feature names with dtypes: ['quoted_name', 'str']. An error will be raised in 1.2.
  FutureWarning,

[2025-09-07T16:07:33.716+0000] {warnings.py:110} WARNING - /home/***/.local/lib/python3.7/site-packages/sklearn/utils/validation.py:1692: FutureWarning: Feature names only support names that are all strings. Got feature names with dtypes: ['quoted_name', 'str']. An error will be raised in 1.2.
  FutureWarning,

[2025-09-07T16:07:33.717+0000] {warnings.py:110} WARNING - /home/***/.local/lib/python3.7/site-packages/sklearn/utils/validation.py:1692: FutureWarning: Feature names only support names that are all strings. Got feature names with dtypes: ['quoted_name', 'str']. An error will be raised in 1.2.
  FutureWarning,

[2025-09-07T16:07:33.732+0000] {logging_mixin.py:149} INFO - Mejor modelo para logistic_regression: {'C': 0.1}
[2025-09-07T16:07:33.732+0000] {warnings.py:110} WARNING - /home/***/.local/lib/python3.7/site-packages/sklearn/utils/validation.py:1692: FutureWarning: Feature names only support names that are all strings. Got feature names with dtypes: ['quoted_name', 'str']. An error will be raised in 1.2.
  FutureWarning,

[2025-09-07T16:07:33.734+0000] {logging_mixin.py:149} INFO -               precision    recall  f1-score   support

           0       1.00      0.97      0.98        31
           1       0.93      1.00      0.96        13
           2       1.00      1.00      1.00        23

    accuracy                           0.99        67
   macro avg       0.98      0.99      0.98        67
weighted avg       0.99      0.99      0.99        67
[2025-09-07T16:07:33.734+0000] {logging_mixin.py:149} INFO - Guardado en: /shared/models/logistic_regression.pkl
[2025-09-07T16:07:33.734+0000] {logging_mixin.py:149} INFO - 
Entrenando modelo: random_forest
[2025-09-07T16:07:33.735+0000] {warnings.py:110} WARNING - /home/***/.local/lib/python3.7/site-packages/sklearn/utils/validation.py:1692: FutureWarning: Feature names only support names that are all strings. Got feature names with dtypes: ['quoted_name', 'str']. An error will be raised in 1.2.
  FutureWarning,

[2025-09-07T16:07:33.752+0000] {warnings.py:110} WARNING - /home/***/.local/lib/python3.7/site-packages/sklearn/utils/validation.py:1692: FutureWarning: Feature names only support names that are all strings. Got feature names with dtypes: ['quoted_name', 'str']. An error will be raised in 1.2.
  FutureWarning,

[2025-09-07T16:07:33.754+0000] {warnings.py:110} WARNING - /home/***/.local/lib/python3.7/site-packages/sklearn/utils/validation.py:1692: FutureWarning: Feature names only support names that are all strings. Got feature names with dtypes: ['quoted_name', 'str']. An error will be raised in 1.2.
  FutureWarning,

[2025-09-07T16:07:33.770+0000] {warnings.py:110} WARNING - /home/***/.local/lib/python3.7/site-packages/sklearn/utils/validation.py:1692: FutureWarning: Feature names only support names that are all strings. Got feature names with dtypes: ['quoted_name', 'str']. An error will be raised in 1.2.
  FutureWarning,

[2025-09-07T16:07:33.771+0000] {warnings.py:110} WARNING - /home/***/.local/lib/python3.7/site-packages/sklearn/utils/validation.py:1692: FutureWarning: Feature names only support names that are all strings. Got feature names with dtypes: ['quoted_name', 'str']. An error will be raised in 1.2.
  FutureWarning,

[2025-09-07T16:07:33.788+0000] {warnings.py:110} WARNING - /home/***/.local/lib/python3.7/site-packages/sklearn/utils/validation.py:1692: FutureWarning: Feature names only support names that are all strings. Got feature names with dtypes: ['quoted_name', 'str']. An error will be raised in 1.2.
  FutureWarning,

[2025-09-07T16:07:33.789+0000] {warnings.py:110} WARNING - /home/***/.local/lib/python3.7/site-packages/sklearn/utils/validation.py:1692: FutureWarning: Feature names only support names that are all strings. Got feature names with dtypes: ['quoted_name', 'str']. An error will be raised in 1.2.
  FutureWarning,

[2025-09-07T16:07:33.820+0000] {warnings.py:110} WARNING - /home/***/.local/lib/python3.7/site-packages/sklearn/utils/validation.py:1692: FutureWarning: Feature names only support names that are all strings. Got feature names with dtypes: ['quoted_name', 'str']. An error will be raised in 1.2.
  FutureWarning,

[2025-09-07T16:07:33.822+0000] {warnings.py:110} WARNING - /home/***/.local/lib/python3.7/site-packages/sklearn/utils/validation.py:1692: FutureWarning: Feature names only support names that are all strings. Got feature names with dtypes: ['quoted_name', 'str']. An error will be raised in 1.2.
  FutureWarning,

[2025-09-07T16:07:33.853+0000] {warnings.py:110} WARNING - /home/***/.local/lib/python3.7/site-packages/sklearn/utils/validation.py:1692: FutureWarning: Feature names only support names that are all strings. Got feature names with dtypes: ['quoted_name', 'str']. An error will be raised in 1.2.
  FutureWarning,

[2025-09-07T16:07:33.856+0000] {warnings.py:110} WARNING - /home/***/.local/lib/python3.7/site-packages/sklearn/utils/validation.py:1692: FutureWarning: Feature names only support names that are all strings. Got feature names with dtypes: ['quoted_name', 'str']. An error will be raised in 1.2.
  FutureWarning,

[2025-09-07T16:07:33.886+0000] {warnings.py:110} WARNING - /home/***/.local/lib/python3.7/site-packages/sklearn/utils/validation.py:1692: FutureWarning: Feature names only support names that are all strings. Got feature names with dtypes: ['quoted_name', 'str']. An error will be raised in 1.2.
  FutureWarning,

[2025-09-07T16:07:33.888+0000] {warnings.py:110} WARNING - /home/***/.local/lib/python3.7/site-packages/sklearn/utils/validation.py:1692: FutureWarning: Feature names only support names that are all strings. Got feature names with dtypes: ['quoted_name', 'str']. An error will be raised in 1.2.
  FutureWarning,

[2025-09-07T16:07:33.904+0000] {logging_mixin.py:149} INFO - Mejor modelo para random_forest: {'n_estimators': 50}
[2025-09-07T16:07:33.904+0000] {warnings.py:110} WARNING - /home/***/.local/lib/python3.7/site-packages/sklearn/utils/validation.py:1692: FutureWarning: Feature names only support names that are all strings. Got feature names with dtypes: ['quoted_name', 'str']. An error will be raised in 1.2.
  FutureWarning,

[2025-09-07T16:07:33.906+0000] {logging_mixin.py:149} INFO -               precision    recall  f1-score   support

           0       1.00      1.00      1.00        31
           1       1.00      1.00      1.00        13
           2       1.00      1.00      1.00        23

    accuracy                           1.00        67
   macro avg       1.00      1.00      1.00        67
weighted avg       1.00      1.00      1.00        67
[2025-09-07T16:07:33.909+0000] {logging_mixin.py:149} INFO - Guardado en: /shared/models/random_forest.pkl
[2025-09-07T16:07:33.909+0000] {logging_mixin.py:149} INFO - 
Entrenando modelo: svc
[2025-09-07T16:07:33.910+0000] {warnings.py:110} WARNING - /home/***/.local/lib/python3.7/site-packages/sklearn/utils/validation.py:1692: FutureWarning: Feature names only support names that are all strings. Got feature names with dtypes: ['quoted_name', 'str']. An error will be raised in 1.2.
  FutureWarning,

[2025-09-07T16:07:34.013+0000] {warnings.py:110} WARNING - /home/***/.local/lib/python3.7/site-packages/sklearn/utils/validation.py:1692: FutureWarning: Feature names only support names that are all strings. Got feature names with dtypes: ['quoted_name', 'str']. An error will be raised in 1.2.
  FutureWarning,

[2025-09-07T16:07:34.014+0000] {warnings.py:110} WARNING - /home/***/.local/lib/python3.7/site-packages/sklearn/utils/validation.py:1692: FutureWarning: Feature names only support names that are all strings. Got feature names with dtypes: ['quoted_name', 'str']. An error will be raised in 1.2.
  FutureWarning,

[2025-09-07T16:07:34.070+0000] {warnings.py:110} WARNING - /home/***/.local/lib/python3.7/site-packages/sklearn/utils/validation.py:1692: FutureWarning: Feature names only support names that are all strings. Got feature names with dtypes: ['quoted_name', 'str']. An error will be raised in 1.2.
  FutureWarning,

[2025-09-07T16:07:34.071+0000] {warnings.py:110} WARNING - /home/***/.local/lib/python3.7/site-packages/sklearn/utils/validation.py:1692: FutureWarning: Feature names only support names that are all strings. Got feature names with dtypes: ['quoted_name', 'str']. An error will be raised in 1.2.
  FutureWarning,

[2025-09-07T16:07:34.310+0000] {warnings.py:110} WARNING - /home/***/.local/lib/python3.7/site-packages/sklearn/utils/validation.py:1692: FutureWarning: Feature names only support names that are all strings. Got feature names with dtypes: ['quoted_name', 'str']. An error will be raised in 1.2.
  FutureWarning,

[2025-09-07T16:07:34.311+0000] {warnings.py:110} WARNING - /home/***/.local/lib/python3.7/site-packages/sklearn/utils/validation.py:1692: FutureWarning: Feature names only support names that are all strings. Got feature names with dtypes: ['quoted_name', 'str']. An error will be raised in 1.2.
  FutureWarning,

[2025-09-07T16:07:34.314+0000] {warnings.py:110} WARNING - /home/***/.local/lib/python3.7/site-packages/sklearn/utils/validation.py:1692: FutureWarning: Feature names only support names that are all strings. Got feature names with dtypes: ['quoted_name', 'str']. An error will be raised in 1.2.
  FutureWarning,

[2025-09-07T16:07:34.315+0000] {warnings.py:110} WARNING - /home/***/.local/lib/python3.7/site-packages/sklearn/utils/validation.py:1692: FutureWarning: Feature names only support names that are all strings. Got feature names with dtypes: ['quoted_name', 'str']. An error will be raised in 1.2.
  FutureWarning,

[2025-09-07T16:07:34.317+0000] {warnings.py:110} WARNING - /home/***/.local/lib/python3.7/site-packages/sklearn/utils/validation.py:1692: FutureWarning: Feature names only support names that are all strings. Got feature names with dtypes: ['quoted_name', 'str']. An error will be raised in 1.2.
  FutureWarning,

[2025-09-07T16:07:34.318+0000] {warnings.py:110} WARNING - /home/***/.local/lib/python3.7/site-packages/sklearn/utils/validation.py:1692: FutureWarning: Feature names only support names that are all strings. Got feature names with dtypes: ['quoted_name', 'str']. An error will be raised in 1.2.
  FutureWarning,

[2025-09-07T16:07:34.321+0000] {warnings.py:110} WARNING - /home/***/.local/lib/python3.7/site-packages/sklearn/utils/validation.py:1692: FutureWarning: Feature names only support names that are all strings. Got feature names with dtypes: ['quoted_name', 'str']. An error will be raised in 1.2.
  FutureWarning,

[2025-09-07T16:07:34.322+0000] {warnings.py:110} WARNING - /home/***/.local/lib/python3.7/site-packages/sklearn/utils/validation.py:1692: FutureWarning: Feature names only support names that are all strings. Got feature names with dtypes: ['quoted_name', 'str']. An error will be raised in 1.2.
  FutureWarning,

[2025-09-07T16:07:34.441+0000] {warnings.py:110} WARNING - /home/***/.local/lib/python3.7/site-packages/sklearn/utils/validation.py:1692: FutureWarning: Feature names only support names that are all strings. Got feature names with dtypes: ['quoted_name', 'str']. An error will be raised in 1.2.
  FutureWarning,

[2025-09-07T16:07:34.442+0000] {warnings.py:110} WARNING - /home/***/.local/lib/python3.7/site-packages/sklearn/utils/validation.py:1692: FutureWarning: Feature names only support names that are all strings. Got feature names with dtypes: ['quoted_name', 'str']. An error will be raised in 1.2.
  FutureWarning,

[2025-09-07T16:07:34.624+0000] {warnings.py:110} WARNING - /home/***/.local/lib/python3.7/site-packages/sklearn/utils/validation.py:1692: FutureWarning: Feature names only support names that are all strings. Got feature names with dtypes: ['quoted_name', 'str']. An error will be raised in 1.2.
  FutureWarning,

[2025-09-07T16:07:34.626+0000] {warnings.py:110} WARNING - /home/***/.local/lib/python3.7/site-packages/sklearn/utils/validation.py:1692: FutureWarning: Feature names only support names that are all strings. Got feature names with dtypes: ['quoted_name', 'str']. An error will be raised in 1.2.
  FutureWarning,

[2025-09-07T16:07:34.744+0000] {warnings.py:110} WARNING - /home/***/.local/lib/python3.7/site-packages/sklearn/utils/validation.py:1692: FutureWarning: Feature names only support names that are all strings. Got feature names with dtypes: ['quoted_name', 'str']. An error will be raised in 1.2.
  FutureWarning,

[2025-09-07T16:07:34.746+0000] {warnings.py:110} WARNING - /home/***/.local/lib/python3.7/site-packages/sklearn/utils/validation.py:1692: FutureWarning: Feature names only support names that are all strings. Got feature names with dtypes: ['quoted_name', 'str']. An error will be raised in 1.2.
  FutureWarning,

[2025-09-07T16:07:34.748+0000] {warnings.py:110} WARNING - /home/***/.local/lib/python3.7/site-packages/sklearn/utils/validation.py:1692: FutureWarning: Feature names only support names that are all strings. Got feature names with dtypes: ['quoted_name', 'str']. An error will be raised in 1.2.
  FutureWarning,

[2025-09-07T16:07:34.749+0000] {warnings.py:110} WARNING - /home/***/.local/lib/python3.7/site-packages/sklearn/utils/validation.py:1692: FutureWarning: Feature names only support names that are all strings. Got feature names with dtypes: ['quoted_name', 'str']. An error will be raised in 1.2.
  FutureWarning,

[2025-09-07T16:07:34.751+0000] {warnings.py:110} WARNING - /home/***/.local/lib/python3.7/site-packages/sklearn/utils/validation.py:1692: FutureWarning: Feature names only support names that are all strings. Got feature names with dtypes: ['quoted_name', 'str']. An error will be raised in 1.2.
  FutureWarning,

[2025-09-07T16:07:34.752+0000] {warnings.py:110} WARNING - /home/***/.local/lib/python3.7/site-packages/sklearn/utils/validation.py:1692: FutureWarning: Feature names only support names that are all strings. Got feature names with dtypes: ['quoted_name', 'str']. An error will be raised in 1.2.
  FutureWarning,

[2025-09-07T16:07:34.753+0000] {warnings.py:110} WARNING - /home/***/.local/lib/python3.7/site-packages/sklearn/utils/validation.py:1692: FutureWarning: Feature names only support names that are all strings. Got feature names with dtypes: ['quoted_name', 'str']. An error will be raised in 1.2.
  FutureWarning,

[2025-09-07T16:07:34.754+0000] {warnings.py:110} WARNING - /home/***/.local/lib/python3.7/site-packages/sklearn/utils/validation.py:1692: FutureWarning: Feature names only support names that are all strings. Got feature names with dtypes: ['quoted_name', 'str']. An error will be raised in 1.2.
  FutureWarning,

[2025-09-07T16:07:34.852+0000] {logging_mixin.py:149} INFO - Mejor modelo para svc: {'C': 0.1, 'kernel': 'linear'}
[2025-09-07T16:07:34.852+0000] {warnings.py:110} WARNING - /home/***/.local/lib/python3.7/site-packages/sklearn/utils/validation.py:1692: FutureWarning: Feature names only support names that are all strings. Got feature names with dtypes: ['quoted_name', 'str']. An error will be raised in 1.2.
  FutureWarning,

[2025-09-07T16:07:34.853+0000] {logging_mixin.py:149} INFO -               precision    recall  f1-score   support

           0       1.00      1.00      1.00        31
           1       1.00      1.00      1.00        13
           2       1.00      1.00      1.00        23

    accuracy                           1.00        67
   macro avg       1.00      1.00      1.00        67
weighted avg       1.00      1.00      1.00        67
[2025-09-07T16:07:34.854+0000] {logging_mixin.py:149} INFO - Guardado en: /shared/models/svc.pkl
[2025-09-07T16:07:34.854+0000] {python.py:183} INFO - Done. Returned value was: None
[2025-09-07T16:07:34.858+0000] {taskinstance.py:1373} INFO - Marking task as SUCCESS. dag_id=penguins_train, task_id=train_penguins_models, execution_date=20250907T160732, start_date=20250907T160733, end_date=20250907T160734
[2025-09-07T16:07:34.898+0000] {local_task_job_runner.py:232} INFO - Task exited with return code 0
[2025-09-07T16:07:34.907+0000] {taskinstance.py:2674} INFO - 0 downstream tasks scheduled from follow-on schedule check
